<?xml version="1.0" encoding="utf-8"?><testsuites name="pytest tests"><testsuite name="pytest" errors="0" failures="0" skipped="0" tests="685" time="52.765" timestamp="2026-03-04T10:55:31.094552+01:00" hostname="Marcs-MacBook-Pro.local"><testcase classname="tests.integration.test_cli_analysis_runner_real" name="test_analysis_runner_outputs_and_stats" time="2.849" /><testcase classname="tests.integration.test_cli_analysis_runner_real" name="test_analysis_runner_verbose_stats_paths" time="0.048" /><testcase classname="tests.integration.test_cli_analysis_runner_real" name="test_analysis_runner_helpers_and_status" time="0.043" /><testcase classname="tests.integration.test_cli_interactive_flow_real" name="test_interactive_flow_real" time="3.039" /><testcase classname="tests.integration.test_cli_interactive_flow_real" name="test_interactive_flow_inprocess_real" time="3.503" /><testcase classname="tests.integration.test_cli_interactive_flow_real" name="test_interactive_flow_inprocess_unknown_and_eof" time="0.281" /><testcase classname="tests.integration.test_cli_interactive_flow_real" name="test_interactive_flow_inprocess_keyboard_interrupt" time="0.240" /><testcase classname="tests.integration.test_core_r2_session_pipeline_and_large_analyzers_real" name="test_r2_session_basic_and_safe_mode" time="0.394" /><testcase classname="tests.integration.test_core_r2_session_pipeline_and_large_analyzers_real" name="test_r2_session_flags_and_fat_macho_detection" time="0.048" /><testcase classname="tests.integration.test_core_r2_session_pipeline_and_large_analyzers_real" name="test_r2_session_analysis_depth_and_timeouts" time="0.207" /><testcase classname="tests.integration.test_core_r2_session_pipeline_and_large_analyzers_real" name="test_pipeline_builder_builds_stages" time="0.084" /><testcase classname="tests.integration.test_core_r2_session_pipeline_and_large_analyzers_real" name="test_large_analyzers_on_pe" time="0.528" /><testcase classname="tests.integration.test_hashing_and_function_analyzers_exhaustive_real" name="test_function_analyzer_real" time="0.318" /><testcase classname="tests.integration.test_hashing_and_function_analyzers_exhaustive_real" name="test_simhash_analyzer_real" time="0.569" /><testcase classname="tests.integration.test_hashing_and_function_analyzers_exhaustive_real" name="test_ssdeep_analyzer_real_and_errors" time="0.044" /><testcase classname="tests.integration.test_hashing_and_function_analyzers_exhaustive_real" name="test_telfhash_analyzer_real" time="0.282" /><testcase classname="tests.integration.test_hashing_and_function_analyzers_exhaustive_real" name="test_tlsh_analyzer_real" time="0.274" /><testcase classname="tests.integration.test_integration_cli_analyze_command_bridge" name="test_analyze_command_init" time="0.043" /><testcase classname="tests.integration.test_integration_cli_analyze_command_bridge" name="test_analyze_command_init_without_context" time="0.043" /><testcase classname="tests.integration.test_integration_cli_analyze_command_bridge" name="test_analyze_command_execute_keyboard_interrupt" time="0.044" /><testcase classname="tests.integration.test_integration_cli_analyze_command_bridge" name="test_analyze_command_execute_error_handling" time="0.043" /><testcase classname="tests.integration.test_integration_cli_analyze_command_bridge" name="test_analyze_command_execute_error_verbose" time="0.046" /><testcase classname="tests.integration.test_integration_cli_analyze_command_bridge" name="test_analyze_command_get_config" time="0.042" /><testcase classname="tests.integration.test_integration_cli_analyze_command_bridge" name="test_analyze_command_get_config_with_path" time="0.042" /><testcase classname="tests.integration.test_integration_cli_analyze_command_bridge" name="test_analyze_command_setup_analysis_options_empty" time="0.042" /><testcase classname="tests.integration.test_integration_cli_analyze_command_bridge" name="test_analyze_command_setup_analysis_options_yara" time="0.042" /><testcase classname="tests.integration.test_integration_cli_analyze_command_bridge" name="test_analyze_command_setup_analysis_options_xor" time="0.041" /><testcase classname="tests.integration.test_integration_cli_analyze_command_bridge" name="test_analyze_command_setup_analysis_options_both" time="0.042" /><testcase classname="tests.integration.test_integration_cli_analyze_command_bridge" name="test_analyze_command_print_status_if_needed_console_output" time="0.042" /><testcase classname="tests.integration.test_integration_cli_analyze_command_bridge" name="test_analyze_command_print_status_if_needed_json" time="0.044" /><testcase classname="tests.integration.test_integration_cli_analyze_command_bridge" name="test_analyze_command_print_status_if_needed_csv" time="0.043" /><testcase classname="tests.integration.test_integration_cli_analyze_command_bridge" name="test_analyze_command_output_results" time="0.043" /><testcase classname="tests.integration.test_integration_cli_analyze_command_bridge" name="test_analyze_command_output_json_results" time="0.044" /><testcase classname="tests.integration.test_integration_cli_analyze_command_bridge" name="test_analyze_command_output_csv_results" time="0.044" /><testcase classname="tests.integration.test_integration_cli_analyze_command_bridge" name="test_analyze_command_output_console_results" time="0.043" /><testcase classname="tests.integration.test_integration_cli_analyze_command_bridge" name="test_analyze_command_output_console_results_verbose" time="0.042" /><testcase classname="tests.integration.test_integration_cli_analyze_command_bridge" name="test_analyze_command_display_verbose_statistics" time="0.043" /><testcase classname="tests.integration.test_integration_cli_analyze_command_bridge" name="test_analyze_command_handle_error_verbose" time="0.043" /><testcase classname="tests.integration.test_integration_cli_analyze_command_bridge" name="test_analyze_command_handle_error_quiet" time="0.044" /><testcase classname="tests.integration.test_integration_cli_analyze_command_bridge" name="test_analyze_command_run_analysis" time="0.042" /><testcase classname="tests.integration.test_integration_cli_analyze_command_bridge" name="test_analyze_command_args_processing" time="0.044" /><testcase classname="tests.integration.test_integration_cli_analyze_command_bridge" name="test_analyze_command_threads_setting" time="0.044" /><testcase classname="tests.integration.test_integration_cli_commands_bridge" name="test_configure_quiet_logging_sets_levels" time="0.041" /><testcase classname="tests.integration.test_integration_cli_commands_bridge" name="test_apply_thread_settings_updates_config" time="0.042" /><testcase classname="tests.integration.test_integration_cli_commands_bridge" name="test_command_context_create_uses_config" time="0.042" /><testcase classname="tests.integration.test_integration_cli_commands_bridge" name="test_command_get_config_falls_back_to_context" time="0.049" /><testcase classname="tests.integration.test_integration_cli_commands_bridge" name="test_command_setup_analysis_options" time="0.047" /><testcase classname="tests.integration.test_integration_cli_commands_bridge" name="test_analyze_command_run_analysis_writes_json" time="0.044" /><testcase classname="tests.integration.test_integration_cli_commands_bridge" name="test_analyze_command_print_status_when_console_output" time="0.044" /><testcase classname="tests.integration.test_integration_cli_commands_bridge" name="test_batch_command_setup_batch_mode_defaults_output" time="0.043" /><testcase classname="tests.integration.test_integration_cli_commands_bridge" name="test_batch_command_setup_analysis_options" time="0.043" /><testcase classname="tests.integration.test_integration_cli_commands_bridge" name="test_config_command_list_yara_rules_missing_dir" time="0.043" /><testcase classname="tests.integration.test_integration_cli_commands_bridge" name="test_config_command_list_yara_rules" time="0.046" /><testcase classname="tests.integration.test_integration_cli_commands_bridge" name="test_config_command_format_file_size" time="0.044" /><testcase classname="tests.integration.test_integration_cli_commands_bridge" name="test_interactive_command_should_exit" time="0.059" /><testcase classname="tests.integration.test_integration_cli_commands_bridge" name="test_interactive_command_execute_known_commands" time="0.058" /><testcase classname="tests.integration.test_integration_cli_commands_bridge" name="test_interactive_command_unknown_command" time="0.046" /><testcase classname="tests.integration.test_integration_cli_commands_bridge" name="test_version_command_outputs_version" time="0.046" /><testcase classname="tests.integration.test_integration_cli_display_metadata_bridge" name="test_ssdeep_unavailable_no_error" time="0.045" /><testcase classname="tests.integration.test_integration_cli_display_metadata_bridge" name="test_ssdeep_unavailable_with_error" time="0.045" /><testcase classname="tests.integration.test_integration_cli_display_metadata_bridge" name="test_tlsh_unavailable_with_error" time="0.044" /><testcase classname="tests.integration.test_integration_cli_display_metadata_bridge" name="test_telfhash_available_is_elf" time="0.044" /><testcase classname="tests.integration.test_integration_cli_display_metadata_bridge" name="test_telfhash_unavailable_with_error" time="0.044" /><testcase classname="tests.integration.test_integration_cli_display_metadata_bridge" name="test_add_telfhash_entries_no_telfhash_value" time="0.042" /><testcase classname="tests.integration.test_integration_cli_display_metadata_bridge" name="test_add_telfhash_entries_many_symbols" time="0.043" /><testcase classname="tests.integration.test_integration_cli_display_metadata_bridge" name="test_impfuzzy_unavailable_with_error_no_library" time="0.043" /><testcase classname="tests.integration.test_integration_cli_display_metadata_bridge" name="test_impfuzzy_unavailable_no_library_no_error" time="0.042" /><testcase classname="tests.integration.test_integration_cli_display_metadata_bridge" name="test_add_impfuzzy_entries_with_hash" time="0.043" /><testcase classname="tests.integration.test_integration_cli_display_metadata_bridge" name="test_add_impfuzzy_entries_many_imports" time="0.043" /><testcase classname="tests.integration.test_integration_cli_display_metadata_bridge" name="test_ccbhash_unavailable_with_error" time="0.042" /><testcase classname="tests.integration.test_integration_cli_display_metadata_bridge" name="test_add_ccbhash_entries_no_similar_functions" time="0.045" /><testcase classname="tests.integration.test_integration_cli_display_metadata_bridge" name="test_display_rich_header_not_present" time="0.041" /><testcase classname="tests.integration.test_integration_cli_display_metadata_bridge" name="test_display_rich_header_available_is_pe" time="0.043" /><testcase classname="tests.integration.test_integration_cli_display_metadata_bridge" name="test_display_rich_header_available_not_pe" time="0.043" /><testcase classname="tests.integration.test_integration_cli_display_metadata_bridge" name="test_display_rich_header_not_available_with_error" time="0.045" /><testcase classname="tests.integration.test_integration_cli_display_metadata_bridge" name="test_add_rich_header_entries_full" time="0.044" /><testcase classname="tests.integration.test_integration_cli_display_metadata_bridge" name="test_add_rich_header_entries_no_optional_fields" time="0.046" /><testcase classname="tests.integration.test_integration_cli_display_metadata_bridge" name="test_add_rich_header_entries_five_or_fewer_compilers" time="0.044" /><testcase classname="tests.integration.test_integration_cli_display_metadata_bridge" name="test_get_base_analyzer_class_import_error" time="0.043" /><testcase classname="tests.integration.test_integration_cli_display_metadata_bridge" name="test_is_base_analyzer_type_error" time="0.047" /><testcase classname="tests.integration.test_integration_cli_display_metadata_bridge" name="test_validate_analyzer_abstract_analyze" time="0.043" /><testcase classname="tests.integration.test_integration_cli_display_metadata_bridge" name="test_validate_analyzer_no_analyze_attribute" time="0.048" /><testcase classname="tests.integration.test_integration_cli_display_metadata_bridge" name="test_register_from_instance_success" time="0.044" /><testcase classname="tests.integration.test_integration_cli_display_metadata_bridge" name="test_register_from_instance_with_overrides" time="0.046" /><testcase classname="tests.integration.test_integration_cli_display_metadata_bridge" name="test_register_from_instance_non_base_analyzer_raises" time="0.046" /><testcase classname="tests.integration.test_integration_cli_display_metadata_bridge" name="test_register_empty_name_raises" time="0.044" /><testcase classname="tests.integration.test_integration_cli_display_metadata_bridge" name="test_resolve_registration_mode_neither_raises" time="0.043" /><testcase classname="tests.integration.test_integration_cli_display_metadata_bridge" name="test_resolve_registration_mode_both_raises" time="0.042" /><testcase classname="tests.integration.test_integration_cli_display_metadata_bridge" name="test_register_lazy_no_category_raises" time="0.043" /><testcase classname="tests.integration.test_integration_cli_display_metadata_bridge" name="test_handle_lazy_registration_none_module_path_raises" time="0.041" /><testcase classname="tests.integration.test_integration_cli_display_metadata_bridge" name="test_lazy_fallback_analyzer_class_success" time="0.042" /><testcase classname="tests.integration.test_integration_cli_display_metadata_bridge" name="test_lazy_fallback_analyzer_class_none_raises" time="0.042" /><testcase classname="tests.integration.test_integration_cli_display_metadata_bridge" name="test_ensure_analyzer_class_none_raises" time="0.042" /><testcase classname="tests.integration.test_integration_cli_display_metadata_bridge" name="test_ensure_category_none_raises" time="0.042" /><testcase classname="tests.integration.test_integration_cli_display_metadata_bridge" name="test_unregister_registered_analyzer" time="0.042" /><testcase classname="tests.integration.test_integration_cli_display_metadata_bridge" name="test_unregister_not_found" time="0.042" /><testcase classname="tests.integration.test_integration_cli_interactive_command_bridge" name="test_execute_success" time="0.043" /><testcase classname="tests.integration.test_integration_cli_interactive_command_bridge" name="test_execute_keyboard_interrupt" time="0.042" /><testcase classname="tests.integration.test_integration_cli_interactive_command_bridge" name="test_execute_exception" time="0.042" /><testcase classname="tests.integration.test_integration_cli_interactive_command_bridge" name="test_run_interactive_mode_quit" time="0.042" /><testcase classname="tests.integration.test_integration_cli_interactive_command_bridge" name="test_run_interactive_mode_empty_command" time="0.042" /><testcase classname="tests.integration.test_integration_cli_interactive_command_bridge" name="test_run_interactive_mode_keyboard_interrupt" time="0.043" /><testcase classname="tests.integration.test_integration_cli_interactive_command_bridge" name="test_run_interactive_mode_eof_error" time="0.043" /><testcase classname="tests.integration.test_integration_cli_interactive_command_bridge" name="test_run_interactive_mode_exception" time="0.042" /><testcase classname="tests.integration.test_integration_cli_interactive_command_bridge" name="test_display_welcome" time="0.043" /><testcase classname="tests.integration.test_integration_cli_interactive_command_bridge" name="test_should_exit" time="0.043" /><testcase classname="tests.integration.test_integration_cli_interactive_command_bridge" name="test_execute_interactive_command_analyze" time="0.042" /><testcase classname="tests.integration.test_integration_cli_interactive_command_bridge" name="test_execute_interactive_command_strings" time="0.043" /><testcase classname="tests.integration.test_integration_cli_interactive_command_bridge" name="test_execute_interactive_command_info" time="0.042" /><testcase classname="tests.integration.test_integration_cli_interactive_command_bridge" name="test_execute_interactive_command_pe" time="0.041" /><testcase classname="tests.integration.test_integration_cli_interactive_command_bridge" name="test_execute_interactive_command_imports" time="0.041" /><testcase classname="tests.integration.test_integration_cli_interactive_command_bridge" name="test_execute_interactive_command_exports" time="0.042" /><testcase classname="tests.integration.test_integration_cli_interactive_command_bridge" name="test_execute_interactive_command_sections" time="0.041" /><testcase classname="tests.integration.test_integration_cli_interactive_command_bridge" name="test_execute_interactive_command_help" time="0.042" /><testcase classname="tests.integration.test_integration_cli_interactive_command_bridge" name="test_execute_interactive_command_unknown" time="0.041" /><testcase classname="tests.integration.test_integration_cli_interactive_command_bridge" name="test_cmd_analyze" time="0.041" /><testcase classname="tests.integration.test_integration_cli_interactive_command_bridge" name="test_cmd_strings" time="0.041" /><testcase classname="tests.integration.test_integration_cli_interactive_command_bridge" name="test_cmd_info" time="0.041" /><testcase classname="tests.integration.test_integration_cli_interactive_command_bridge" name="test_cmd_pe" time="0.041" /><testcase classname="tests.integration.test_integration_cli_interactive_command_bridge" name="test_cmd_imports" time="0.041" /><testcase classname="tests.integration.test_integration_cli_interactive_command_bridge" name="test_cmd_exports" time="0.042" /><testcase classname="tests.integration.test_integration_cli_interactive_command_bridge" name="test_cmd_sections" time="0.041" /><testcase classname="tests.integration.test_integration_cli_interactive_command_bridge" name="test_handle_error_verbose" time="0.045" /><testcase classname="tests.integration.test_integration_cli_interactive_command_bridge" name="test_handle_error_non_verbose" time="0.041" /><testcase classname="tests.integration.test_integration_cli_retry_to_100" name="test_cli_main_validation_list_yara_and_dispatch_paths" time="0.041" /><testcase classname="tests.integration.test_integration_cli_retry_to_100" name="test_cli_main_execute_list_yara_uses_command_and_exit" time="0.040" /><testcase classname="tests.integration.test_integration_cli_retry_to_100" name="test_validators_missing_branches" time="0.042" /><testcase classname="tests.integration.test_integration_cli_retry_to_100" name="test_batch_output_missing_branches" time="0.041" /><testcase classname="tests.integration.test_integration_cli_retry_to_100" name="test_batch_command_run_batch_analysis_import_and_shutdown" time="0.041" /><testcase classname="tests.integration.test_integration_cli_retry_to_100" name="test_analyze_command_execute_and_compat_helpers" time="0.042" /><testcase classname="tests.integration.test_integration_cli_retry_to_100" name="test_retry_manager_missing_branches" time="0.041" /><testcase classname="tests.integration.test_integration_cluster_under90_next_wave" name="test_adapter_requires_instance" time="0.040" /><testcase classname="tests.integration.test_integration_cluster_under90_next_wave" name="test_get_file_info_and_cache" time="0.041" /><testcase classname="tests.integration.test_integration_cluster_under90_next_wave" name="test_get_sections_cached_query" time="0.042" /><testcase classname="tests.integration.test_integration_cluster_under90_next_wave" name="test_read_bytes_converts_hex" time="0.041" /><testcase classname="tests.integration.test_integration_cluster_under90_next_wave" name="test_execute_command_json_and_text" time="0.042" /><testcase classname="tests.integration.test_integration_cluster_under90_next_wave" name="test_adapter_basic_queries" time="0.206" /><testcase classname="tests.integration.test_integration_cluster_under90_next_wave" name="test_adapter_functions_and_read_bytes" time="0.042" /><testcase classname="tests.integration.test_integration_cluster_under90_next_wave" name="test_adapter_execute_command_paths" time="0.041" /><testcase classname="tests.integration.test_integration_cluster_under90_next_wave" name="test_r2pipe_adapter_basic_real_fixture" time="0.190" /><testcase classname="tests.integration.test_integration_cluster_under90_next_wave" name="test_cached_query_invalid_response" time="0.100" /><testcase classname="tests.integration.test_integration_cluster_under90_next_wave.TestR2PipeAdapterInitialization" name="test_init_with_valid_instance" time="0.042" /><testcase classname="tests.integration.test_integration_cluster_under90_next_wave.TestR2PipeAdapterInitialization" name="test_init_with_none_raises_value_error" time="0.042" /><testcase classname="tests.integration.test_integration_cluster_under90_next_wave.TestR2PipeAdapterInitialization" name="test_repr_method" time="0.043" /><testcase classname="tests.integration.test_integration_cluster_under90_next_wave.TestR2PipeAdapterInitialization" name="test_str_method" time="0.043" /><testcase classname="tests.integration.test_integration_cluster_under90_next_wave.TestR2PipeAdapterCommands" name="test_cmd_returns_string" time="0.042" /><testcase classname="tests.integration.test_integration_cluster_under90_next_wave.TestR2PipeAdapterCommands" name="test_cmd_converts_non_string_to_string" time="0.041" /><testcase classname="tests.integration.test_integration_cluster_under90_next_wave.TestR2PipeAdapterCommands" name="test_cmd_with_json_command" time="0.042" /><testcase classname="tests.integration.test_integration_cluster_under90_next_wave.TestR2PipeAdapterCommands" name="test_cmdj_uses_silent_cmdj" time="0.042" /><testcase classname="tests.integration.test_integration_cluster_under90_next_wave.TestR2PipeAdapterCommands" name="test_cmdj_returns_none_on_error" time="0.042" /><testcase classname="tests.integration.test_integration_cluster_under90_next_wave.TestR2PipeAdapterCachedQuery" name="test_cached_query_returns_cached_list" time="0.041" /><testcase classname="tests.integration.test_integration_cluster_under90_next_wave.TestR2PipeAdapterCachedQuery" name="test_cached_query_returns_cached_dict" time="0.042" /><testcase classname="tests.integration.test_integration_cluster_under90_next_wave.TestR2PipeAdapterCachedQuery" name="test_cached_query_list_not_cached_success" time="0.042" /><testcase classname="tests.integration.test_integration_cluster_under90_next_wave.TestR2PipeAdapterCachedQuery" name="test_cached_query_dict_not_cached_success" time="0.043" /><testcase classname="tests.integration.test_integration_cluster_under90_next_wave.TestR2PipeAdapterCachedQuery" name="test_cached_query_invalid_response_returns_default_list" time="0.043" /><testcase classname="tests.integration.test_integration_cluster_under90_next_wave.TestR2PipeAdapterCachedQuery" name="test_cached_query_invalid_response_returns_default_dict" time="0.043" /><testcase classname="tests.integration.test_integration_cluster_under90_next_wave.TestR2PipeAdapterCachedQuery" name="test_cached_query_custom_default_list" time="0.043" /><testcase classname="tests.integration.test_integration_cluster_under90_next_wave.TestR2PipeAdapterCachedQuery" name="test_cached_query_custom_default_dict" time="0.043" /><testcase classname="tests.integration.test_integration_cluster_under90_next_wave.TestR2PipeAdapterCachedQuery" name="test_cached_query_no_cache_parameter" time="0.043" /><testcase classname="tests.integration.test_integration_cluster_under90_next_wave.TestR2PipeAdapterErrorForcing" name="test_maybe_force_error_not_set" time="0.042" /><testcase classname="tests.integration.test_integration_cluster_under90_next_wave.TestR2PipeAdapterErrorForcing" name="test_maybe_force_error_with_value_1" time="0.047" /><testcase classname="tests.integration.test_integration_cluster_under90_next_wave.TestR2PipeAdapterErrorForcing" name="test_maybe_force_error_with_true" time="0.052" /><testcase classname="tests.integration.test_integration_cluster_under90_next_wave.TestR2PipeAdapterErrorForcing" name="test_maybe_force_error_with_all" time="0.042" /><testcase classname="tests.integration.test_integration_cluster_under90_next_wave.TestR2PipeAdapterErrorForcing" name="test_maybe_force_error_with_wildcard" time="0.042" /><testcase classname="tests.integration.test_integration_cluster_under90_next_wave.TestR2PipeAdapterErrorForcing" name="test_maybe_force_error_specific_method" time="0.042" /><testcase classname="tests.integration.test_integration_cluster_under90_next_wave.TestR2PipeAdapterErrorForcing" name="test_maybe_force_error_method_not_in_list" time="0.041" /><testcase classname="tests.integration.test_integration_cluster_under90_next_wave.TestR2PipeAdapterIntegration" name="test_cached_query_called_in_cmd_flow" time="0.042" /><testcase classname="tests.integration.test_integration_cluster_under90_next_wave.TestR2PipeAdapterIntegration" name="test_force_error_in_cached_query" time="0.041" /><testcase classname="tests.integration.test_integration_cluster_under90_next_wave.TestR2PipeAdapterIntegration" name="test_multiple_cached_queries_different_commands" time="0.042" /><testcase classname="tests.integration.test_integration_cluster_under90_next_wave" name="test_r2pipe_adapter_cached_query_reuses_cache" time="0.185" /><testcase classname="tests.integration.test_integration_cluster_under90_next_wave" name="test_r2pipe_adapter_none_instance" time="0.041" /><testcase classname="tests.integration.test_integration_cluster_under90_next_wave" name="test_cmd_returns_non_string" time="0.041" /><testcase classname="tests.integration.test_integration_cluster_under90_next_wave" name="test_cached_query_cache_hit" time="0.045" /><testcase classname="tests.integration.test_integration_cluster_under90_next_wave" name="test_cached_query_cache_disabled" time="0.050" /><testcase classname="tests.integration.test_integration_cluster_under90_next_wave" name="test_cached_query_dict_type" time="0.042" /><testcase classname="tests.integration.test_integration_cluster_under90_next_wave" name="test_cached_query_dict_default" time="0.042" /><testcase classname="tests.integration.test_integration_cluster_under90_next_wave" name="test_cached_query_list_default" time="0.042" /><testcase classname="tests.integration.test_integration_cluster_under90_next_wave" name="test_cached_query_invalid_response_with_error_msg" time="0.042" /><testcase classname="tests.integration.test_integration_cluster_under90_next_wave" name="test_repr_method" time="0.040" /><testcase classname="tests.integration.test_integration_cluster_under90_next_wave" name="test_str_method" time="0.043" /><testcase classname="tests.integration.test_integration_cluster_under90_next_wave" name="test_maybe_force_error_not_set" time="0.042" /><testcase classname="tests.integration.test_integration_cluster_under90_next_wave" name="test_maybe_force_error_set_to_1" time="0.042" /><testcase classname="tests.integration.test_integration_cluster_under90_next_wave" name="test_maybe_force_error_set_to_true" time="0.043" /><testcase classname="tests.integration.test_integration_cluster_under90_next_wave" name="test_maybe_force_error_set_to_yes" time="0.043" /><testcase classname="tests.integration.test_integration_cluster_under90_next_wave" name="test_maybe_force_error_set_to_all" time="0.043" /><testcase classname="tests.integration.test_integration_cluster_under90_next_wave" name="test_maybe_force_error_set_to_asterisk" time="0.043" /><testcase classname="tests.integration.test_integration_cluster_under90_next_wave" name="test_maybe_force_error_specific_method" time="0.043" /><testcase classname="tests.integration.test_integration_cluster_under90_next_wave" name="test_maybe_force_error_whitespace_handling" time="0.043" /><testcase classname="tests.integration.test_integration_cluster_under90_next_wave" name="test_cached_query_forced_error" time="0.044" /><testcase classname="tests.integration.test_integration_cluster_under90_next_wave" name="test_r2pipe_adapter_real_methods" time="0.218" /><testcase classname="tests.integration.test_integration_cluster_under90_next_wave" name="test_cached_query_defaults" time="0.187" /><testcase classname="tests.integration.test_integration_cluster_under90_next_wave" name="test_execute_command_text" time="0.042" /><testcase classname="tests.integration.test_integration_cluster_under90_next_wave" name="test_r2pipe_adapter_edge_cases_real_fixture" time="0.261" /><testcase classname="tests.integration.test_integration_cluster_under90_next_wave" name="test_r2pipe_adapter_init_success" time="0.052" /><testcase classname="tests.integration.test_integration_cluster_under90_next_wave" name="test_r2pipe_adapter_init_none_raises" time="0.048" /><testcase classname="tests.integration.test_integration_cluster_under90_next_wave" name="test_r2pipe_adapter_thread_safe_flag" time="0.046" /><testcase classname="tests.integration.test_integration_cluster_under90_next_wave" name="test_cmd_returns_string" time="0.046" /><testcase classname="tests.integration.test_integration_cluster_under90_next_wave" name="test_cmd_converts_non_string_to_string" time="0.052" /><testcase classname="tests.integration.test_integration_cluster_under90_next_wave" name="test_cmdj_uses_silent_cmdj" time="0.051" /><testcase classname="tests.integration.test_integration_cluster_under90_next_wave" name="test_cmdj_returns_none_on_error" time="0.047" /><testcase classname="tests.integration.test_integration_cluster_under90_next_wave" name="test_cached_query_list_success" time="0.048" /><testcase classname="tests.integration.test_integration_cluster_under90_next_wave" name="test_cached_query_dict_success" time="0.046" /><testcase classname="tests.integration.test_integration_cluster_under90_next_wave" name="test_cached_query_uses_cache" time="0.046" /><testcase classname="tests.integration.test_integration_cluster_under90_next_wave" name="test_cached_query_invalid_response_returns_default_list" time="0.046" /><testcase classname="tests.integration.test_integration_cluster_under90_next_wave" name="test_cached_query_invalid_response_returns_default_dict" time="0.046" /><testcase classname="tests.integration.test_integration_cluster_under90_next_wave" name="test_cached_query_custom_default_list" time="0.048" /><testcase classname="tests.integration.test_integration_cluster_under90_next_wave" name="test_cached_query_custom_default_dict" time="0.047" /><testcase classname="tests.integration.test_integration_cluster_under90_next_wave" name="test_cached_query_logs_error_msg" time="0.047" /><testcase classname="tests.integration.test_integration_cluster_under90_next_wave" name="test_cached_query_no_log_without_error_msg" time="0.047" /><testcase classname="tests.integration.test_integration_cluster_under90_next_wave" name="test_cached_query_caches_valid_response" time="0.047" /><testcase classname="tests.integration.test_integration_cluster_under90_next_wave" name="test_cached_query_does_not_cache_when_disabled" time="0.045" /><testcase classname="tests.integration.test_integration_cluster_under90_next_wave" name="test_maybe_force_error_no_env_var" time="0.045" /><testcase classname="tests.integration.test_integration_cluster_under90_next_wave" name="test_maybe_force_error_env_var_empty" time="0.046" /><testcase classname="tests.integration.test_integration_cluster_under90_next_wave" name="test_maybe_force_error_env_var_true" time="0.044" /><testcase classname="tests.integration.test_integration_cluster_under90_next_wave" name="test_maybe_force_error_env_var_1" time="0.044" /><testcase classname="tests.integration.test_integration_cluster_under90_next_wave" name="test_maybe_force_error_env_var_yes" time="0.045" /><testcase classname="tests.integration.test_integration_cluster_under90_next_wave" name="test_maybe_force_error_env_var_all" time="0.043" /><testcase classname="tests.integration.test_integration_cluster_under90_next_wave" name="test_maybe_force_error_env_var_asterisk" time="0.042" /><testcase classname="tests.integration.test_integration_cluster_under90_next_wave" name="test_maybe_force_error_env_var_specific_method" time="0.044" /><testcase classname="tests.integration.test_integration_cluster_under90_next_wave" name="test_maybe_force_error_env_var_different_method" time="0.043" /><testcase classname="tests.integration.test_integration_cluster_under90_next_wave" name="test_maybe_force_error_env_var_multiple_methods" time="0.042" /><testcase classname="tests.integration.test_integration_cluster_under90_next_wave" name="test_maybe_force_error_env_var_multiple_methods_not_in_list" time="0.042" /><testcase classname="tests.integration.test_integration_cluster_under90_next_wave" name="test_maybe_force_error_env_var_case_insensitive" time="0.043" /><testcase classname="tests.integration.test_integration_cluster_under90_next_wave" name="test_maybe_force_error_env_var_with_spaces" time="0.042" /><testcase classname="tests.integration.test_integration_cluster_under90_next_wave" name="test_repr" time="0.042" /><testcase classname="tests.integration.test_integration_cluster_under90_next_wave" name="test_str" time="0.041" /><testcase classname="tests.integration.test_integration_cluster_under90_next_wave" name="test_cached_query_with_forced_error" time="0.044" /><testcase classname="tests.integration.test_integration_cluster_under90_next_wave" name="test_cached_query_without_forced_error_when_other_method" time="0.043" /><testcase classname="tests.integration.test_integration_cluster_under90_next_wave" name="test_cached_query_returns_list_type" time="0.041" /><testcase classname="tests.integration.test_integration_cluster_under90_next_wave" name="test_cached_query_returns_dict_type" time="0.042" /><testcase classname="tests.integration.test_integration_cluster_under90_next_wave" name="test_cached_query_empty_list_is_invalid" time="0.042" /><testcase classname="tests.integration.test_integration_cluster_under90_next_wave" name="test_cached_query_empty_dict_is_invalid" time="0.042" /><testcase classname="tests.integration.test_integration_cluster_under90_next_wave" name="test_cached_query_validation_failure_returns_default" time="0.042" /><testcase classname="tests.integration.test_integration_cluster_under90_next_wave" name="test_cmd_empty_string" time="0.042" /><testcase classname="tests.integration.test_integration_cluster_under90_next_wave" name="test_cmdj_empty_result" time="0.042" /><testcase classname="tests.integration.test_integration_cluster_under90_next_wave" name="test_cached_query_uses_safe_cmd_list" time="0.042" /><testcase classname="tests.integration.test_integration_cluster_under90_next_wave" name="test_cached_query_uses_safe_cmd_dict" time="0.042" /><testcase classname="tests.integration.test_integration_cluster_under90_next_wave" name="test_force_error_all_methods" time="0.043" /><testcase classname="tests.integration.test_integration_cluster_under90_next_wave" name="test_initialization_logging" time="0.041" /><testcase classname="tests.integration.test_integration_cluster_under90_next_wave" name="test_cache_persistence_across_calls" time="0.041" /><testcase classname="tests.integration.test_integration_cluster_under90_next_wave" name="test_cached_query_with_none_default" time="0.041" /><testcase classname="tests.integration.test_integration_cluster_under90_next_wave" name="test_maybe_force_error_empty_method_list" time="0.041" /><testcase classname="tests.integration.test_integration_cluster_under90_next_wave" name="test_maybe_force_error_whitespace_only" time="0.041" /><testcase classname="tests.integration.test_integration_cluster_under90_next_wave" name="test_cmd_with_complex_output" time="0.041" /><testcase classname="tests.integration.test_integration_cluster_under90_next_wave" name="test_cmdj_with_list_result" time="0.040" /><testcase classname="tests.integration.test_integration_cluster_under90_next_wave" name="test_cmdj_with_dict_result" time="0.041" /><testcase classname="tests.integration.test_integration_cluster_under90_next_wave" name="test_init_success" time="0.042" /><testcase classname="tests.integration.test_integration_cluster_under90_next_wave" name="test_init_none_raises" time="0.041" /><testcase classname="tests.integration.test_integration_cluster_under90_next_wave" name="test_cmd" time="0.041" /><testcase classname="tests.integration.test_integration_cluster_under90_next_wave" name="test_cmd_non_string" time="0.042" /><testcase classname="tests.integration.test_integration_cluster_under90_next_wave" name="test_cmdj" time="0.042" /><testcase classname="tests.integration.test_integration_cluster_under90_next_wave" name="test_cached_query_list_cached" time="0.042" /><testcase classname="tests.integration.test_integration_cluster_under90_next_wave" name="test_cached_query_dict_cached" time="0.043" /><testcase classname="tests.integration.test_integration_cluster_under90_next_wave" name="test_cached_query_list_not_cached" time="0.043" /><testcase classname="tests.integration.test_integration_cluster_under90_next_wave" name="test_cached_query_dict_not_cached" time="0.043" /><testcase classname="tests.integration.test_integration_cluster_under90_next_wave" name="test_cached_query_invalid_response_list" time="0.044" /><testcase classname="tests.integration.test_integration_cluster_under90_next_wave" name="test_cached_query_invalid_response_dict" time="0.043" /><testcase classname="tests.integration.test_integration_cluster_under90_next_wave" name="test_cached_query_no_cache" time="0.043" /><testcase classname="tests.integration.test_integration_cluster_under90_next_wave" name="test_maybe_force_error_all" time="0.043" /><testcase classname="tests.integration.test_integration_cluster_under90_next_wave" name="test_maybe_force_error_different_method" time="0.044" /><testcase classname="tests.integration.test_integration_cluster_under90_next_wave" name="test_thread_safe_attribute" time="0.044" /><testcase classname="tests.integration.test_integration_cluster_under90_next_wave" name="test_build_inspector_dependencies_returns_three_tuple" time="0.055" /><testcase classname="tests.integration.test_integration_cluster_under90_next_wave" name="test_build_inspector_dependencies_adapter_type" time="0.052" /><testcase classname="tests.integration.test_integration_cluster_under90_next_wave" name="test_build_inspector_dependencies_registry_has_analyzers" time="0.051" /><testcase classname="tests.integration.test_integration_cluster_under90_next_wave" name="test_build_inspector_dependencies_pipeline_builder_stores_filename" time="0.053" /><testcase classname="tests.integration.test_integration_cluster_under90_next_wave" name="test_build_inspector_dependencies_pipeline_builder_stores_config" time="0.052" /><testcase classname="tests.integration.test_integration_cluster_under90_next_wave" name="test_create_inspector_nonexistent_file_raises_value_error" time="0.042" /><testcase classname="tests.integration.test_integration_cluster_under90_next_wave" name="test_create_inspector_with_default_config_raises_on_bad_file" time="0.042" /><testcase classname="tests.integration.test_integration_cluster_under90_next_wave" name="test_create_inspector_empty_file_raises_value_error" time="0.043" /><testcase classname="tests.integration.test_integration_cluster_under90_next_wave" name="test_build_kwargs_maps_r2_name" time="0.043" /><testcase classname="tests.integration.test_integration_cluster_under90_next_wave" name="test_build_kwargs_maps_r2pipe_name" time="0.042" /><testcase classname="tests.integration.test_integration_cluster_under90_next_wave" name="test_build_kwargs_maps_r2_instance_name" time="0.042" /><testcase classname="tests.integration.test_integration_cluster_under90_next_wave" name="test_build_kwargs_maps_adapter_name" time="0.042" /><testcase classname="tests.integration.test_integration_cluster_under90_next_wave" name="test_build_kwargs_maps_backend_name" time="0.042" /><testcase classname="tests.integration.test_integration_cluster_under90_next_wave" name="test_build_kwargs_maps_config_name" time="0.042" /><testcase classname="tests.integration.test_integration_cluster_under90_next_wave" name="test_build_kwargs_maps_filename" time="0.044" /><testcase classname="tests.integration.test_integration_cluster_under90_next_wave" name="test_build_kwargs_maps_file_path" time="0.042" /><testcase classname="tests.integration.test_integration_cluster_under90_next_wave" name="test_build_kwargs_maps_filepath" time="0.041" /><testcase classname="tests.integration.test_integration_cluster_under90_next_wave" name="test_build_kwargs_ignores_unknown_param" time="0.041" /><testcase classname="tests.integration.test_integration_cluster_under90_next_wave" name="test_build_kwargs_maps_multiple_params" time="0.042" /><testcase classname="tests.integration.test_integration_cluster_under90_next_wave" name="test_create_analyzer_introspection_all_params" time="0.041" /><testcase classname="tests.integration.test_integration_cluster_under90_next_wave" name="test_create_analyzer_introspection_filename_only" time="0.042" /><testcase classname="tests.integration.test_integration_cluster_under90_next_wave" name="test_create_analyzer_introspection_backend_config" time="0.043" /><testcase classname="tests.integration.test_integration_cluster_under90_next_wave" name="test_create_analyzer_no_args_fallback" time="0.042" /><testcase classname="tests.integration.test_integration_cluster_under90_next_wave" name="test_create_analyzer_backend_from_r2_param" time="0.042" /><testcase classname="tests.integration.test_integration_cluster_under90_next_wave" name="test_create_analyzer_positional_fallback_three_args" time="0.042" /><testcase classname="tests.integration.test_integration_cluster_under90_next_wave" name="test_create_analyzer_positional_fallback_two_args_backend_config" time="0.042" /><testcase classname="tests.integration.test_integration_cluster_under90_next_wave" name="test_create_analyzer_positional_fallback_adapter_filename" time="0.042" /><testcase classname="tests.integration.test_integration_cluster_under90_next_wave" name="test_create_analyzer_adapter_takes_precedence_over_r2" time="0.044" /><testcase classname="tests.integration.test_integration_cluster_under90_next_wave" name="test_create_analyzer_skips_candidates_with_none" time="0.042" /><testcase classname="tests.integration.test_integration_cluster_under90_next_wave" name="test_run_analysis_method_calls_first_available" time="0.041" /><testcase classname="tests.integration.test_integration_cluster_under90_next_wave" name="test_run_analysis_method_falls_through_to_second_method" time="0.042" /><testcase classname="tests.integration.test_integration_cluster_under90_next_wave" name="test_run_analysis_method_returns_error_when_none_available" time="0.042" /><testcase classname="tests.integration.test_integration_cluster_under90_next_wave" name="test_run_analysis_method_uses_first_of_multiple_available" time="0.043" /><testcase classname="tests.integration.test_integration_cluster_under90_next_wave" name="test_run_analysis_method_empty_method_list" time="0.042" /><testcase classname="tests.integration.test_integration_cluster_under90_next_wave" name="test_create_analyzer_kw_and_fallback" time="0.042" /><testcase classname="tests.integration.test_integration_cluster_under90_next_wave" name="test_run_analysis_method" time="0.042" /><testcase classname="tests.integration.test_integration_cluster_under90_next_wave" name="test_create_analyzer_signatures" time="0.041" /><testcase classname="tests.integration.test_integration_cluster_under90_next_wave" name="test_parse_raw_result_json" time="0.041" /><testcase classname="tests.integration.test_integration_cluster_under90_next_wave" name="test_parse_raw_result_text" time="0.042" /><testcase classname="tests.integration.test_integration_cluster_under90_next_wave" name="test_silent_cmdj_returns_default_on_none_instance" time="0.041" /><testcase classname="tests.integration.test_integration_cluster_under90_next_wave" name="test_silent_cmdj_uses_cmdj_result" time="0.041" /><testcase classname="tests.integration.test_integration_cluster_under90_next_wave" name="test_silent_cmdj_falls_back_to_cmd_parse" time="0.041" /><testcase classname="tests.integration.test_integration_cluster_under90_next_wave" name="test_r2pipe_error_suppressor_context_manager_restores_stderr" time="0.041" /><testcase classname="tests.integration.test_integration_cluster_under90_next_wave" name="test_silent_cmdj_returns_default_for_falsy_instance" time="0.041" /><testcase classname="tests.integration.test_integration_cluster_under90_next_wave" name="test_silent_cmdj_returns_none_default_for_falsy_instance" time="0.041" /><testcase classname="tests.integration.test_integration_cluster_under90_next_wave" name="test_silent_cmdj_catches_non_oserror_from_cmdj" time="0.040" /><testcase classname="tests.integration.test_integration_cluster_under90_next_wave" name="test_silent_cmdj_catches_non_oserror_returns_none_default" time="0.041" /><testcase classname="tests.integration.test_integration_cluster_under90_next_wave" name="test_try_cmdj_returns_default_on_oserror" time="0.041" /><testcase classname="tests.integration.test_integration_cluster_under90_next_wave" name="test_try_cmdj_returns_none_default_on_oserror" time="0.041" /><testcase classname="tests.integration.test_integration_cluster_under90_next_wave" name="test_try_cmd_parse_returns_parsed_dict_from_json_cmd_output" time="0.040" /><testcase classname="tests.integration.test_integration_cluster_under90_next_wave" name="test_try_cmd_parse_returns_default_when_cmd_returns_empty" time="0.041" /><testcase classname="tests.integration.test_integration_cluster_under90_next_wave" name="test_try_cmd_parse_returns_default_when_cmd_returns_whitespace_only" time="0.041" /><testcase classname="tests.integration.test_integration_cluster_under90_next_wave" name="test_try_cmd_parse_returns_raw_text_when_not_valid_json" time="0.041" /><testcase classname="tests.integration.test_integration_cluster_under90_next_wave" name="test_try_cmd_parse_returns_default_when_parsed_result_is_none" time="0.043" /><testcase classname="tests.integration.test_integration_cluster_under90_next_wave" name="test_parse_raw_result_valid_json_list" time="0.042" /><testcase classname="tests.integration.test_integration_cluster_under90_next_wave" name="test_parse_raw_result_valid_json_int" time="0.041" /><testcase classname="tests.integration.test_integration_cluster_under90_next_wave" name="test_parse_raw_result_invalid_json_long_text" time="0.041" /><testcase classname="tests.integration.test_integration_cluster_under90_next_wave" name="test_parse_raw_result_invalid_json_short_text_returns_none" time="0.041" /><testcase classname="tests.integration.test_integration_cluster_under90_next_wave" name="test_parse_raw_result_invalid_json_single_char_returns_none" time="0.042" /><testcase classname="tests.integration.test_integration_cluster_under90_next_wave" name="test_parse_raw_result_strips_whitespace_before_returning" time="0.042" /><testcase classname="tests.integration.test_integration_cluster_under90_next_wave" name="test_suppress_r2pipe_errors_yields_and_restores_streams" time="0.043" /><testcase classname="tests.integration.test_integration_cluster_under90_next_wave" name="test_suppress_r2pipe_errors_body_executes_normally" time="0.044" /><testcase classname="tests.integration.test_integration_cluster_under90_next_wave" name="test_r2pipe_error_suppressor_restores_stderr" time="0.043" /><testcase classname="tests.integration.test_integration_cluster_under90_next_wave" name="test_silent_cmdj_with_none_instance_returns_default" time="0.043" /><testcase classname="tests.integration.test_integration_cluster_under90_next_wave" name="test_suppress_r2pipe_errors_context_manager" time="0.043" /><testcase classname="tests.integration.test_integration_cluster_under90_next_wave" name="test_parse_raw_result" time="0.043" /><testcase classname="tests.integration.test_integration_cluster_under90_next_wave" name="test_silent_cmdj_paths" time="0.043" /><testcase classname="tests.integration.test_integration_cluster_under90_next_wave" name="test_context_managers_restore_stderr" time="0.043" /><testcase classname="tests.integration.test_integration_cluster_under90_next_wave" name="test_build_security_score_no_enabled_mitigations" time="0.044" /><testcase classname="tests.integration.test_integration_cluster_under90_next_wave" name="test_build_security_score_with_enabled_mitigations" time="0.043" /><testcase classname="tests.integration.test_integration_cluster_under90_next_wave" name="test_build_security_score_with_aslr_high_entropy" time="0.043" /><testcase classname="tests.integration.test_integration_cluster_under90_next_wave" name="test_build_security_score_high_vulnerability_reduces_score" time="0.043" /><testcase classname="tests.integration.test_integration_cluster_under90_next_wave" name="test_build_security_score_score_clamped_to_zero" time="0.045" /><testcase classname="tests.integration.test_integration_cluster_under90_next_wave" name="test_grade_from_percentage_unknown_when_max_zero" time="0.043" /><testcase classname="tests.integration.test_integration_cluster_under90_next_wave" name="test_grade_from_percentage_a_at_90" time="0.044" /><testcase classname="tests.integration.test_integration_cluster_under90_next_wave" name="test_grade_from_percentage_b_at_80" time="0.043" /><testcase classname="tests.integration.test_integration_cluster_under90_next_wave" name="test_grade_from_percentage_c_at_70" time="0.042" /><testcase classname="tests.integration.test_integration_cluster_under90_next_wave" name="test_grade_from_percentage_d_at_60" time="0.043" /><testcase classname="tests.integration.test_integration_cluster_under90_next_wave" name="test_grade_from_percentage_f_below_60" time="0.042" /><testcase classname="tests.integration.test_integration_cluster_under90_next_wave" name="test_extract_strings_from_entries_none_returns_empty" time="0.044" /><testcase classname="tests.integration.test_integration_cluster_under90_next_wave" name="test_extract_strings_from_entries_empty_list_returns_empty" time="0.044" /><testcase classname="tests.integration.test_integration_cluster_under90_next_wave" name="test_extract_strings_from_entries_filters_by_min_length" time="0.043" /><testcase classname="tests.integration.test_integration_cluster_under90_next_wave" name="test_extract_strings_from_entries_skips_missing_string_key" time="0.043" /><testcase classname="tests.integration.test_integration_cluster_under90_next_wave" name="test_extract_ascii_from_bytes_basic" time="0.043" /><testcase classname="tests.integration.test_integration_cluster_under90_next_wave" name="test_extract_ascii_from_bytes_respects_limit" time="0.044" /><testcase classname="tests.integration.test_integration_cluster_under90_next_wave" name="test_extract_ascii_from_bytes_skips_non_printable" time="0.043" /><testcase classname="tests.integration.test_integration_cluster_under90_next_wave" name="test_extract_ascii_from_bytes_trailing_string" time="0.043" /><testcase classname="tests.integration.test_integration_cluster_under90_next_wave" name="test_extract_ascii_from_bytes_invalid_values_skipped" time="0.042" /><testcase classname="tests.integration.test_integration_cluster_under90_next_wave" name="test_split_null_terminated_basic" time="0.044" /><testcase classname="tests.integration.test_integration_cluster_under90_next_wave" name="test_split_null_terminated_empty_returns_empty" time="0.043" /><testcase classname="tests.integration.test_integration_cluster_under90_next_wave" name="test_split_null_terminated_filters_short_parts" time="0.043" /><testcase classname="tests.integration.test_integration_cluster_under90_next_wave" name="test_split_null_terminated_respects_limit" time="0.043" /><testcase classname="tests.integration.test_integration_cluster_under90_next_wave" name="test_setup_logger_returns_logger" time="0.042" /><testcase classname="tests.integration.test_integration_cluster_under90_next_wave" name="test_get_logger_returns_existing" time="0.043" /><testcase classname="tests.integration.test_integration_cluster_under90_next_wave" name="test_batch_logging_levels_toggle" time="0.042" /><testcase classname="tests.integration.test_integration_cluster_under90_next_wave" name="test_setup_logger_handlers_and_levels" time="0.042" /><testcase classname="tests.integration.test_integration_cluster_under90_next_wave" name="test_configure_and_reset_batch_logging" time="0.042" /><testcase classname="tests.integration.test_integration_cluster_under90_next_wave" name="test_setup_logger_and_levels" time="0.042" /><testcase classname="tests.integration.test_integration_cluster_under90_next_wave" name="test_setup_logger_reinitializes_closed_handlers" time="0.042" /><testcase classname="tests.integration.test_integration_cluster_under90_next_wave" name="test_configure_and_reset_batch_logging_levels" time="0.042" /><testcase classname="tests.integration.test_integration_cluster_under90_next_wave" name="test_setup_logger_thread_safe_true_creates_handlers" time="0.041" /><testcase classname="tests.integration.test_integration_cluster_under90_next_wave" name="test_setup_logger_thread_safe_false_creates_handlers" time="0.041" /><testcase classname="tests.integration.test_integration_cluster_under90_next_wave" name="test_setup_logger_returns_same_logger_when_already_initialized" time="0.046" /><testcase classname="tests.integration.test_integration_cluster_under90_next_wave" name="test_setup_logger_reinitializes_after_closed_handlers" time="0.043" /><testcase classname="tests.integration.test_integration_cluster_under90_next_wave" name="test_get_logger_returns_logging_logger" time="0.042" /><testcase classname="tests.integration.test_integration_cluster_under90_next_wave" name="test_get_logger_default_name" time="0.042" /><testcase classname="tests.integration.test_integration_cluster_under90_next_wave" name="test_configure_batch_logging_sets_warning_level" time="0.042" /><testcase classname="tests.integration.test_integration_cluster_under90_next_wave" name="test_reset_logging_levels_restores_info" time="0.042" /><testcase classname="tests.integration.test_integration_cluster_under90_next_wave" name="test_setup_logger_warning_level" time="0.041" /><testcase classname="tests.integration.test_integration_cluster_under90_next_wave" name="test_setup_logger_error_level" time="0.041" /><testcase classname="tests.integration.test_integration_cluster_under90_next_wave" name="test_logger_thread_safe_false_file_handler" time="0.042" /><testcase classname="tests.integration.test_integration_cluster_under90_next_wave" name="test_handler_is_closed_reinit" time="0.041" /><testcase classname="tests.integration.test_integration_cluster_under90_next_wave" name="test_output_formatter_json_csv_and_summary" time="0.040" /><testcase classname="tests.integration.test_integration_cluster_under90_next_wave" name="test_output_formatter_json_error_and_summary_error" time="0.041" /><testcase classname="tests.integration.test_integration_cluster_under90_next_wave" name="test_output_formatter_tables_and_helpers" time="0.041" /><testcase classname="tests.integration.test_integration_cluster_under90_next_wave" name="test_logger_setup_reinit_and_fallback" time="0.041" /><testcase classname="tests.integration.test_integration_cluster_under90_next_wave" name="test_logger_batch_levels" time="0.041" /><testcase classname="tests.integration.test_integration_cluster_under90_next_wave" name="test_rate_limiter_token_bucket_and_batch" time="0.074" /><testcase classname="tests.integration.test_integration_cluster_under90_next_wave" name="test_adaptive_rate_limiter_adjustments" time="0.145" /><testcase classname="tests.integration.test_integration_cluster_under90_next_wave" name="test_cleanup_memory_returns_stats" time="0.057" /><testcase classname="tests.integration.test_integration_cluster_under90_next_wave" name="test_retry_manager_strategies_and_retry_flow" time="0.041" /><testcase classname="tests.integration.test_integration_cluster_under90_next_wave" name="test_retry_decorator_and_global_helpers" time="0.041" /><testcase classname="tests.integration.test_integration_edge_cases" name="test_edge_fixtures_formats" time="0.738" /><testcase classname="tests.integration.test_integration_edge_cases" name="test_options_disable_outputs" time="0.248" /><testcase classname="tests.integration.test_integration_edge_cases" name="test_config_driven_string_filtering" time="0.244" /><testcase classname="tests.integration.test_integration_edge_cases" name="test_lazy_loader_stats_increase" time="0.052" /><testcase classname="tests.integration.test_integration_inspector" name="test_integration_macho" time="0.277" /><testcase classname="tests.integration.test_integration_inspector" name="test_integration_pe" time="2.168" /><testcase classname="tests.integration.test_integration_inspector" name="test_integration_elf" time="0.215" /><testcase classname="tests.integration.test_integration_phase2_batch_processing_bridge" name="test_setup_rate_limiter_returns_limiter" time="0.042" /><testcase classname="tests.integration.test_integration_phase2_batch_processing_bridge" name="test_setup_rate_limiter_verbose_prints_message" time="0.042" /><testcase classname="tests.integration.test_integration_phase2_batch_processing_bridge" name="test_setup_rate_limiter_high_thread_count_caps_rate" time="0.042" /><testcase classname="tests.integration.test_integration_phase2_batch_processing_bridge" name="test_find_executable_files_by_magic_empty_directory" time="0.043" /><testcase classname="tests.integration.test_integration_phase2_batch_processing_bridge" name="test_find_executable_files_by_magic_verbose_output" time="0.046" /><testcase classname="tests.integration.test_integration_phase2_batch_processing_bridge" name="test_find_executable_files_by_magic_with_magic_none_returns_empty" time="0.042" /><testcase classname="tests.integration.test_integration_phase2_batch_processing_bridge" name="test_find_executable_files_by_magic_init_error_message_non_fatal" time="0.042" /><testcase classname="tests.integration.test_integration_phase2_batch_processing_bridge" name="test_find_files_to_process_auto_detect_not_quiet" time="0.043" /><testcase classname="tests.integration.test_integration_phase2_batch_processing_bridge" name="test_find_files_to_process_extensions_not_quiet" time="0.042" /><testcase classname="tests.integration.test_integration_phase2_batch_processing_bridge" name="test_find_files_to_process_no_extensions_returns_empty" time="0.042" /><testcase classname="tests.integration.test_integration_phase2_batch_processing_bridge" name="test_find_files_to_process_auto_detect_quiet" time="0.042" /><testcase classname="tests.integration.test_integration_phase2_batch_processing_bridge" name="test_setup_batch_mode_no_extensions_no_output" time="0.041" /><testcase classname="tests.integration.test_integration_phase2_batch_processing_bridge" name="test_setup_batch_mode_with_output_json" time="0.041" /><testcase classname="tests.integration.test_integration_phase2_batch_processing_bridge" name="test_setup_batch_mode_with_extensions_specified" time="0.042" /><testcase classname="tests.integration.test_integration_phase2_batch_processing_bridge" name="test_setup_single_file_output_json" time="0.042" /><testcase classname="tests.integration.test_integration_phase2_batch_processing_bridge" name="test_setup_single_file_output_csv" time="0.042" /><testcase classname="tests.integration.test_integration_phase2_batch_processing_bridge" name="test_setup_single_file_output_with_output_already_set" time="0.043" /><testcase classname="tests.integration.test_integration_phase2_batch_processing_bridge" name="test_setup_single_file_output_no_formats" time="0.043" /><testcase classname="tests.integration.test_integration_phase2_batch_processing_bridge" name="test_setup_analysis_options_with_yara_and_xor" time="0.066" /><testcase classname="tests.integration.test_integration_phase2_batch_processing_bridge" name="test_setup_analysis_options_all_none" time="0.045" /><testcase classname="tests.integration.test_integration_phase2_batch_processing_bridge" name="test_display_rate_limiter_stats_outputs_stats" time="0.046" /><testcase classname="tests.integration.test_integration_phase2_batch_processing_bridge" name="test_display_rate_limiter_stats_empty_dict" time="0.046" /><testcase classname="tests.integration.test_integration_phase2_batch_processing_bridge" name="test_display_memory_stats_does_not_raise" time="0.045" /><testcase classname="tests.integration.test_integration_phase2_batch_processing_bridge" name="test_display_failed_files_verbose_shows_errors" time="0.046" /><testcase classname="tests.integration.test_integration_phase2_batch_processing_bridge" name="test_display_failed_files_not_verbose_shows_hint" time="0.045" /><testcase classname="tests.integration.test_integration_phase2_batch_processing_bridge" name="test_display_failed_files_more_than_ten_truncated" time="0.047" /><testcase classname="tests.integration.test_integration_phase2_batch_processing_bridge" name="test_display_failed_files_long_error_truncated" time="0.045" /><testcase classname="tests.integration.test_integration_phase2_batch_processing_bridge" name="test_display_no_files_message_auto_detect" time="0.046" /><testcase classname="tests.integration.test_integration_phase2_batch_processing_bridge" name="test_display_no_files_message_extensions" time="0.046" /><testcase classname="tests.integration.test_integration_phase2_batch_processing_bridge" name="test_handle_main_error_not_verbose_exits" time="0.045" /><testcase classname="tests.integration.test_integration_phase2_batch_processing_bridge" name="test_handle_main_error_verbose_exits_with_traceback" time="0.045" /><testcase classname="tests.integration.test_integration_phase2_batch_processing_bridge" name="test_setup_batch_output_directory_creates_named_directory" time="0.045" /><testcase classname="tests.integration.test_integration_phase2_batch_processing_bridge" name="test_setup_batch_output_directory_csv_filename_creates_parent" time="0.046" /><testcase classname="tests.integration.test_integration_phase2_batch_processing_bridge" name="test_setup_batch_output_directory_json_filename_creates_parent" time="0.045" /><testcase classname="tests.integration.test_integration_phase2_batch_processing_bridge" name="test_setup_batch_output_directory_existing_directory" time="0.045" /><testcase classname="tests.integration.test_integration_phase2_batch_processing_bridge" name="test_setup_batch_output_directory_none_with_json" time="0.045" /><testcase classname="tests.integration.test_integration_phase2_batch_processing_bridge" name="test_setup_batch_output_directory_none_with_csv" time="0.045" /><testcase classname="tests.integration.test_integration_phase2_batch_processing_bridge" name="test_setup_batch_output_directory_none_no_formats" time="0.045" /><testcase classname="tests.integration.test_integration_phase2_batch_processing_bridge" name="test_safe_exit_raises_system_exit_in_test_mode" time="0.045" /><testcase classname="tests.integration.test_integration_phase2_batch_processing_bridge" name="test_ensure_batch_shutdown_no_lingering_threads" time="0.045" /><testcase classname="tests.integration.test_integration_phase2_batch_processing_bridge" name="test_ensure_batch_shutdown_waits_for_joinable_thread" time="0.058" /><testcase classname="tests.integration.test_integration_phase2_batch_processing_bridge" name="test_ensure_batch_shutdown_forces_exit_on_timeout" time="0.099" /><testcase classname="tests.integration.test_integration_phase2_batch_processing_bridge" name="test_schedule_forced_exit_disabled_by_env" time="0.043" /><testcase classname="tests.integration.test_integration_phase2_batch_processing_bridge" name="test_schedule_forced_exit_schedules_daemon_timer" time="0.194" /><testcase classname="tests.integration.test_integration_phase2_batch_processing_bridge" name="test_flush_coverage_data_import_error_returns_silently" time="0.042" /><testcase classname="tests.integration.test_integration_phase2_batch_processing_bridge" name="test_flush_coverage_data_current_error_returns_silently" time="0.043" /><testcase classname="tests.integration.test_integration_phase2_batch_processing_bridge" name="test_flush_coverage_data_none_cov_returns_silently" time="0.042" /><testcase classname="tests.integration.test_integration_phase2_batch_processing_bridge" name="test_flush_coverage_data_save_error_returns_silently" time="0.044" /><testcase classname="tests.integration.test_integration_phase2_batch_processing_bridge" name="test_flush_coverage_data_dummy_saves_in_pytest_mode" time="0.044" /><testcase classname="tests.integration.test_integration_phase2_batch_processing_bridge" name="test_flush_coverage_data_real_coverage_current_then_discard" time="0.042" /><testcase classname="tests.integration.test_integration_phase2_batch_processing_bridge" name="test_pytest_running_detects_test_mode_env" time="0.042" /><testcase classname="tests.integration.test_integration_phase2_batch_processing_bridge" name="test_pytest_running_detects_safe_exit_env" time="0.043" /><testcase classname="tests.integration.test_integration_phase2_batch_processing_bridge" name="test_pytest_running_detects_pytest_current_test" time="0.043" /><testcase classname="tests.integration.test_integration_phase2_batch_processing_bridge" name="test_pytest_running_detects_coverage_env_prefix" time="0.042" /><testcase classname="tests.integration.test_integration_phase2_batch_processing_bridge" name="test_pytest_running_detects_pytest_in_argv" time="0.044" /><testcase classname="tests.integration.test_integration_phase2_batch_processing_bridge" name="test_pytest_running_detects_pytest_in_modules" time="0.044" /><testcase classname="tests.integration.test_integration_phase2_batch_processing_bridge" name="test_pytest_running_falls_through_to_modules_check" time="0.043" /><testcase classname="tests.integration.test_integration_phase2_batch_processing_bridge" name="test_pytest_running_coverage_env_prefix_reached" time="0.043" /><testcase classname="tests.integration.test_integration_phase2_batch_processing_bridge" name="test_pytest_running_pytest_in_argv_reached" time="0.044" /><testcase classname="tests.integration.test_integration_phase2_batch_processing_bridge" name="test_display_batch_results_success_only" time="0.043" /><testcase classname="tests.integration.test_integration_phase2_batch_processing_bridge" name="test_display_batch_results_with_output_filename" time="0.044" /><testcase classname="tests.integration.test_integration_phase2_batch_processing_bridge" name="test_display_batch_results_verbose_shows_rate_stats" time="0.046" /><testcase classname="tests.integration.test_integration_phase2_batch_processing_bridge" name="test_display_batch_results_with_failed_files" time="0.043" /><testcase classname="tests.integration.test_integration_phase2_batch_processing_bridge" name="test_run_batch_analysis_with_extensions_and_no_files" time="0.044" /><testcase classname="tests.integration.test_integration_phase2_batch_processing_bridge" name="test_run_batch_analysis_auto_detect_empty_directory" time="0.045" /><testcase classname="tests.integration.test_integration_phase2_batch_processing_bridge" name="test_run_batch_analysis_quiet_false_no_files" time="0.044" /><testcase classname="tests.integration.test_integration_phase2_batch_processing_bridge" name="test_run_batch_analysis_with_files_triggers_display_and_logging" time="2.322" /><testcase classname="tests.integration.test_integration_phase2_batch_processing_bridge" name="test_run_batch_analysis_quiet_mode_with_files" time="2.246" /><testcase classname="tests.integration.test_integration_phase2_batch_processing_bridge" name="test_find_executable_files_by_magic_init_error_branch" time="0.043" /><testcase classname="tests.integration.test_integration_phase2_batch_processing_bridge" name="test_find_executable_files_by_magic_file_errors_verbose" time="0.042" /><testcase classname="tests.integration.test_integration_phase2_batch_processing_bridge" name="test_ensure_batch_shutdown_deadline_already_exceeded" time="0.041" /><testcase classname="tests.integration.test_integration_phase2_binbloom_bridge" name="test_binbloom_library_availability" time="0.041" /><testcase classname="tests.integration.test_integration_phase2_binbloom_bridge" name="test_binbloom_analyzer_initialization" time="0.042" /><testcase classname="tests.integration.test_integration_phase2_binbloom_bridge" name="test_binbloom_no_functions" time="0.041" /><testcase classname="tests.integration.test_integration_phase2_binbloom_bridge" name="test_binbloom_basic_analysis" time="0.041" /><testcase classname="tests.integration.test_integration_phase2_binbloom_bridge" name="test_binbloom_extract_functions" time="0.041" /><testcase classname="tests.integration.test_integration_phase2_binbloom_bridge" name="test_binbloom_extract_mnemonics" time="0.041" /><testcase classname="tests.integration.test_integration_phase2_binbloom_bridge" name="test_binbloom_normalize_mnemonic" time="0.040" /><testcase classname="tests.integration.test_integration_phase2_binbloom_bridge" name="test_binbloom_bloom_to_signature" time="0.041" /><testcase classname="tests.integration.test_integration_phase2_binbloom_bridge" name="test_binbloom_generate_ngrams" time="0.040" /><testcase classname="tests.integration.test_integration_phase2_binbloom_bridge" name="test_binbloom_compare_bloom_filters" time="0.041" /><testcase classname="tests.integration.test_integration_phase2_binbloom_bridge" name="test_binbloom_serialize_deserialize" time="0.042" /><testcase classname="tests.integration.test_integration_phase2_binbloom_bridge" name="test_binbloom_deserialize_invalid" time="0.042" /><testcase classname="tests.integration.test_integration_phase2_binbloom_bridge" name="test_binbloom_calculate_from_file_no_pybloom" time="0.095" /><testcase classname="tests.integration.test_integration_phase2_binbloom_bridge" name="test_binbloom_find_similar_functions" time="0.042" /><testcase classname="tests.integration.test_integration_phase2_binbloom_bridge" name="test_binbloom_html_entity_cleanup" time="0.041" /><testcase classname="tests.integration.test_integration_phase2_binbloom_bridge" name="test_binbloom_unique_signatures" time="0.042" /><testcase classname="tests.integration.test_integration_phase2_binbloom_bridge" name="test_binbloom_empty_instructions" time="0.040" /><testcase classname="tests.integration.test_integration_phase2_binbloom_bridge" name="test_binbloom_build_frequency_patterns" time="0.041" /><testcase classname="tests.integration.test_integration_phase2_binbloom_bridge" name="test_binbloom_build_unique_bigrams" time="0.042" /><testcase classname="tests.integration.test_integration_phase2_binbloom_bridge" name="test_binbloom_with_real_binary" time="0.862" /><testcase classname="tests.integration.test_integration_phase2_entry_points_bridge" name="test_load_returns_zero_when_no_entry_points_for_group" time="0.063" /><testcase classname="tests.integration.test_integration_phase2_entry_points_bridge" name="test_get_entry_points_group_returns_list" time="0.062" /><testcase classname="tests.integration.test_integration_phase2_entry_points_bridge" name="test_handle_entry_point_with_callable_returns_one" time="0.042" /><testcase classname="tests.integration.test_integration_phase2_entry_points_bridge" name="test_handle_entry_point_with_failing_load_returns_zero" time="0.043" /><testcase classname="tests.integration.test_integration_phase2_entry_points_bridge" name="test_handle_entry_point_with_non_callable_non_class_returns_zero" time="0.042" /><testcase classname="tests.integration.test_integration_phase2_entry_points_bridge" name="test_handle_entry_point_with_class_returns_one" time="0.043" /><testcase classname="tests.integration.test_integration_phase2_entry_points_bridge" name="test_register_entry_point_callable_success" time="0.042" /><testcase classname="tests.integration.test_integration_phase2_entry_points_bridge" name="test_register_entry_point_callable_failure_returns_zero" time="0.043" /><testcase classname="tests.integration.test_integration_phase2_entry_points_bridge" name="test_register_entry_point_class_success_base_analyzer" time="0.042" /><testcase classname="tests.integration.test_integration_phase2_entry_points_bridge" name="test_register_entry_point_class_plain_class_uses_ep_name" time="0.041" /><testcase classname="tests.integration.test_integration_phase2_entry_points_bridge" name="test_register_entry_point_class_failure_returns_zero" time="0.042" /><testcase classname="tests.integration.test_integration_phase2_entry_points_bridge" name="test_derive_entry_point_name_uses_metadata_for_base_analyzer" time="0.041" /><testcase classname="tests.integration.test_integration_phase2_entry_points_bridge" name="test_derive_entry_point_name_uses_ep_name_for_non_base_analyzer" time="0.042" /><testcase classname="tests.integration.test_integration_phase2_entry_points_bridge" name="test_load_with_injected_entry_points_processes_all" time="0.041" /><testcase classname="tests.integration.test_integration_phase2_function_bridge" name="test_analyze_functions_returns_error_when_no_functions" time="0.041" /><testcase classname="tests.integration.test_integration_phase2_function_bridge" name="test_analyze_functions_returns_results_with_functions" time="0.041" /><testcase classname="tests.integration.test_integration_phase2_function_bridge" name="test_analyze_functions_exception_in_get_functions" time="0.050" /><testcase classname="tests.integration.test_integration_phase2_function_bridge" name="test_get_functions_triggers_full_analysis_when_no_functions" time="0.045" /><testcase classname="tests.integration.test_integration_phase2_function_bridge" name="test_get_functions_triggers_aa_when_not_full_analysis" time="0.042" /><testcase classname="tests.integration.test_integration_phase2_function_bridge" name="test_get_functions_returns_cached" time="0.043" /><testcase classname="tests.integration.test_integration_phase2_function_bridge" name="test_get_functions_exception_returns_empty" time="0.044" /><testcase classname="tests.integration.test_integration_phase2_function_bridge" name="test_get_file_size_mb_nonexistent_file" time="0.043" /><testcase classname="tests.integration.test_integration_phase2_function_bridge" name="test_get_file_size_mb_no_filename" time="0.043" /><testcase classname="tests.integration.test_integration_phase2_function_bridge" name="test_get_file_size_mb_real_file" time="0.043" /><testcase classname="tests.integration.test_integration_phase2_function_bridge" name="test_should_run_full_analysis_deep_analysis_config" time="0.042" /><testcase classname="tests.integration.test_integration_phase2_function_bridge" name="test_should_run_full_analysis_no_deep_analysis_small_file" time="0.043" /><testcase classname="tests.integration.test_integration_phase2_function_bridge" name="test_should_run_full_analysis_no_file_size" time="0.044" /><testcase classname="tests.integration.test_integration_phase2_function_bridge" name="test_should_run_full_analysis_large_file" time="0.043" /><testcase classname="tests.integration.test_integration_phase2_function_bridge" name="test_should_run_full_analysis_config_exception" time="0.042" /><testcase classname="tests.integration.test_integration_phase2_function_bridge" name="test_generate_machoc_hashes_returns_empty_when_result_is_none" time="0.041" /><testcase classname="tests.integration.test_integration_phase2_function_bridge" name="test_generate_machoc_hashes_increments_failed_on_exception" time="0.041" /><testcase classname="tests.integration.test_integration_phase2_function_bridge" name="test_generate_machoc_hashes_with_valid_functions" time="0.041" /><testcase classname="tests.integration.test_integration_phase2_function_bridge" name="test_process_single_function_hash_no_addr" time="0.041" /><testcase classname="tests.integration.test_integration_phase2_function_bridge" name="test_process_single_function_hash_no_mnemonics" time="0.041" /><testcase classname="tests.integration.test_integration_phase2_function_bridge" name="test_process_single_function_hash_empty_machoc" time="0.041" /><testcase classname="tests.integration.test_integration_phase2_function_bridge" name="test_process_single_function_hash_success" time="0.042" /><testcase classname="tests.integration.test_integration_phase2_function_bridge" name="test_extract_function_mnemonics_falls_through_to_pdj" time="0.040" /><testcase classname="tests.integration.test_integration_phase2_function_bridge" name="test_extract_function_mnemonics_falls_through_to_basic_pdj" time="0.041" /><testcase classname="tests.integration.test_integration_phase2_function_bridge" name="test_extract_function_mnemonics_falls_through_to_pi" time="0.041" /><testcase classname="tests.integration.test_integration_phase2_function_bridge" name="test_extract_function_mnemonics_all_empty" time="0.041" /><testcase classname="tests.integration.test_integration_phase2_function_bridge" name="test_try_pdfj_extraction_with_disasm_dict" time="0.040" /><testcase classname="tests.integration.test_integration_phase2_function_bridge" name="test_try_pdfj_extraction_exception_returns_empty" time="0.040" /><testcase classname="tests.integration.test_integration_phase2_function_bridge" name="test_try_pdfj_extraction_adapter_none" time="0.041" /><testcase classname="tests.integration.test_integration_phase2_function_bridge" name="test_try_pdj_extraction_with_list" time="0.040" /><testcase classname="tests.integration.test_integration_phase2_function_bridge" name="test_try_pdj_extraction_exception_returns_empty" time="0.041" /><testcase classname="tests.integration.test_integration_phase2_function_bridge" name="test_try_pdj_extraction_returns_empty_list" time="0.040" /><testcase classname="tests.integration.test_integration_phase2_function_bridge" name="test_try_basic_pdj_extraction_with_list" time="0.041" /><testcase classname="tests.integration.test_integration_phase2_function_bridge" name="test_try_basic_pdj_extraction_exception_returns_empty" time="0.040" /><testcase classname="tests.integration.test_integration_phase2_function_bridge" name="test_try_basic_pdj_extraction_no_adapter_get_disasm" time="0.039" /><testcase classname="tests.integration.test_integration_phase2_function_bridge" name="test_try_pi_extraction_with_text" time="0.040" /><testcase classname="tests.integration.test_integration_phase2_function_bridge" name="test_try_pi_extraction_exception_returns_empty" time="0.042" /><testcase classname="tests.integration.test_integration_phase2_function_bridge" name="test_try_pi_extraction_empty_text" time="0.041" /><testcase classname="tests.integration.test_integration_phase2_function_bridge" name="test_try_pi_extraction_no_disasm_text" time="0.041" /><testcase classname="tests.integration.test_integration_phase2_function_bridge" name="test_generate_function_stats_empty" time="0.040" /><testcase classname="tests.integration.test_integration_phase2_function_bridge" name="test_generate_function_stats_with_functions" time="0.040" /><testcase classname="tests.integration.test_integration_phase2_function_bridge" name="test_generate_function_stats_no_size" time="0.042" /><testcase classname="tests.integration.test_integration_phase2_function_bridge" name="test_generate_function_stats_exception_returns_error" time="0.041" /><testcase classname="tests.integration.test_integration_phase2_function_bridge" name="test_get_function_similarity_no_duplicates" time="0.040" /><testcase classname="tests.integration.test_integr
[...]
tests.integration.test_integration_phase2_function_bridge" name="test_classify_function_type_unknown" time="0.041" /><testcase classname="tests.integration.test_integration_phase2_function_bridge" name="test_classify_function_type_exception" time="0.040" /><testcase classname="tests.integration.test_integration_phase2_function_bridge" name="test_calculate_std_dev_single_value" time="0.041" /><testcase classname="tests.integration.test_integration_phase2_function_bridge" name="test_calculate_std_dev_two_equal_values" time="0.041" /><testcase classname="tests.integration.test_integration_phase2_function_bridge" name="test_calculate_std_dev_multiple_values" time="0.041" /><testcase classname="tests.integration.test_integration_phase2_function_bridge" name="test_calculate_std_dev_empty" time="0.040" /><testcase classname="tests.integration.test_integration_phase2_function_bridge" name="test_analyze_function_coverage_empty" time="0.040" /><testcase classname="tests.integration.test_integration_phase2_function_bridge" name="test_analyze_function_coverage_with_data" time="0.041" /><testcase classname="tests.integration.test_integration_phase2_function_bridge" name="test_analyze_function_coverage_exception" time="0.040" /><testcase classname="tests.integration.test_integration_phase2_function_bridge" name="test_extract_mnemonics_from_ops_with_opcodes" time="0.040" /><testcase classname="tests.integration.test_integration_phase2_function_bridge" name="test_process_single_function_hash_machoc_returns_none" time="0.040" /><testcase classname="tests.integration.test_integration_phase2_function_bridge" name="test_get_function_similarity_exception_path" time="0.041" /><testcase classname="tests.integration.test_integration_phase2_function_bridge" name="test_classify_function_type_exception_path" time="0.040" /><testcase classname="tests.integration.test_integration_phase2_function_bridge" name="test_calculate_std_dev_exception_path" time="0.040" /><testcase classname="tests.integration.test_integration_phase2_main_bridge" name="test_main_function_returns_exit_code" time="0.042" /><testcase classname="tests.integration.test_integration_phase2_main_bridge" name="test_main_function_handles_system_exit_with_code" time="0.041" /><testcase classname="tests.integration.test_integration_phase2_main_bridge" name="test_analysis_result_base_raises_for_negative_execution_time" time="0.041" /><testcase classname="tests.integration.test_integration_phase2_main_bridge" name="test_analysis_result_base_accepts_zero_execution_time" time="0.041" /><testcase classname="tests.integration.test_integration_phase2_main_bridge" name="test_analysis_result_base_normalizes_analyzer_name_to_lowercase" time="0.040" /><testcase classname="tests.integration.test_integration_phase2_resource_analysis_bridge" name="test_run_resource_analysis_basic" time="0.040" /><testcase classname="tests.integration.test_integration_phase2_resource_analysis_bridge" name="test_run_resource_analysis_with_resources" time="0.040" /><testcase classname="tests.integration.test_integration_phase2_resource_analysis_bridge" name="test_run_resource_analysis_no_resources" time="0.041" /><testcase classname="tests.integration.test_integration_phase2_resource_analysis_bridge" name="test_run_resource_analysis_none_resources" time="0.041" /><testcase classname="tests.integration.test_integration_phase2_resource_analysis_bridge" name="test_run_resource_analysis_exception" time="0.040" /><testcase classname="tests.integration.test_integration_phase2_rich_header_bridge" name="test_rich_header_init_with_r2_instance" time="0.040" /><testcase classname="tests.integration.test_integration_phase2_rich_header_bridge" name="test_rich_header_init_with_adapter" time="0.041" /><testcase classname="tests.integration.test_integration_phase2_rich_header_bridge" name="test_rich_header_init_with_none_adapter" time="0.040" /><testcase classname="tests.integration.test_integration_phase2_rich_header_bridge" name="test_rich_header_analyze_non_pe_file" time="0.042" /><testcase classname="tests.integration.test_integration_phase2_rich_header_bridge" name="test_rich_header_analyze_pe_no_rich_header" time="0.069" /><testcase classname="tests.integration.test_integration_phase2_rich_header_bridge" name="test_rich_header_analyze_with_rich_header" time="0.068" /><testcase classname="tests.integration.test_integration_phase2_rich_header_bridge" name="test_rich_header_check_magic_bytes_mz" time="0.043" /><testcase classname="tests.integration.test_integration_phase2_rich_header_bridge" name="test_rich_header_check_magic_bytes_no_mz" time="0.044" /><testcase classname="tests.integration.test_integration_phase2_rich_header_bridge" name="test_rich_header_check_magic_bytes_no_filepath" time="0.046" /><testcase classname="tests.integration.test_integration_phase2_rich_header_bridge" name="test_rich_header_check_magic_bytes_file_error" time="0.041" /><testcase classname="tests.integration.test_integration_phase2_rich_header_bridge" name="test_rich_header_bin_info_has_pe_format" time="0.040" /><testcase classname="tests.integration.test_integration_phase2_rich_header_bridge" name="test_rich_header_bin_info_has_pe_class" time="0.040" /><testcase classname="tests.integration.test_integration_phase2_rich_header_bridge" name="test_rich_header_bin_info_no_pe" time="0.040" /><testcase classname="tests.integration.test_integration_phase2_rich_header_bridge" name="test_rich_header_is_pe_file_no_r2" time="0.040" /><testcase classname="tests.integration.test_integration_phase2_rich_header_bridge" name="test_rich_header_extract_offsets_valid" time="0.040" /><testcase classname="tests.integration.test_integration_phase2_rich_header_bridge" name="test_rich_header_extract_offsets_none" time="0.039" /><testcase classname="tests.integration.test_integration_phase2_rich_header_bridge" name="test_rich_header_extract_offsets_missing" time="0.040" /><testcase classname="tests.integration.test_integration_phase2_rich_header_bridge" name="test_rich_header_offsets_valid_success" time="0.040" /><testcase classname="tests.integration.test_integration_phase2_rich_header_bridge" name="test_rich_header_offsets_valid_reversed" time="0.044" /><testcase classname="tests.integration.test_integration_phase2_rich_header_bridge" name="test_rich_header_offsets_valid_too_far" time="0.041" /><testcase classname="tests.integration.test_integration_phase2_rich_header_bridge" name="test_rich_header_read_file_bytes_none_filepath" time="0.041" /><testcase classname="tests.integration.test_integration_phase2_rich_header_bridge" name="test_rich_header_read_file_bytes_error" time="0.041" /><testcase classname="tests.integration.test_integration_phase2_rich_header_bridge" name="test_rich_header_is_valid_pe_data_too_small" time="0.040" /><testcase classname="tests.integration.test_integration_phase2_rich_header_bridge" name="test_rich_header_is_valid_pe_data_no_mz" time="0.041" /><testcase classname="tests.integration.test_integration_phase2_rich_header_bridge" name="test_rich_header_is_valid_pe_data_valid" time="0.041" /><testcase classname="tests.integration.test_integration_phase2_rich_header_bridge" name="test_rich_header_get_pe_offset_out_of_bounds" time="0.041" /><testcase classname="tests.integration.test_integration_phase2_rich_header_bridge" name="test_rich_header_get_pe_offset_valid" time="0.040" /><testcase classname="tests.integration.test_integration_phase2_rich_header_bridge" name="test_rich_header_get_dos_stub_pe_too_early" time="0.040" /><testcase classname="tests.integration.test_integration_phase2_rich_header_bridge" name="test_rich_header_get_dos_stub_valid" time="0.040" /><testcase classname="tests.integration.test_integration_phase2_rich_header_bridge" name="test_rich_header_find_rich_pos_not_found" time="0.040" /><testcase classname="tests.integration.test_integration_phase2_rich_header_bridge" name="test_rich_header_find_rich_pos_found" time="0.040" /><testcase classname="tests.integration.test_integration_phase2_rich_header_bridge" name="test_rich_header_extract_xor_key_from_stub_not_enough_data" time="0.040" /><testcase classname="tests.integration.test_integration_phase2_rich_header_bridge" name="test_rich_header_extract_xor_key_from_stub_valid" time="0.040" /><testcase classname="tests.integration.test_integration_phase2_rich_header_bridge" name="test_rich_header_find_or_estimate_dans_found" time="0.040" /><testcase classname="tests.integration.test_integration_phase2_rich_header_bridge" name="test_rich_header_find_or_estimate_dans_not_found" time="0.040" /><testcase classname="tests.integration.test_integration_phase2_rich_header_bridge" name="test_rich_header_estimate_dans_start_found" time="0.039" /><testcase classname="tests.integration.test_integration_phase2_rich_header_bridge" name="test_rich_header_estimate_dans_start_not_found" time="0.040" /><testcase classname="tests.integration.test_integration_phase2_rich_header_bridge" name="test_rich_header_extract_encoded_from_stub_invalid_length" time="0.040" /><testcase classname="tests.integration.test_integration_phase2_rich_header_bridge" name="test_rich_header_extract_encoded_from_stub_valid" time="0.041" /><testcase classname="tests.integration.test_integration_phase2_rich_header_bridge" name="test_rich_header_calculate_rich_checksum" time="0.040" /><testcase classname="tests.integration.test_integration_phase2_rich_header_bridge" name="test_rich_header_calculate_rich_checksum_error" time="0.040" /><testcase classname="tests.integration.test_integration_phase2_rich_header_bridge" name="test_rich_header_is_available" time="0.041" /><testcase classname="tests.integration.test_integration_phase2_rich_header_bridge" name="test_rich_header_calculate_richpe_hash_from_file_none_result" time="0.041" /><testcase classname="tests.integration.test_integration_phase2_rich_header_bridge" name="test_rich_header_scan_patterns_empty" time="0.041" /><testcase classname="tests.integration.test_integration_phase2_rich_header_bridge" name="test_rich_header_scan_patterns_found" time="0.040" /><testcase classname="tests.integration.test_integration_phase2_rich_header_bridge" name="test_rich_header_scan_patterns_exception" time="0.041" /><testcase classname="tests.integration.test_integration_phase2_rich_header_bridge" name="test_rich_header_try_rich_dans_combinations_no_valid" time="0.040" /><testcase classname="tests.integration.test_integration_phase2_rich_header_bridge" name="test_rich_header_extract_rich_header_exception" time="0.041" /><testcase classname="tests.integration.test_integration_phase2_rich_header_bridge" name="test_rich_header_direct_file_rich_search_exception" time="0.041" /><testcase classname="tests.integration.test_integration_phase2_rich_header_bridge" name="test_rich_header_extract_r2pipe_fallback_debug" time="0.043" /><testcase classname="tests.integration.test_integration_phase2_rich_header_bridge" name="test_rich_header_extract_r2pipe_exception" time="0.040" /><testcase classname="tests.integration.test_integration_phase2_rich_header_bridge" name="test_rich_header_collect_rich_dans_offsets" time="0.041" /><testcase classname="tests.integration.test_integration_phase2_rich_header_bridge" name="test_rich_header_build_direct_rich_result" time="0.040" /><testcase classname="tests.integration.test_integration_phase2_rich_header_bridge" name="test_rich_header_pefile_has_rich_header_true" time="0.042" /><testcase classname="tests.integration.test_integration_phase2_rich_header_bridge" name="test_rich_header_pefile_has_rich_header_false" time="0.042" /><testcase classname="tests.integration.test_integration_phase2_rich_header_bridge" name="test_rich_header_pefile_get_xor_key_valid" time="0.041" /><testcase classname="tests.integration.test_integration_phase2_rich_header_bridge" name="test_rich_header_pefile_get_xor_key_none" time="0.042" /><testcase classname="tests.integration.test_integration_phase2_rich_header_bridge" name="test_rich_header_pefile_extract_entries_empty" time="0.041" /><testcase classname="tests.integration.test_integration_phase2_rich_header_bridge" name="test_rich_header_pefile_extract_entries_valid" time="0.041" /><testcase classname="tests.integration.test_integration_phase2_rich_header_bridge" name="test_rich_header_pefile_parse_entry_none" time="0.041" /><testcase classname="tests.integration.test_integration_phase2_rich_header_bridge" name="test_rich_header_pefile_entries_from_clear_data_no_attr" time="0.042" /><testcase classname="tests.integration.test_integration_phase2_rich_header_bridge" name="test_rich_header_pefile_build_rich_result" time="0.041" /><testcase classname="tests.integration.test_integration_phase2_rich_header_bridge" name="test_rich_header_pefile_build_rich_result_no_clear_data" time="0.041" /><testcase classname="tests.integration.test_integration_phase2_rich_header_bridge" name="test_rich_header_extract_pefile_not_available" time="0.041" /><testcase classname="tests.integration.test_integration_phase2_rich_header_bridge" name="test_rich_header_extract_pefile_exception" time="0.066" /><testcase classname="tests.integration.test_integration_phase2_rich_header_bridge" name="test_rich_header_extract_pefile_no_hash" time="0.063" /><testcase classname="tests.integration.test_integration_phase2_rich_header_search_bridge" name="test_read_manual_search_bytes_with_no_adapter_returns_none" time="0.040" /><testcase classname="tests.integration.test_integration_phase2_rich_header_search_bridge" name="test_read_manual_search_bytes_with_empty_data_returns_none" time="0.040" /><testcase classname="tests.integration.test_integration_phase2_rich_header_search_bridge" name="test_read_manual_search_bytes_returns_bytes_for_valid_adapter" time="0.040" /><testcase classname="tests.integration.test_integration_phase2_rich_header_search_bridge" name="test_find_all_occurrences_finds_multiple_matches" time="0.040" /><testcase classname="tests.integration.test_integration_phase2_rich_header_search_bridge" name="test_find_all_occurrences_returns_empty_when_absent" time="0.040" /><testcase classname="tests.integration.test_integration_phase2_rich_header_search_bridge" name="test_find_signature_offsets_returns_none_when_no_rich" time="0.040" /><testcase classname="tests.integration.test_integration_phase2_rich_header_search_bridge" name="test_find_signature_offsets_returns_none_when_no_dans" time="0.040" /><testcase classname="tests.integration.test_integration_phase2_rich_header_search_bridge" name="test_find_signature_offsets_returns_offset_lists" time="0.040" /><testcase classname="tests.integration.test_integration_phase2_rich_header_search_bridge" name="test_offset_pair_valid_returns_true_for_valid_pair" time="0.040" /><testcase classname="tests.integration.test_integration_phase2_rich_header_search_bridge" name="test_offset_pair_valid_returns_false_when_dans_after_rich" time="0.040" /><testcase classname="tests.integration.test_integration_phase2_rich_header_search_bridge" name="test_offset_pair_valid_returns_false_when_distance_exceeds_max" time="0.041" /><testcase classname="tests.integration.test_integration_phase2_rich_header_search_bridge" name="test_try_signature_pairs_returns_none_when_no_valid_pair" time="0.041" /><testcase classname="tests.integration.test_integration_phase2_rich_header_search_bridge" name="test_try_signature_pairs_succeeds_with_valid_data" time="0.040" /><testcase classname="tests.integration.test_integration_phase2_rich_header_search_bridge" name="test_validate_rich_size_accepts_valid_size" time="0.040" /><testcase classname="tests.integration.test_integration_phase2_rich_header_search_bridge" name="test_validate_rich_size_rejects_too_small" time="0.040" /><testcase classname="tests.integration.test_integration_phase2_rich_header_search_bridge" name="test_validate_rich_size_rejects_too_large" time="0.041" /><testcase classname="tests.integration.test_integration_phase2_rich_header_search_bridge" name="test_extract_xor_key_returns_none_when_no_adapter" time="0.041" /><testcase classname="tests.integration.test_integration_phase2_rich_header_search_bridge" name="test_extract_xor_key_returns_none_when_key_is_zero" time="0.040" /><testcase classname="tests.integration.test_integration_phase2_rich_header_search_bridge" name="test_extract_xor_key_returns_valid_key" time="0.041" /><testcase classname="tests.integration.test_integration_phase2_rich_header_search_bridge" name="test_extract_xor_key_returns_none_for_short_buffer" time="0.040" /><testcase classname="tests.integration.test_integration_phase2_rich_header_search_bridge" name="test_extract_encoded_data_returns_none_when_no_adapter" time="0.040" /><testcase classname="tests.integration.test_integration_phase2_rich_header_search_bridge" name="test_extract_encoded_data_returns_none_for_too_short_data" time="0.040" /><testcase classname="tests.integration.test_integration_phase2_rich_header_search_bridge" name="test_extract_encoded_data_returns_bytes_for_valid_data" time="0.039" /><testcase classname="tests.integration.test_integration_phase2_rich_header_search_bridge" name="test_try_extract_rich_at_offsets_rejects_bad_size" time="0.040" /><testcase classname="tests.integration.test_integration_phase2_rich_header_search_bridge" name="test_try_extract_rich_at_offsets_rejects_zero_xor_key" time="0.039" /><testcase classname="tests.integration.test_integration_phase2_rich_header_search_bridge" name="test_try_extract_rich_at_offsets_returns_result_for_valid_data" time="0.041" /><testcase classname="tests.integration.test_integration_phase2_rich_header_search_bridge" name="test_find_rich_positions_finds_all_occurrences" time="0.040" /><testcase classname="tests.integration.test_integration_phase2_rich_header_search_bridge" name="test_find_rich_positions_returns_empty_for_no_rich" time="0.040" /><testcase classname="tests.integration.test_integration_phase2_rich_header_search_bridge" name="test_is_valid_rich_key_returns_false_when_key_zero" time="0.040" /><testcase classname="tests.integration.test_integration_phase2_rich_header_search_bridge" name="test_is_valid_rich_key_returns_false_for_all_ff_key" time="0.040" /><testcase classname="tests.integration.test_integration_phase2_rich_header_search_bridge" name="test_is_valid_rich_key_returns_true_for_valid_key" time="0.040" /><testcase classname="tests.integration.test_integration_phase2_rich_header_search_bridge" name="test_is_valid_rich_key_returns_false_when_too_short" time="0.040" /><testcase classname="tests.integration.test_integration_phase2_rich_header_search_bridge" name="test_find_dans_before_rich_finds_dans_marker" time="0.040" /><testcase classname="tests.integration.test_integration_phase2_rich_header_search_bridge" name="test_find_dans_before_rich_returns_none_when_absent" time="0.041" /><testcase classname="tests.integration.test_integration_phase2_rich_header_search_bridge" name="test_pattern_based_rich_search_finds_valid_header" time="0.040" /><testcase classname="tests.integration.test_integration_phase2_rich_header_search_bridge" name="test_pattern_based_rich_search_returns_none_for_empty_data" time="0.040" /><testcase classname="tests.integration.test_integration_phase2_rich_header_search_bridge" name="test_pattern_based_rich_search_skips_invalid_key" time="0.040" /><testcase classname="tests.integration.test_integration_phase2_rich_header_search_bridge" name="test_manual_rich_search_returns_none_for_no_adapter" time="0.040" /><testcase classname="tests.integration.test_integration_phase2_rich_header_search_bridge" name="test_manual_rich_search_returns_none_for_all_zeros" time="0.040" /><testcase classname="tests.integration.test_integration_phase2_rich_header_search_bridge" name="test_manual_rich_search_finds_valid_rich_header" time="0.040" /><testcase classname="tests.integration.test_integration_phase2_rich_header_search_bridge" name="test_manual_rich_search_falls_through_to_pattern_search" time="0.041" /></testsuite></testsuites>
