<?xml version="1.0" encoding="utf-8"?><testsuites name="pytest tests"><testsuite name="pytest" errors="0" failures="0" skipped="4" tests="4075" time="264.258" timestamp="2026-03-04T10:43:01.185860+01:00" hostname="Marcs-MacBook-Pro.local"><testcase classname="tests.integration.test_integration_global_top10_to_100_bridge" name="test_display_sections_core_variants" time="0.112" /><testcase classname="tests.integration.test_integration_phase5_to_95_fixup_bridge" name="test_display_sections_file_module_importable" time="0.049" /><testcase classname="tests.integration.test_integration_phase5_to_95_fixup_bridge" name="test_display_sections_integration" time="0.050" /><testcase classname="tests.integration.test_analysis_pipeline_real" name="test_pipeline_parallel_dependency_order" time="0.050" /><testcase classname="tests.integration.test_analysis_pipeline_real" name="test_pipeline_parallel_condition_skip" time="0.048" /><testcase classname="tests.integration.test_analysis_pipeline_real" name="test_pipeline_parallel_timeout_error" time="0.353" /><testcase classname="tests.integration.test_cli_batch_output_real_flows" name="test_batch_output_json_real_flow" time="3.801" /><testcase classname="tests.integration.test_cli_batch_output_real_flows" name="test_batch_output_csv_real_flow" time="3.679" /><testcase classname="tests.integration.test_cli_workflows" name="test_cli_help" time="0.373" /><testcase classname="tests.integration.test_cli_workflows" name="test_cli_list_yara" time="0.350" /><testcase classname="tests.integration.test_cli_workflows" name="test_cli_version" time="0.365" /><testcase classname="tests.integration.test_cli_workflows" name="test_cli_analyze_json_output" time="1.020" /><testcase classname="tests.integration.test_cli_workflows" name="test_cli_batch_json_output" time="3.081" /><testcase classname="tests.integration.test_cli_workflows" name="test_cli_interactive_quit" time="0.433" /><testcase classname="tests.integration.test_core_r2_session_real_branches" name="test_r2_session_real_open_and_analysis" time="0.224" /><testcase classname="tests.integration.test_core_r2_session_real_branches" name="test_r2_session_real_fat_header_detect" time="0.054" /><testcase classname="tests.integration.test_integration_circuit_breaker_bridge" name="test_circuit_breaker_init" time="0.051" /><testcase classname="tests.integration.test_integration_circuit_breaker_bridge" name="test_circuit_breaker_basic_functionality" time="0.053" /><testcase classname="tests.integration.test_integration_circuit_breaker_bridge" name="test_circuit_breaker_error_handling" time="0.054" /><testcase classname="tests.integration.test_integration_circuit_breaker_bridge" name="test_circuit_breaker_edge_cases" time="0.052" /><testcase classname="tests.integration.test_integration_circuit_breaker_bridge" name="test_circuit_breaker_integration" time="0.053" /><testcase classname="tests.integration.test_integration_circuit_breaker_bridge" name="test_call_dunder_used_as_decorator" time="0.053" /><testcase classname="tests.integration.test_integration_circuit_breaker_bridge" name="test_call_dunder_preserves_function_name" time="0.050" /><testcase classname="tests.integration.test_integration_circuit_breaker_bridge" name="test_call_dunder_propagates_exception" time="0.052" /><testcase classname="tests.integration.test_integration_circuit_breaker_bridge" name="test_call_raises_when_open_and_timeout_not_elapsed" time="0.051" /><testcase classname="tests.integration.test_integration_circuit_breaker_bridge" name="test_call_transitions_open_to_half_open_after_timeout" time="0.051" /><testcase classname="tests.integration.test_integration_circuit_breaker_bridge" name="test_call_total_calls_increments" time="0.052" /><testcase classname="tests.integration.test_integration_circuit_breaker_bridge" name="test_call_half_open_failure_keeps_open" time="0.050" /><testcase classname="tests.integration.test_integration_circuit_breaker_bridge" name="test_on_success_in_half_open_resets_failure_count" time="0.053" /><testcase classname="tests.integration.test_integration_circuit_breaker_bridge" name="test_on_success_updates_last_success_time" time="0.052" /><testcase classname="tests.integration.test_integration_circuit_breaker_bridge" name="test_on_failure_opens_circuit_at_threshold" time="0.052" /><testcase classname="tests.integration.test_integration_circuit_breaker_bridge" name="test_on_failure_records_last_failure_time" time="0.051" /><testcase classname="tests.integration.test_integration_circuit_breaker_bridge" name="test_should_attempt_reset_returns_false_when_no_failure" time="0.055" /><testcase classname="tests.integration.test_integration_circuit_breaker_bridge" name="test_should_attempt_reset_returns_true_after_timeout" time="0.053" /><testcase classname="tests.integration.test_integration_circuit_breaker_bridge" name="test_should_attempt_reset_returns_false_before_timeout" time="0.053" /><testcase classname="tests.integration.test_integration_circuit_breaker_bridge" name="test_set_state_increments_state_changes" time="0.053" /><testcase classname="tests.integration.test_integration_circuit_breaker_bridge" name="test_set_state_no_change_does_not_increment" time="0.055" /><testcase classname="tests.integration.test_integration_circuit_breaker_bridge" name="test_reset_clears_state" time="0.052" /><testcase classname="tests.integration.test_integration_circuit_breaker_bridge" name="test_get_stats_returns_expected_keys" time="0.050" /><testcase classname="tests.integration.test_integration_circuit_breaker_bridge" name="test_get_stats_success_rate_with_failures" time="0.051" /><testcase classname="tests.integration.test_integration_circuit_breaker_bridge" name="test_get_stats_no_calls_has_zero_success_rate" time="0.052" /><testcase classname="tests.integration.test_integration_circuit_breaker_bridge" name="test_non_expected_exception_does_not_count_as_failure" time="0.050" /><testcase classname="tests.integration.test_integration_circuit_breaker_bridge" name="test_expected_exception_counts_as_failure" time="0.050" /><testcase classname="tests.integration.test_integration_circuit_breaker_bridge" name="test_get_breaker_analysis_commands_have_high_threshold" time="0.053" /><testcase classname="tests.integration.test_integration_circuit_breaker_bridge" name="test_get_breaker_search_commands_have_medium_threshold" time="0.058" /><testcase classname="tests.integration.test_integration_circuit_breaker_bridge" name="test_get_breaker_generic_commands_have_low_threshold" time="0.054" /><testcase classname="tests.integration.test_integration_circuit_breaker_bridge" name="test_get_breaker_returns_same_instance_on_second_call" time="0.051" /><testcase classname="tests.integration.test_integration_circuit_breaker_bridge" name="test_get_breaker_creates_distinct_breakers_per_type" time="0.052" /><testcase classname="tests.integration.test_integration_circuit_breaker_bridge" name="test_execute_command_text_command_returns_string" time="0.051" /><testcase classname="tests.integration.test_integration_circuit_breaker_bridge" name="test_execute_command_json_command_returns_dict" time="0.052" /><testcase classname="tests.integration.test_integration_circuit_breaker_bridge" name="test_execute_command_text_failure_returns_empty_string" time="0.052" /><testcase classname="tests.integration.test_integration_circuit_breaker_bridge" name="test_execute_command_json_failure_returns_none" time="0.055" /><testcase classname="tests.integration.test_integration_circuit_breaker_bridge" name="test_execute_command_open_circuit_text_returns_empty_string" time="0.052" /><testcase classname="tests.integration.test_integration_circuit_breaker_bridge" name="test_execute_command_open_circuit_json_returns_none" time="0.053" /><testcase classname="tests.integration.test_integration_circuit_breaker_bridge" name="test_record_command_stats_first_call_sets_avg_time" time="0.050" /><testcase classname="tests.integration.test_integration_circuit_breaker_bridge" name="test_record_command_stats_failure_increments_failures" time="0.052" /><testcase classname="tests.integration.test_integration_circuit_breaker_bridge" name="test_record_command_stats_moving_average_on_subsequent_calls" time="0.052" /><testcase classname="tests.integration.test_integration_circuit_breaker_bridge" name="test_r2_circuit_breaker_get_stats_empty" time="0.053" /><testcase classname="tests.integration.test_integration_circuit_breaker_bridge" name="test_r2_circuit_breaker_get_stats_after_commands" time="0.050" /><testcase classname="tests.integration.test_integration_circuit_breaker_bridge" name="test_r2_circuit_breaker_get_stats_includes_breaker_stats" time="0.050" /><testcase classname="tests.integration.test_integration_circuit_breaker_bridge" name="test_r2_circuit_breaker_get_stats_recent_failures" time="0.061" /><testcase classname="tests.integration.test_integration_circuit_breaker_bridge" name="test_reset_all_clears_breakers_and_stats" time="0.054" /><testcase classname="tests.integration.test_integration_circuit_breaker_bridge" name="test_global_r2_circuit_breaker_is_r2_command_circuit_breaker" time="0.050" /><testcase classname="tests.integration.test_integration_circuit_breaker_bridge" name="test_circuit_breaker_thread_safe_concurrent_calls" time="0.052" /><testcase classname="tests.integration.test_integration_circuit_breaker_bridge" name="test_circuit_breaker_closed_to_open_on_failures" time="0.052" /><testcase classname="tests.integration.test_integration_circuit_breaker_bridge" name="test_circuit_breaker_open_raises_circuit_breaker_error" time="0.053" /><testcase classname="tests.integration.test_integration_circuit_breaker_bridge" name="test_circuit_breaker_half_open_to_closed_on_success" time="0.151" /><testcase classname="tests.integration.test_integration_circuit_breaker_bridge" name="test_circuit_breaker_half_open_failure_reopens" time="0.163" /><testcase classname="tests.integration.test_integration_circuit_breaker_bridge" name="test_circuit_breaker_decorator_wraps_function" time="0.052" /><testcase classname="tests.integration.test_integration_circuit_breaker_bridge" name="test_circuit_breaker_get_stats_structure" time="0.054" /><testcase classname="tests.integration.test_integration_circuit_breaker_bridge" name="test_circuit_breaker_reset_clears_state" time="0.051" /><testcase classname="tests.integration.test_integration_circuit_breaker_bridge" name="test_r2_command_circuit_breaker_get_breaker_analysis_type" time="0.053" /><testcase classname="tests.integration.test_integration_circuit_breaker_bridge" name="test_r2_command_circuit_breaker_get_breaker_search_type" time="0.048" /><testcase classname="tests.integration.test_integration_circuit_breaker_bridge" name="test_r2_command_circuit_breaker_get_breaker_generic_type" time="0.050" /><testcase classname="tests.integration.test_integration_circuit_breaker_bridge" name="test_r2_command_circuit_breaker_execute_command_json_success" time="0.052" /><testcase classname="tests.integration.test_integration_circuit_breaker_bridge" name="test_r2_command_circuit_breaker_execute_command_text_success" time="0.052" /><testcase classname="tests.integration.test_integration_circuit_breaker_bridge" name="test_r2_command_circuit_breaker_execute_command_open_circuit_json" time="0.052" /><testcase classname="tests.integration.test_integration_circuit_breaker_bridge" name="test_r2_command_circuit_breaker_execute_command_exception_text" time="0.051" /><testcase classname="tests.integration.test_integration_circuit_breaker_bridge" name="test_r2_command_circuit_breaker_get_stats_returns_combined" time="0.051" /><testcase classname="tests.integration.test_integration_circuit_breaker_bridge" name="test_r2_command_circuit_breaker_reset_all" time="0.050" /><testcase classname="tests.integration.test_integration_circuit_breaker_bridge" name="test_circuit_state_enum" time="0.050" /><testcase classname="tests.integration.test_integration_circuit_breaker_bridge" name="test_circuit_breaker_error" time="0.053" /><testcase classname="tests.integration.test_integration_circuit_breaker_bridge" name="test_circuit_breaker_initialization" time="0.049" /><testcase classname="tests.integration.test_integration_circuit_breaker_bridge" name="test_circuit_breaker_default_initialization" time="0.050" /><testcase classname="tests.integration.test_integration_circuit_breaker_bridge" name="test_circuit_breaker_successful_call" time="0.057" /><testcase classname="tests.integration.test_integration_circuit_breaker_bridge" name="test_circuit_breaker_failed_call" time="0.054" /><testcase classname="tests.integration.test_integration_circuit_breaker_bridge" name="test_circuit_breaker_opens_after_threshold" time="0.056" /><testcase classname="tests.integration.test_integration_circuit_breaker_bridge" name="test_circuit_breaker_half_open_recovery" time="0.205" /><testcase classname="tests.integration.test_integration_circuit_breaker_bridge" name="test_circuit_breaker_half_open_failure" time="0.210" /><testcase classname="tests.integration.test_integration_circuit_breaker_bridge" name="test_circuit_breaker_reset" time="0.054" /><testcase classname="tests.integration.test_integration_circuit_breaker_bridge" name="test_circuit_breaker_decorator" time="0.051" /><testcase classname="tests.integration.test_integration_circuit_breaker_bridge" name="test_circuit_breaker_decorator_with_args" time="0.052" /><testcase classname="tests.integration.test_integration_circuit_breaker_bridge" name="test_circuit_breaker_get_stats" time="0.049" /><testcase classname="tests.integration.test_integration_circuit_breaker_bridge" name="test_circuit_breaker_thread_safety" time="0.056" /><testcase classname="tests.integration.test_integration_circuit_breaker_bridge" name="test_circuit_breaker_unexpected_exception" time="0.054" /><testcase classname="tests.integration.test_integration_circuit_breaker_bridge" name="test_circuit_breaker_state_changes" time="0.161" /><testcase classname="tests.integration.test_integration_circuit_breaker_bridge" name="test_r2_command_circuit_breaker_initialization" time="0.053" /><testcase classname="tests.integration.test_integration_circuit_breaker_bridge" name="test_r2_command_circuit_breaker_get_breaker_analysis" time="0.052" /><testcase classname="tests.integration.test_integration_circuit_breaker_bridge" name="test_r2_command_circuit_breaker_get_breaker_search" time="0.052" /><testcase classname="tests.integration.test_integration_circuit_breaker_bridge" name="test_r2_command_circuit_breaker_get_breaker_generic" time="0.052" /><testcase classname="tests.integration.test_integration_circuit_breaker_bridge" name="test_r2_command_circuit_breaker_get_breaker_cached" time="0.050" /><testcase classname="tests.integration.test_integration_circuit_breaker_bridge" name="test_r2_command_circuit_breaker_execute_command_json" time="0.053" /><testcase classname="tests.integration.test_integration_circuit_breaker_bridge" name="test_r2_command_circuit_breaker_execute_command_text" time="0.051" /><testcase classname="tests.integration.test_integration_circuit_breaker_bridge" name="test_r2_command_circuit_breaker_execute_command_failure" time="0.053" /><testcase classname="tests.integration.test_integration_circuit_breaker_bridge" name="test_r2_command_circuit_breaker_execute_command_circuit_open" time="0.049" /><testcase classname="tests.integration.test_integration_circuit_breaker_bridge" name="test_r2_command_circuit_breaker_get_stats" time="0.050" /><testcase classname="tests.integration.test_integration_circuit_breaker_bridge" name="test_r2_command_circuit_breaker_avg_execution_time" time="0.074" /><testcase classname="tests.integration.test_integration_circuit_breaker_bridge" name="test_r2_command_circuit_breaker_recent_failures" time="0.051" /><testcase classname="tests.integration.test_integration_circuit_breaker_bridge" name="test_circuit_breaker_should_attempt_reset_no_failure" time="0.049" /><testcase classname="tests.integration.test_integration_circuit_breaker_bridge" name="test_circuit_breaker_should_attempt_reset_within_timeout" time="0.050" /><testcase classname="tests.integration.test_integration_circuit_breaker_bridge" name="test_circuit_breaker_should_attempt_reset_after_timeout" time="0.055" /><testcase classname="tests.integration.test_integration_circuit_breaker_bridge" name="test_circuit_breaker_set_state" time="0.054" /><testcase classname="tests.integration.test_integration_circuit_breaker_bridge" name="test_circuit_breaker_on_success_closed" time="0.058" /><testcase classname="tests.integration.test_integration_circuit_breaker_bridge" name="test_circuit_breaker_on_success_half_open" time="0.051" /><testcase classname="tests.integration.test_integration_circuit_breaker_bridge" name="test_circuit_breaker_on_failure" time="0.052" /><testcase classname="tests.integration.test_integration_circuit_breaker_bridge" name="test_circuit_breaker_on_failure_reaches_threshold" time="0.054" /><testcase classname="tests.integration.test_integration_circuit_breaker_bridge" name="test_r2_command_circuit_breaker_record_command_stats" time="0.053" /><testcase classname="tests.integration.test_integration_circuit_breaker_bridge" name="test_r2_command_circuit_breaker_record_command_stats_failure" time="0.052" /><testcase classname="tests.integration.test_integration_circuit_breaker_bridge" name="test_r2_command_circuit_breaker_exponential_moving_average" time="0.051" /><testcase classname="tests.integration.test_integration_circuit_breaker_bridge" name="test_r2_command_circuit_breaker_thread_safety" time="0.071" /><testcase classname="tests.integration.test_integration_circuit_breaker_bridge" name="test_circuit_breaker_half_open_state_allows_one_call" time="0.153" /><testcase classname="tests.integration.test_integration_circuit_breaker_bridge" name="test_r2_command_circuit_breaker_success_rate" time="0.049" /><testcase classname="tests.integration.test_integration_circuit_breaker_bridge" name="test_r2_command_circuit_breaker_text_command_failure" time="0.053" /><testcase classname="tests.integration.test_integration_cli_batch_command_bridge" name="test_batch_command_initialization" time="0.052" /><testcase classname="tests.integration.test_integration_cli_batch_command_bridge" name="test_execute_basic_success" time="0.052" /><testcase classname="tests.integration.test_integration_cli_batch_command_bridge" name="test_execute_with_json_output" time="0.052" /><testcase classname="tests.integration.test_integration_cli_batch_command_bridge" name="test_execute_with_csv_output" time="0.055" /><testcase classname="tests.integration.test_integration_cli_batch_command_bridge" name="test_execute_with_both_outputs" time="0.054" /><testcase classname="tests.integration.test_integration_cli_batch_command_bridge" name="test_execute_with_extensions" time="0.053" /><testcase classname="tests.integration.test_integration_cli_batch_command_bridge" name="test_execute_with_yara" time="0.055" /><testcase classname="tests.integration.test_integration_cli_batch_command_bridge" name="test_execute_with_xor" time="0.056" /><testcase classname="tests.integration.test_integration_cli_batch_command_bridge" name="test_execute_with_verbose" time="0.056" /><testcase classname="tests.integration.test_integration_cli_batch_command_bridge" name="test_execute_with_multiple_threads" time="0.055" /><testcase classname="tests.integration.test_integration_cli_batch_command_bridge" name="test_execute_keyboard_interrupt" time="0.051" /><testcase classname="tests.integration.test_integration_cli_batch_command_bridge" name="test_execute_exception_verbose" time="0.055" /><testcase classname="tests.integration.test_integration_cli_batch_command_bridge" name="test_execute_exception_normal" time="0.054" /><testcase classname="tests.integration.test_integration_cli_batch_command_bridge" name="test_setup_batch_mode_default" time="0.051" /><testcase classname="tests.integration.test_integration_cli_batch_command_bridge" name="test_setup_batch_mode_with_extensions" time="0.050" /><testcase classname="tests.integration.test_integration_cli_batch_command_bridge" name="test_setup_batch_mode_json_output" time="0.053" /><testcase classname="tests.integration.test_integration_cli_batch_command_bridge" name="test_setup_batch_mode_csv_output" time="0.051" /><testcase classname="tests.integration.test_integration_cli_batch_command_bridge" name="test_setup_batch_mode_custom_output" time="0.050" /><testcase classname="tests.integration.test_integration_cli_batch_command_bridge" name="test_setup_analysis_options_default" time="0.050" /><testcase classname="tests.integration.test_integration_cli_batch_command_bridge" name="test_setup_analysis_options_with_yara" time="0.049" /><testcase classname="tests.integration.test_integration_cli_batch_command_bridge" name="test_setup_analysis_options_with_xor" time="0.051" /><testcase classname="tests.integration.test_integration_cli_batch_command_bridge" name="test_setup_analysis_options_with_both" time="0.050" /><testcase classname="tests.integration.test_integration_cli_batch_command_bridge" name="test_configure_batch_logging_verbose" time="0.048" /><testcase classname="tests.integration.test_integration_cli_batch_command_bridge" name="test_configure_batch_logging_quiet" time="0.054" /><testcase classname="tests.integration.test_integration_cli_batch_command_bridge" name="test_configure_batch_logging_normal" time="0.053" /><testcase classname="tests.integration.test_integration_cli_batch_command_bridge" name="test_handle_error_verbose" time="0.052" /><testcase classname="tests.integration.test_integration_cli_batch_command_bridge" name="test_handle_error_normal" time="0.055" /><testcase classname="tests.integration.test_integration_cli_batch_command_bridge" name="test_execute_with_config_file" time="0.055" /><testcase classname="tests.integration.test_integration_cli_batch_command_bridge" name="test_execute_full_workflow" time="0.055" /><testcase classname="tests.integration.test_integration_cli_config_bridge" name="test_config_command_noop" time="0.053" /><testcase classname="tests.integration.test_integration_cli_config_bridge" name="test_execute_list_yara_true_with_nonexistent_path" time="0.055" /><testcase classname="tests.integration.test_integration_cli_config_bridge" name="test_execute_list_yara_false_prints_message" time="0.051" /><testcase classname="tests.integration.test_integration_cli_config_bridge" name="test_list_yara_rules_path_does_not_exist" time="0.054" /><testcase classname="tests.integration.test_integration_cli_config_bridge" name="test_list_yara_rules_directory_empty" time="0.051" /><testcase classname="tests.integration.test_integration_cli_config_bridge" name="test_list_yara_rules_directory_has_non_yara_files" time="0.051" /><testcase classname="tests.integration.test_integration_cli_config_bridge" name="test_list_yara_rules_with_yar_files_returns_zero" time="0.052" /><testcase classname="tests.integration.test_integration_cli_config_bridge" name="test_list_yara_rules_with_yara_extension_files" time="0.054" /><testcase classname="tests.integration.test_integration_cli_config_bridge" name="test_find_yara_rules_finds_yar_files" time="0.053" /><testcase classname="tests.integration.test_integration_cli_config_bridge" name="test_find_yara_rules_recursive_search" time="0.054" /><testcase classname="tests.integration.test_integration_cli_config_bridge" name="test_find_yara_rules_empty_directory" time="0.057" /><testcase classname="tests.integration.test_integration_cli_config_bridge" name="test_find_yara_rules_returns_sorted_list" time="0.064" /><testcase classname="tests.integration.test_integration_cli_config_bridge" name="test_display_yara_rules_table_runs_without_error" time="0.063" /><testcase classname="tests.integration.test_integration_cli_config_bridge" name="test_display_yara_rules_table_category_root_when_file_at_top_level" time="0.136" /><testcase classname="tests.integration.test_integration_cli_config_bridge" name="test_display_yara_rules_table_category_from_subdirectory" time="0.068" /><testcase classname="tests.integration.test_integration_cli_config_bridge" name="test_display_yara_rules_table_shows_rules_directory" time="0.060" /><testcase classname="tests.integration.test_integration_cli_config_bridge" name="test_display_yara_rules_table_relative_to_fallback_to_filename" time="0.057" /><testcase classname="tests.integration.test_integration_cli_config_bridge" name="test_format_file_size_bytes_range" time="0.053" /><testcase classname="tests.integration.test_integration_cli_config_bridge" name="test_format_file_size_kilobytes_range" time="0.053" /><testcase classname="tests.integration.test_integration_cli_config_bridge" name="test_format_file_size_megabytes_range" time="0.054" /><testcase classname="tests.integration.test_integration_cli_config_bridge" name="test_format_file_size_gigabytes_range" time="0.052" /><testcase classname="tests.integration.test_integration_cli_config_bridge" name="test_execute_list_yara_with_explicit_yara_path_that_exists" time="0.056" /><testcase classname="tests.integration.test_integration_cli_config_bridge" name="test_configure_quiet_logging_sets_levels" time="0.051" /><testcase classname="tests.integration.test_integration_cli_config_bridge" name="test_apply_thread_settings_valid_and_invalid" time="0.051" /><testcase classname="tests.integration.test_integration_cli_config_bridge" name="test_command_context_create_defaults" time="0.051" /><testcase classname="tests.integration.test_integration_cli_config_bridge" name="test_command_context_lazy_init" time="0.055" /><testcase classname="tests.integration.test_integration_cli_config_bridge" name="test_command_get_config_prefers_path" time="0.066" /><testcase classname="tests.integration.test_integration_cli_config_bridge" name="test_setup_analysis_options" time="0.052" /><testcase classname="tests.integration.test_integration_cli_config_bridge" name="test_config_command_yara_listing" time="0.057" /><testcase classname="tests.integration.test_integration_cli_config_bridge" name="test_config_command_helpers" time="0.056" /><testcase classname="tests.integration.test_integration_cli_config_bridge" name="test_validate_file_input_errors" time="0.054" /><testcase classname="tests.integration.test_integration_cli_config_bridge" name="test_validate_batch_input_errors" time="0.054" /><testcase classname="tests.integration.test_integration_cli_config_bridge" name="test_validate_output_input_permission_error" time="0.054" /><testcase classname="tests.integration.test_integration_cli_config_bridge" name="test_validate_yara_and_config_inputs" time="0.056" /><testcase classname="tests.integration.test_integration_cli_config_bridge" name="test_validate_extensions_threads_and_modes" time="0.053" /><testcase classname="tests.integration.test_integration_cli_config_bridge" name="test_validate_single_file_and_xor_sanitization" time="0.054" /><testcase classname="tests.integration.test_integration_cli_config_bridge" name="test_config_builder_variants" time="0.053" /><testcase classname="tests.integration.test_integration_cli_config_bridge" name="test_config_builder_shortcuts" time="0.051" /><testcase classname="tests.integration.test_integration_cli_config_bridge" name="test_config_command_missing_rules_dir" time="0.057" /><testcase classname="tests.integration.test_integration_cli_config_bridge" name="test_config_command_empty_rules_dir" time="0.054" /><testcase classname="tests.integration.test_integration_cli_config_bridge" name="test_config_command_lists_rules" time="0.055" /><testcase classname="tests.integration.test_integration_cli_config_bridge" name="test_config_command_relative_display_fallback" time="0.055" /><testcase classname="tests.integration.test_integration_cli_config_bridge" name="test_config_command_format_file_size_gb" time="0.052" /><testcase classname="tests.integration.test_integration_cli_config_bridge" name="test_interactive_command_helpers_real_inspector" time="4.471" /><testcase classname="tests.integration.test_integration_cli_config_bridge" name="test_interactive_command_exit_checks" time="0.058" /><testcase classname="tests.integration.test_integration_cli_config_bridge" name="test_interactive_command_handle_error_paths" time="0.058" /><testcase classname="tests.integration.test_integration_cli_config_bridge" name="test_run_interactive_mode_sequence" time="4.367" /><testcase classname="tests.integration.test_integration_cli_display_similarity_bridge" name="test_display_binlex_available" time="0.054" /><testcase classname="tests.integration.test_integration_cli_display_similarity_bridge" name="test_display_binlex_not_available" time="0.052" /><testcase classname="tests.integration.test_integration_cli_display_similarity_bridge" name="test_display_binlex_not_present" time="0.052" /><testcase classname="tests.integration.test_integration_cli_display_similarity_bridge" name="test_add_binlex_basic_stats" time="0.051" /><testcase classname="tests.integration.test_integration_cli_display_similarity_bridge" name="test_add_binlex_unique_signatures" time="0.050" /><testcase classname="tests.integration.test_integration_cli_display_similarity_bridge" name="test_add_binlex_unique_signatures_partial" time="0.060" /><testcase classname="tests.integration.test_integration_cli_display_similarity_bridge" name="test_add_binlex_similarity_groups_with_groups" time="0.052" /><testcase classname="tests.integration.test_integration_cli_display_similarity_bridge" name="test_add_binlex_similarity_groups_empty" time="0.059" /><testcase classname="tests.integration.test_integration_cli_display_similarity_bridge" name="test_add_binlex_binary_signatures" time="0.061" /><testcase classname="tests.integration.test_integration_cli_display_similarity_bridge" name="test_add_binlex_top_ngrams" time="0.056" /><testcase classname="tests.integration.test_integration_cli_display_similarity_bridge" name="test_add_binlex_entries" time="0.053" /><testcase classname="tests.integration.test_integration_cli_display_similarity_bridge" name="test_display_binbloom_available" time="0.055" /><testcase classname="tests.integration.test_integration_cli_display_similarity_bridge" name="test_display_binbloom_not_available_with_error" time="0.051" /><testcase classname="tests.integration.test_integration_cli_display_similarity_bridge" name="test_display_binbloom_library_not_available" time="0.049" /><testcase classname="tests.integration.test_integration_cli_display_similarity_bridge" name="test_add_binbloom_stats" time="0.052" /><testcase classname="tests.integration.test_integration_cli_display_similarity_bridge" name="test_add_binbloom_stats_with_function_signatures" time="0.052" /><testcase classname="tests.integration.test_integration_cli_display_similarity_bridge" name="test_add_binbloom_similar_groups_empty" time="0.055" /><testcase classname="tests.integration.test_integration_cli_display_similarity_bridge" name="test_add_binbloom_similar_groups_with_data" time="0.051" /><testcase classname="tests.integration.test_integration_cli_display_similarity_bridge" name="test_add_binbloom_similar_groups_multiple" time="0.052" /><testcase classname="tests.integration.test_integration_cli_display_similarity_bridge" name="test_add_binbloom_group" time="0.051" /><testcase classname="tests.integration.test_integration_cli_display_similarity_bridge" name="test_add_binbloom_group_long_signature" time="0.054" /><testcase classname="tests.integration.test_integration_cli_display_similarity_bridge" name="test_add_binbloom_group_many_functions" time="0.052" /><testcase classname="tests.integration.test_integration_cli_display_similarity_bridge" name="test_add_binbloom_group_long_function_names" time="0.052" /><testcase classname="tests.integration.test_integration_cli_display_similarity_bridge" name="test_add_binbloom_binary_signature" time="0.053" /><testcase classname="tests.integration.test_integration_cli_display_similarity_bridge" name="test_add_binbloom_binary_signature_none" time="0.056" /><testcase classname="tests.integration.test_integration_cli_display_similarity_bridge" name="test_add_binbloom_bloom_stats" time="0.052" /><testcase classname="tests.integration.test_integration_cli_display_similarity_bridge" name="test_add_binbloom_bloom_stats_empty" time="0.051" /><testcase classname="tests.integration.test_integration_cli_display_similarity_bridge" name="test_display_binbloom_signature_details_not_available" time="0.053" /><testcase classname="tests.integration.test_integration_cli_display_similarity_bridge" name="test_display_binbloom_signature_details_single_signature" time="0.050" /><testcase classname="tests.integration.test_integration_cli_display_similarity_bridge" name="test_display_binbloom_signature_details_with_data" time="0.055" /><testcase classname="tests.integration.test_integration_cli_display_similarity_bridge" name="test_display_simhash_available" time="0.052" /><testcase classname="tests.integration.test_integration_cli_display_similarity_bridge" name="test_display_simhash_not_available_with_error" time="0.052" /><testcase classname="tests.integration.test_integration_cli_display_similarity_bridge" name="test_display_simhash_library_not_available" time="0.048" /><testcase classname="tests.integration.test_integration_cli_display_similarity_bridge" name="test_display_bindiff_comparison_ready" time="0.053" /><testcase classname="tests.integration.test_integration_cli_display_similarity_bridge" name="test_display_bindiff_not_ready_with_error" time="0.052" /><testcase classname="tests.integration.test_integration_cli_display_similarity_bridge" name="test_display_bindiff_not_present" time="0.045" /><testcase classname="tests.integration.test_integration_cli_display_similarity_bridge" name="test_display_machoc_functions_basic" time="0.047" /><testcase classname="tests.integration.test_integration_cli_display_similarity_bridge" name="test_display_machoc_functions_no_hashes" time="0.046" /><testcase classname="tests.integration.test_integration_cli_display_similarity_bridge" name="test_display_machoc_functions_not_present" time="0.044" /><testcase classname="tests.integration.test_integration_cli_main_validators_batch_output_gaps" name="test_cli_callback_forwards_to_main" time="0.044" /><testcase classname="tests.integration.test_integration_cli_main_validators_batch_output_gaps" name="test_execute_list_yara_uses_config_command_and_exits" time="0.043" /><testcase classname="tests.integration.test_integration_cli_main_validators_batch_output_gaps" name="test_execute_version_uses_version_command_and_exits" time="0.043" /><testcase classname="tests.integration.test_integration_cli_main_validators_batch_output_gaps" name="test_run_cli_list_yara_branch_executes_and_exits" time="0.044" /><testcase classname="tests.integration.test_integration_cli_main_validators_batch_output_gaps" name="test_validate_inputs_composes_all_sub_validators" time="0.042" /><testcase classname="tests.integration.test_integration_cli_main_validators_batch_output_gaps" name="test_validate_file_input_branches" time="0.044" /><testcase classname="tests.integration.test_integration_cli_main_validators_batch_output_gaps" name="test_validate_batch_input_branches" time="0.042" /><testcase classname="tests.integration.test_integration_cli_main_validators_batch_output_gaps" name="test_validate_output_yara_config_extensions_threads_and_display" time="0.042" /><testcase classname="tests.integration.test_integration_cli_main_validators_batch_output_gaps" name="test_validate_large_file_and_existing_output_and_config_variants" time="0.042" /><testcase classname="tests.integration.test_integration_cli_main_validators_batch_output_gaps" name="test_validate_single_file_non_file_branch" time="0.041" /><testcase classname="tests.integration.test_integration_cli_main_validators_batch_output_gaps" name="test_sanitize_and_handle_xor_paths" time="0.041" /><testcase classname="tests.integration.test_integration_cli_main_validators_batch_output_gaps" name="test_batch_output_helper_paths" time="0.042" /><testcase classname="tests.integration.test_integration_cli_main_validators_batch_output_gaps" name="test_batch_output_find_prepare_and_configure" time="0.041" /><testcase classname="tests.integration.test_integration_cli_main_validators_batch_output_gaps" name="test_batch_output_create_summary_and_table_rows" time="0.043" /><testcase classname="tests.integration.test_integration_cluster_under90_high_impact" name="test_inspector_analyze_and_cleanup" time="0.041" /><testcase classname="tests.integration.test_integration_cluster_under90_high_impact" name="test_inspector_context_manager_triggers_cleanup_callback" time="0.042" /><testcase classname="tests.integration.test_integration_cluster_under90_high_impact" name="test_inspector_parallel_mode_disables_non_threadsafe_backend" time="0.041" /><testcase classname="tests.integration.test_integration_cluster_under90_high_impact" name="test_init_uses_config_factory_and_runs_verbose_path" time="0.042" /><testcase classname="tests.integration.test_integration_cluster_under90_high_impact" name="test_init_infrastructure_missing_factories_raises" time="0.042" /><testcase classname="tests.integration.test_integration_cluster_under90_high_impact" name="test_analyze_without_pipeline_builder_returns_error" time="0.042" /><testcase classname="tests.integration.test_integration_cluster_under90_high_impact" name="test_init_requires_memory_monitor" time="0.042" /><testcase classname="tests.integration.test_integration_cluster_under90_high_impact" name="test_init_requires_config_factory_when_config_is_none" time="0.041" /><testcase classname="tests.integration.test_integration_cluster_under90_high_impact" name="test_init_requires_adapter" time="0.042" /><testcase classname="tests.integration.test_integration_cluster_under90_high_impact" name="test_init_requires_factories" time="0.057" /><testcase classname="tests.integration.test_integration_cluster_under90_high_impact" name="test_analyze_handles_memory_error_and_triggers_gc" time="0.045" /><testcase classname="tests.integration.test_integration_cluster_under90_high_impact" name="test_analyze_handles_general_exception" time="0.043" /><testcase classname="tests.integration.test_integration_cluster_under90_high_impact" name="test_close_runs_cleanup_and_unsets_adapter" time="0.043" /><testcase classname="tests.integration.test_integration_cluster_under90_high_impact" name="test_init_sets_filename" time="0.043" /><testcase classname="tests.integration.test_integration_cluster_under90_high_impact" name="test_init_uses_provided_config" time="0.043" /><testcase classname="tests.integration.test_integration_cluster_under90_high_impact" name="test_init_uses_config_factory_when_config_is_none" time="0.047" /><testcase classname="tests.integration.test_integration_cluster_under90_high_impact" name="test_init_stores_verbose_flag" time="0.043" /><testcase classname="tests.integration.test_integration_cluster_under90_high_impact" name="test_init_stores_adapter" time="0.044" /><testcase classname="tests.integration.test_integration_cluster_under90_high_impact" name="test_init_stores_registry" time="0.044" /><testcase classname="tests.integration.test_integration_cluster_under90_high_impact" name="test_init_file_path_is_set" time="0.043" /><testcase classname="tests.integration.test_integration_cluster_under90_high_impact" name="test_init_verbose_logs_analyzers" time="0.043" /><testcase classname="tests.integration.test_integration_cluster_under90_high_impact" name="test_init_raises_when_memory_monitor_is_none" time="0.042" /><testcase classname="tests.integration.test_integration_cluster_under90_high_impact" name="test_init_raises_when_config_and_factory_both_none" time="0.042" /><testcase classname="tests.integration.test_integration_cluster_under90_high_impact" name="test_init_raises_when_adapter_is_none" time="0.042" /><testcase classname="tests.integration.test_integration_cluster_under90_high_impact" name="test_init_raises_when_file_validator_factory_is_none" time="0.042" /><testcase classname="tests.integration.test_integration_cluster_under90_high_impact" name="test_init_raises_when_file_validation_fails" time="0.043" /><testcase classname="tests.integration.test_integration_cluster_under90_high_impact" name="test_init_raises_when_registry_factory_is_none" time="0.043" /><testcase classname="tests.integration.test_integration_cluster_under90_high_impact" name="test_init_infrastructure_initializes_registry_and_pipeline_builder" time="0.042" /><testcase classname="tests.integration.test_integration_cluster_under90_high_impact" name="test_init_infrastructure_with_verbose_registry" time="0.043" /><testcase classname="tests.integration.test_integration_cluster_under90_high_impact" name="test_init_infrastructure_rejects_missing_factories" time="0.043" /><testcase classname="tests.integration.test_integration_cluster_under90_high_impact" name="test_cleanup_calls_cleanup_callback" time="0.043" /><testcase classname="tests.integration.test_integration_cluster_under90_high_impact" name="test_cleanup_sets_adapter_to_none" time="0.043" /><testcase classname="tests.integration.test_integration_cluster_under90_high_impact" name="test_cleanup_without_callback_does_not_raise" time="0.043" /><testcase classname="tests.integration.test_integration_cluster_under90_high_impact" name="test_enter_returns_self" time="0.048" /><testcase classname="tests.integration.test_integration_cluster_under90_high_impact" name="test_context_manager_enter_and_exit" time="0.052" /><testcase classname="tests.integration.test_integration_cluster_under90_high_impact" name="test_exit_calls_cleanup_and_returns_false" time="0.045" /><testcase classname="tests.integration.test_integration_cluster_under90_high_impact" name="test_exit_with_exception_does_not_suppress" time="0.043" /><testcase classname="tests.integration.test_integration_cluster_under90_high_impact" name="test_del_calls_cleanup" time="0.044" /><testcase classname="tests.integration.test_integration_cluster_under90_high_impact" name="test_analyze_returns_memory_stats" time="0.044" /><testcase classname="tests.integration.test_integration_cluster_under90_high_impact" name="test_analyze_returns_pipeline_results" time="0.043" /><testcase classname="tests.integration.test_integration_cluster_under90_high_impact" name="test_analyze_with_progress_callback" time="0.043" /><testcase classname="tests.integration.test_integration_cluster_under90_high_impact" name="test_analyze_with_non_thread_safe_adapter_disables_parallel" time="0.043" /><testcase classname="tests.integration.test_integration_cluster_under90_high_impact" name="test_analyze_uses_progress_callback_when_not_parallel" time="0.044" /><testcase classname="tests.integration.test_integration_cluster_under90_high_impact" name="test_analyze_parallel_disabled_in_config" time="0.045" /><testcase classname="tests.integration.test_integration_cluster_under90_high_impact" name="test_analyze_memory_error_returns_error_dict" time="0.121" /><testcase classname="tests.integration.test_integration_cluster_under90_high_impact" name="test_analyze_runtime_error_returns_error_dict" time="0.043" /><testcase classname="tests.integration.test_integration_cluster_under90_high_impact" name="test_analyze_raises_when_pipeline_builder_none" time="0.044" /><testcase classname="tests.integration.test_integration_cluster_under90_high_impact" name="test_close_calls_cleanup" time="0.043" /><testcase classname="tests.integration.test_integration_cluster_under90_high_impact" name="test_close_can_be_called_multiple_times" time="0.045" /><testcase classname="tests.integration.test_integration_cluster_under90_high_impact" name="test_analyze_progress_callback_used_when_not_parallel" time="0.045" /><testcase classname="tests.integration.test_integration_cluster_under90_high_impact" name="test_analyze_no_progress_callback_runs_without_progress" time="0.045" /><testcase classname="tests.integration.test_integration_cluster_under90_high_impact" name="test_as_dict_with_dict_input" time="0.043" /><testcase classname="tests.integration.test_integration_cluster_under90_high_impact" name="test_as_dict_with_non_dict_returns_empty" time="0.044" /><testcase classname="tests.integration.test_integration_cluster_under90_high_impact" name="test_as_bool_dict_with_dict_input" time="0.044" /><testcase classname="tests.integration.test_integration_cluster_under90_high_impact" name="test_as_bool_dict_with_non_dict_returns_empty" time="0.044" /><testcase classname="tests.integration.test_integration_cluster_under90_high_impact" name="test_as_bool_dict_converts_keys_to_str" time="0.043" /><testcase classname="tests.integration.test_integration_cluster_under90_high_impact" name="test_as_str_with_string_input" time="0.044" /><testcase classname="tests.integration.test_integration_cluster_under90_high_impact" name="test_as_str_with_non_string_returns_default" time="0.045" /><testcase classname="tests.integration.test_integration_cluster_under90_high_impact" name="test_as_str_with_custom_default" time="0.050" /><testcase classname="tests.integration.test_integration_cluster_under90_high_impact" name="test_execute_analyzer_returns_empty_dict_when_not_in_registry" time="0.045" /><testcase classname="tests.integration.test_integration_cluster_under90_high_impact" name="test_execute_list_returns_empty_list_when_analyzer_not_found" time="0.046" /><testcase classname="tests.integration.test_integration_cluster_under90_high_impact" name="test_execute_dict_returns_empty_dict_when_analyzer_not_found" time="0.045" /><testcase classname="tests.integration.test_integration_cluster_under90_high_impact" name="test_execute_analyzer_calls_analyze_method" time="0.044" /><testcase classname="tests.integration.test_integration_cluster_under90_high_impact" name="test_execute_analyzer_calls_custom_method" time="0.044" /><testcase classname="tests.integration.test_integration_cluster_under90_high_impact" name="test_execute_analyzer_method_not_found_returns_empty" time="0.043" /><testcase classname="tests.integration.test_integration_cluster_under90_high_impact" name="test_execute_analyzer_with_args_passed_to_analyze" time="0.044" /><testcase classname="tests.integration.test_integration_cluster_under90_high_impact" name="test_execute_analyzer_with_kwargs_on_custom_method" time="0.043" /><testcase classname="tests.integration.test_integration_cluster_under90_high_impact" name="test_execute_analyzer_handles_exception_returns_empty" time="0.044" /><testcase classname="tests.integration.test_integration_cluster_under90_high_impact" name="test_execute_list_returns_list_from_analyzer" time="0.043" /><testcase classname="tests.integration.test_integration_cluster_under90_high_impact" name="test_execute_list_converts_non_list_to_empty" time="0.044" /><testcase classname="tests.integration.test_integration_cluster_under90_high_impact" name="test_execute_dict_returns_dict_from_analyzer" time="0.043" /><testcase classname="tests.integration.test_integration_cluster_under90_high_impact" name="test_get_pe_info_returns_empty_when_no_analyzer" time="0.042" /><testcase classname="tests.integration.test_integration_cluster_under90_high_impact" name="test_get_elf_info_returns_empty_when_no_analyzer" time="0.042" /><testcase classname="tests.integration.test_integration_cluster_under90_high_impact" name="test_get_macho_info_returns_empty_when_no_analyzer" time="0.042" /><testcase classname="tests.integration.test_integration_cluster_under90_high_impact" name="test_get_strings_returns_empty_list_when_no_analyzer" time="0.042" /><testcase classname="tests.integration.test_integration_cluster_under90_high_impact" name="test_get_security_features_returns_empty_when_no_analyzer" time="0.041" /><testcase classname="tests.integration.test_integration_cluster_under90_high_impact" name="test_get_imports_returns_empty_list" time="0.041" /><testcase classname="tests.integration.test_integration_cluster_under90_high_impact" name="test_get_exports_returns_empty_list" time="0.041" /><testcase classname="tests.integration.test_integration_cluster_under90_high_impact" name="test_get_sections_returns_empty_list" time="0.048" /><testcase classname="tests.integration.test_integration_cluster_under90_high_impact" name="test_detect_packer_returns_empty_when_no_analyzer" time="0.043" /><testcase classname="tests.integration.test_integration_cluster_under90_high_impact" name="test_detect_crypto_returns_error_dict_when_no_analyzer" time="0.042" /><testcase classname="tests.integration.test_integration_cluster_under90_high_impact" name="test_detect_anti_analysis_returns_empty" time="0.044" /><testcase classname="tests.integration.test_integration_cluster_under90_high_impact" name="test_detect_compiler_returns_empty" time="0.043" /><testcase classname="tests.integration.test_integration_cluster_under90_high_impact" name="test_run_yara_rules_returns_empty_list" time="0.043" /><testcase classname="tests.integration.test_integration_cluster_under90_high_impact" name="test_search_xor_returns_empty_list" time="0.044" /><testcase classname="tests.integration.test_integration_cluster_under90_high_impact" name="test_analyze_functions_returns_empty" time="0.042" /><testcase classname="tests.integration.test_integration_cluster_under90_high_impact" name="test_analyze_ssdeep_returns_empty" time="0.042" /><testcase classname="tests.integration.test_integration_cluster_under90_high_impact" name="test_analyze_tlsh_returns_empty" time="0.042" /><testcase classname="tests.integration.test_integration_cluster_under90_high_impact" name="test_analyze_telfhash_returns_empty" time="0.041" /><testcase classname="tests.integration.test_integration_cluster_under90_high_impact" name="test_analyze_rich_header_returns_empty" time="0.042" /><testcase classname="tests.integration.test_integration_cluster_under90_high_impact" name="test_analyze_impfuzzy_returns_empty" time="0.042" /><testcase classname="tests.integration.test_integration_cluster_under90_high_impact" name="test_analyze_ccbhash_returns_empty" time="0.042" /><testcase classname="tests.integration.test_integration_cluster_under90_high_impact" name="test_analyze_binlex_returns_empty" time="0.042" /><testcase classname="tests.integration.test_integration_cluster_under90_high_impact" name="test_analyze_binbloom_returns_empty" time="0.042" /><testcase classname="tests.integration.test_integration_cluster_under90_high_impact" name="test_analyze_simhash_returns_empty" time="0.043" /><testcase classname="tests.integration.test_integration_cluster_under90_high_impact" name="test_analyze_bindiff_returns_empty" time="0.041" /><testcase classname="tests.integration.test_integration_cluster_under90_high_impact" name="test_generate_indicators_returns_list" time="0.041" /><testcase classname="tests.integration.test_integration_cluster_under90_high_impact" name="test_generate_executive_summary_returns_dict" time="0.041" /><testcase classname="tests.integration.test_integration_cluster_under90_high_impact" name="test_execute_with_progress_returns_dict" time="0.042" /><testcase classname="tests.integration.test_integration_cluster_under90_high_impact" name="test_execute_with_progress_returns_empty_on_non_dict" time="0.042" /><testcase classname="tests.integration.test_integration_cluster_under90_high_impact" name="test_execute_without_progress_returns_dict" time="0.042" /><testcase classname="tests.integration.test_integration_cluster_under90_high_impact" name="test_execute_without_progress_with_parallel" time="0.042" /><testcase classname="tests.integration.test_integration_cluster_under90_high_impact" name="test_get_file_info_returns_dict_with_file_not_found" time="0.042" /><testcase classname="tests.integration.test_integration_cluster_under90_high_impact" name="test_detect_file_format_returns_string" time="0.041" /><testcase classname="tests.integration.test_integration_cluster_under90_high_impact" name="test_detect_file_format_returns_unknown_without_real_file" time="0.042" /><testcase classname="tests.integration.test_integration_cluster_under90_high_impact" name="test_detect_crypto_returns_result_when_analyzer_registered" time="0.049" /><testcase classname="tests.integration.test_integration_cluster_under90_high_impact" name="test_as_dict_returns_dict_unchanged" time="0.055" /><testcase classname="tests.integration.test_integration_cluster_under90_high_impact" name="test_as_dict_returns_empty_for_non_dict" time="0.046" /><testcase classname="tests.integration.test_integration_cluster_under90_high_impact" name="test_as_bool_dict_converts_values" time="0.042" /><testcase classname="tests.integration.test_integration_cluster_under90_high_impact" name="test_as_bool_dict_returns_empty_for_non_dict" time="0.043" /><testcase classname="tests.integration.test_integration_cluster_under90_high_impact" name="test_as_str_returns_string_value" time="0.043" /><testcase classname="tests.integration.test_integration_cluster_under90_high_impact" name="test_as_str_returns_default_for_non_string" time="0.044" /><testcase classname="tests.integration.test_integration_cluster_under90_high_impact" name="test_execute_with_progress_calls_pipeline_and_returns_dict" time="0.043" /><testcase classname="tests.integration.test_integration_cluster_under90_high_impact" name="test_execute_without_progress_calls_pipeline_and_returns_dict" time="0.044" /><testcase classname="tests.integration.test_integration_cluster_under90_high_impact" name="test_execute_without_progress_parallel_flag" time="0.044" /><testcase classname="tests.integration.test_integration_cluster_under90_high_impact" name="test_execute_analyzer_returns_empty_dict_when_analyzer_not_found" time="0.044" /><testcase classname="tests.integration.test_integration_cluster_under90_high_impact" name="test_execute_analyzer_calls_named_method" time="0.046" /><testcase classname="tests.integration.test_integration_cluster_under90_high_impact" name="test_execute_analyzer_returns_empty_when_method_not_found" time="0.045" /><testcase classname="tests.integration.test_integration_cluster_under90_high_impact" name="test_execute_analyzer_passes_args_to_analyze" time="0.043" /><testcase classname="tests.integration.test_integration_cluster_under90_high_impact" name="test_execute_analyzer_exception_returns_empty" time="0.043" /><testcase classname="tests.integration.test_integration_cluster_under90_high_impact" name="test_execute_list_returns_list_when_analyzer_returns_list" time="0.043" /><testcase classname="tests.integration.test_integration_cluster_under90_high_impact" name="test_execute_list_returns_empty_list_when_non_list_returned" time="0.044" /><testcase classname="tests.integration.test_integration_cluster_under90_high_impact" name="test_execute_dict_returns_dict" time="0.044" /><testcase classname="tests.integration.test_integration_cluster_under90_high_impact" name="test_execute_dict_returns_empty_when_not_found" time="0.043" /><testcase classname="tests.integration.test_integration_cluster_under90_high_impact" name="test_get_file_info_returns_dict" time="0.044" /><testcase classname="tests.integration.test_integration_cluster_under90_high_impact" name="test_get_pe_info_returns_dict" time="0.042" /><testcase classname="tests.integration.test_integration_cluster_under90_high_impact" name="test_get_elf_info_returns_dict" time="0.043" /><testcase classname="tests.integration.test_integration_cluster_under90_high_impact" name="test_get_macho_info_returns_dict" time="0.042" /><testcase classname="tests.integration.test_integration_cluster_under90_high_impact" name="test_get_strings_returns_list" time="0.042" /><testcase classname="tests.integration.test_integration_cluster_under90_high_impact" name="test_get_security_features_returns_dict" time="0.043" /><testcase classname="tests.integration.test_integration_cluster_under90_high_impact" name="test_get_imports_returns_list" time="0.043" /><testcase classname="tests.integration.test_integration_cluster_under90_high_impact" name="test_get_exports_returns_list" time="0.043" /><testcase classname="tests.integration.test_integration_cluster_under90_high_impact" name="test_get_sections_returns_list" time="0.043" /><testcase classname="tests.integration.test_integration_cluster_under90_high_impact" name="test_detect_packer_returns_dict" time="0.043" /><testcase classname="tests.integration.test_integration_cluster_under90_high_impact" name="test_detect_crypto_returns_dict" time="0.042" /><testcase classname="tests.integration.test_integration_cluster_under90_high_impact" name="test_detect_crypto_with_analyzer_not_found" time="0.044" /><testcase classname="tests.integration.test_integration_cluster_under90_high_impact" name="test_detect_anti_analysis_returns_dict" time="0.044" /><testcase classname="tests.integration.test_integration_cluster_under90_high_impact" name="test_detect_compiler_returns_dict" time="0.045" /><testcase classname="tests.integration.test_integration_cluster_under90_high_impact" name="test_run_yara_rules_returns_list" time="0.047" /><testcase classname="tests.integration.test_integration_cluster_under90_high_impact" name="test_run_yara_rules_with_path_returns_list" time="0.047" /><testcase classname="tests.integration.test_integration_cluster_under90_high_impact" name="test_search_xor_returns_list" time="0.044" /><testcase classname="tests.integration.test_integration_cluster_under90_high_impact" name="test_analyze_functions_returns_dict" time="0.044" /><testcase classname="tests.integration.test_integration_cluster_under90_high_impact" name="test_analyze_ssdeep_returns_dict" time="0.044" /><testcase classname="tests.integration.test_integration_cluster_under90_high_impact" name="test_analyze_tlsh_returns_dict" time="0.043" /><testcase classname="tests.integration.test_integration_cluster_under90_high_impact" name="test_analyze_telfhash_returns_dict" time="0.043" /><testcase classname="tests.integration.test_integration_cluster_under90_high_impact" name="test_analyze_rich_header_returns_dict" time="0.042" /><testcase classname="tests.integration.test_integration_cluster_under90_high_impact" name="test_analyze_impfuzzy_returns_dict" time="0.043" /><testcase classname="tests.integration.test_integration_cluster_under90_high_impact" name="test_analyze_ccbhash_returns_dict" time="0.045" /><testcase classname="tests.integration.test_integration_cluster_under90_high_impact" name="test_analyze_binlex_returns_dict" time="0.045" /><testcase classname="tests.integration.test_integration_cluster_under90_high_impact" name="test_analyze_binbloom_returns_dict" time="0.045" /><testcase classname="tests.integration.test_integration_cluster_under90_high_impact" name="test_analyze_simhash_returns_dict" time="0.044" /><testcase classname="tests.integration.test_integration_cluster_under90_high_impact" name="test_analyze_bindiff_returns_dict" time="0.043" /><testcase classname="tests.integration.test_integration_cluster_under90_high_impact" name="test_generate_indicators_returns_empty_when_aggregator_returns_non_list" time="0.046" /><testcase classname="tests.integration.test_integration_cluster_under90_high_impact" name="test_generate_executive_summary_returns_empty_for_non_dict" time="0.045" /><testcase classname="tests.integration.test_integration_cluster_under90_high_impact" name="test_inspector_helpers_type_coercions" time="0.050" /><testcase classname="tests.integration.test_integration_cluster_under90_high_impact" name="test_inspector_helpers_analyzer_not_found_branch" time="0.050" /><testcase classname="tests.integration.test_integration_cluster_under90_high_impact" name="test_inspector_helpers_real_methods" time="13.720" /><testcase classname="tests.integration.test_integration_cluster_under90_high_impact" name="test_result_aggregator_indicators_and_summary" time="0.047" /><testcase classname="tests.integration.test_integration_cluster_under90_high_impact" name="test_import_error_branch_sets_unavailable" time="0.047" /><testcase classname="tests.integration.test_integration_cluster_under90_high_impact" name="test_check_library_availability_true_false" time="0.044" /><testcase classname="tests.integration.test_integration_cluster_under90_high_impact" name="test_calculate_hash_not_elf_returns_error" time="0.045" /><testcase classname="tests.integration.test_integration_cluster_under90_high_impact" name="test_calculate_hash_list_result" time="0.045" /><testcase classname="tests.integration.test_integration_cluster_under90_high_impact" name="test_calculate_hash_dict_result_with_missing_hash" time="0.044" /><testcase classname="tests.integration.test_integration_cluster_under90_high_impact" name="test_calculate_hash_scalar_result_and_exception" time="0.046" /><testcase classname="tests.integration.test_integration_cluster_under90_high_impact" name="test_analyze_symbols_without_library" time="0.044" /><testcase classname="tests.integration.test_integration_cluster_under90_high_impact" name="test_analyze_symbols_non_elf_file" time="0.045" /><testcase classname="tests.integration.test_integration_cluster_under90_high_impact" name="test_analyze_symbols_with_list_result_and_symbol_filters" time="0.045" /><testcase classname="tests.integration.test_integration_cluster_under90_high_impact" name="test_analyze_symbols_message_when_no_hash_for_dict" time="0.044" /><testcase classname="tests.integration.test_integration_cluster_under90_high_impact" name="test_analyze_symbols_telfhash_call_exception" time="0.044" /><testcase classname="tests.integration.test_integration_cluster_under90_high_impact" name="test_is_elf_file_none_r2_returns_false" time="0.044" /><testcase classname="tests.integration.test_integration_cluster_under90_high_impact" name="test_is_elf_file_falls_back_to_info_command" time="0.044" /><testcase classname="tests.integration.test_integration_cluster_under90_high_impact" name="test_is_elf_file_handles_exception" time="0.044" /><testcase classname="tests.integration.test_integration_cluster_under90_high_impact" name="test_has_elf_symbols_returns_false_when_no_matches" time="0.044" /><testcase classname="tests.integration.test_integration_cluster_under90_high_impact" name="test_has_elf_symbols_exception_path" time="0.043" /><testcase classname="tests.integration.test_integration_cluster_under90_high_impact" name="test_get_elf_symbols_logs_and_returns_empty_on_error" time="0.044" /><testcase classname="tests.integration.test_integration_cluster_under90_high_impact" name="test_filter_and_extract_symbol_names_are_normalized" time="0.042" /><testcase classname="tests.integration.test_integration_cluster_under90_high_impact" name="test_compare_hashes_paths" time="0.041" /><testcase classname="tests.integration.test_integration_cluster_under90_high_impact" name="test_calculate_telfhash_from_file_branches" time="0.042" /><testcase classname="tests.integration.test_integration_cluster_under90_high_impact" name="test_telfhash_is_available_returns_bool" time="0.042" /><testcase classname="tests.integration.test_integration_cluster_under90_high_impact" name="test_telfhash_available_constant_matches" time="0.042" /><testcase classname="tests.integration.test_integration_cluster_under90_high_impact" name="test_check_library_available" time="0.042" /><testcase classname="tests.integration.test_integration_cluster_under90_high_impact" name="test_get_hash_type" time="0.041" /><testcase classname="tests.integration.test_integration_cluster_under90_high_impact" name="test_should_skip_symbol_short_name" time="0.041" /><testcase classname="tests.integration.test_integration_cluster_under90_high_impact" name="test_should_skip_symbol_double_underscore" time="0.041" /><testcase classname="tests.integration.test_integration_cluster_under90_high_impact" name="test_should_skip_symbol_global_offset" time="0.041" /><testcase classname="tests.integration.test_integration_cluster_under90_high_impact" name="test_should_skip_symbol_dynamic" time="0.041" /><testcase classname="tests.integration.test_integration_cluster_under90_high_impact" name="test_should_skip_symbol_local_label" time="0.041" /><testcase classname="tests.integration.test_integration_cluster_under90_high_impact" name="test_should_skip_symbol_edata" time="0.042" /><testcase classname="tests.integration.test_integration_cluster_under90_high_impact" name="test_should_skip_symbol_end" time="0.042" /><testcase classname="tests.integration.test_integration_cluster_under90_high_impact" name="test_should_skip_symbol_start" time="0.043" /><testcase classname="tests.integration.test_integration_cluster_under90_high_impact" name="test_should_skip_symbol_normal" time="0.047" /><testcase classname="tests.integration.test_integration_cluster_under90_high_impact" name="test_filter_symbols_keeps_func_global" time="0.050" /><testcase classname="tests.integration.test_integration_cluster_under90_high_impact" name="test_filter_symbols_keeps_object_weak" time="0.048" /><testcase classname="tests.integration.test_integration_cluster_under90_high_impact" name="test_filter_symbols_excludes_local" time="0.046" /><testcase classname="tests.integration.test_integration_cluster_under90_high_impact" name="test_filter_symbols_excludes_section_type" time="0.044" /><testcase classname="tests.integration.test_integration_cluster_under90_high_impact" name="test_filter_symbols_excludes_empty_name" time="0.043" /><testcase classname="tests.integration.test_integration_cluster_under90_high_impact" name="test_filter_symbols_excludes_skip_pattern" time="0.042" /><testcase classname="tests.integration.test_integration_cluster_under90_high_impact" name="test_filter_symbols_mixed" time="0.042" /><testcase classname="tests.integration.test_integration_cluster_under90_high_impact" name="test_extract_symbol_names_sorted" time="0.043" /><testcase classname="tests.integration.test_integration_cluster_under90_high_impact" name="test_extract_symbol_names_filters_empty" time="0.043" /><testcase classname="tests.integration.test_integration_cluster_under90_high_impact" name="test_has_elf_symbols_returns_false_no_symbols" time="0.045" /><testcase classname="tests.integration.test_integration_cluster_under90_high_impact" name="test_has_elf_symbols_with_linux_os" time="0.046" /><testcase classname="tests.integration.test_integration_cluster_under90_high_impact" name="test_has_elf_symbols_with_unix_os" time="0.045" /><testcase classname="tests.integration.test_integration_cluster_under90_high_impact" name="test_has_elf_symbols_with_windows_os" time="0.043" /><testcase classname="tests.integration.test_integration_cluster_under90_high_impact" name="test_has_elf_symbols_no_bin_key" time="0.043" /><testcase classname="tests.integration.test_integration_cluster_under90_high_impact" name="test_get_elf_symbols_returns_list" time="0.045" /><testcase classname="tests.integration.test_integration_cluster_under90_high_impact" name="test_get_elf_symbols_empty" time="0.043" /><testcase classname="tests.integration.test_integration_cluster_under90_high_impact" name="test_get_elf_symbols_none" time="0.044" /><testcase classname="tests.integration.test_integration_cluster_under90_high_impact" name="test_compare_hashes_none_input" time="0.044" /><testcase classname="tests.integration.test_integration_cluster_under90_high_impact" name="test_compare_hashes_empty_string" time="0.041" /><testcase classname="tests.integration.test_integration_cluster_under90_high_impact" name="test_compare_hashes_not_available" time="0.042" /><testcase classname="tests.integration.test_integration_cluster_under90_high_impact" name="test_compare_hashes_valid_if_available" time="0.042" /><testcase classname="tests.integration.test_integration_cluster_under90_high_impact" name="test_calculate_telfhash_from_file_not_available" time="0.042" /><testcase classname="tests.integration.test_integration_cluster_under90_high_impact" name="test_calculate_telfhash_from_file_with_elf" time="0.044" /><testcase classname="tests.integration.test_integration_cluster_under90_high_impact" name="test_calculate_telfhash_from_file_nonexistent" time="0.043" /><testcase classname="tests.integration.test_integration_cluster_under90_high_impact" name="test_is_elf_file_with_none_r2" time="0.043" /><testcase classname="tests.integration.test_integration_cluster_under90_high_impact" name="test_is_elf_file_with_real_elf" time="0.044" /><testcase classname="tests.integration.test_integration_cluster_under90_high_impact" name="test_analyze_symbols_not_available" time="0.043" /><testcase classname="tests.integration.test_integration_cluster_under90_high_impact" name="test_analyze_symbols_not_elf" time="0.043" /><testcase classname="tests.integration.test_integration_cluster_under90_high_impact" name="test_analyze_symbols_with_elf_fixture" time="0.046" /><testcase classname="tests.integration.test_integration_cluster_under90_high_impact" name="test_calculate_hash_not_elf" time="0.043" /><testcase classname="tests.integration.test_integration_cluster_under90_high_impact" name="test_calculate_hash_with_elf" time="0.046" /><testcase classname="tests.integration.test_integration_cluster_under90_high_impact" name="test_analyze_returns_dict" time="0.044" /><testcase classname="tests.integration.test_integration_cluster_under90_high_impact" name="test_analyze_telfhash_field_equals_hash_value" time="0.049" /><testcase classname="tests.integration.test_integration_cluster_under90_high_impact" name="test_analyze_symbols_with_elf_fixture_covers_list_branch" time="0.052" /><testcase classname="tests.integration.test_integration_cluster_under90_high_impact" name="test_analyze_symbols_telfhash_exception_coverage" time="0.061" /><testcase classname="tests.integration.test_integration_cluster_under90_high_impact" name="test_calculate_hash_with_real_elf" time="0.046" /><testcase classname="tests.integration.test_integration_cluster_under90_high_impact" name="test_calculate_hash_telfhash_returns_dict" time="0.046" /><testcase classname="tests.integration.test_integration_cluster_under90_high_impact" name="test_compare_hashes_with_ssdeep" time="0.043" /><testcase classname="tests.integration.test_integration_cluster_under90_high_impact" name="test_has_elf_symbols_exception_handling" time="0.045" /><testcase classname="tests.integration.test_integration_cluster_under90_high_impact" name="test_calculate_hash_telfhash_empty_list" time="0.043" /><testcase classname="tests.integration.test_integration_cluster_under90_high_impact" name="test_calculate_hash_elf_with_hash" time="0.045" /><testcase classname="tests.integration.test_integration_cluster_under90_high_impact" name="test_is_elf_file_fallback_to_has_elf_symbols" time="0.045" /><testcase classname="tests.integration.test_integration_cluster_under90_high_impact" name="test_calculate_telfhash_from_file_elf" time="0.044" /><testcase classname="tests.integration.test_integration_cluster_under90_high_impact" name="test_compare_hashes_exception_path" time="0.042" /><testcase classname="tests.integration.test_integration_cluster_under90_high_impact" name="test_is_available_returns_bool" time="0.043" /><testcase classname="tests.integration.test_integration_cluster_under90_high_impact" name="test_is_available_matches_module_constant" time="0.042" /><testcase classname="tests.integration.test_integration_cluster_under90_high_impact" name="test_check_library_availability_when_available" time="0.043" /><testcase classname="tests.integration.test_integration_cluster_under90_high_impact" name="test_check_library_availability_returns_tuple" time="0.043" /><testcase classname="tests.integration.test_integration_cluster_under90_high_impact" name="test_get_hash_type_returns_telfhash_string" time="0.042" /><testcase classname="tests.integration.test_integration_cluster_under90_high_impact" name="test_should_skip_single_char_name" time="0.042" /><testcase classname="tests.integration.test_integration_cluster_under90_high_impact" name="test_should_skip_empty_name" time="0.042" /><testcase classname="tests.integration.test_integration_cluster_under90_high_impact" name="test_should_skip_double_underscore_prefix" time="0.041" /><testcase classname="tests.integration.test_integration_cluster_under90_high_impact" name="test_should_skip_global_offset_table" time="0.044" /><testcase classname="tests.integration.test_integration_cluster_under90_high_impact" name="test_should_skip_dynamic" time="0.042" /><testcase classname="tests.integration.test_integration_cluster_under90_high_impact" name="test_should_skip_local_label" time="0.042" /><testcase classname="tests.integration.test_integration_cluster_under90_high_impact" name="test_should_skip_edata" time="0.041" /><testcase classname="tests.integration.test_integration_cluster_under90_high_impact" name="test_should_skip_end" time="0.042" /><testcase classname="tests.integration.test_integration_cluster_under90_high_impact" name="test_should_skip_start" time="0.042" /><testcase classname="tests.integration.test_integration_cluster_under90_high_impact" name="test_should_not_skip_normal_symbol" time="0.042" /><testcase classname="tests.integration.test_integration_cluster_under90_high_impact" name="test_should_not_skip_two_char_name" time="0.043" /><testcase classname="tests.integration.test_integration_cluster_under90_high_impact" name="test_should_not_skip_open" time="0.042" /><testcase classname="tests.integration.test_integration_cluster_under90_high_impact" name="test_should_not_skip_main" time="0.042" /><testcase classname="tests.integration.test_integration_cluster_under90_high_impact" name="test_filter_keeps_global_func" time="0.042" /><testcase classname="tests.integration.test_integration_cluster_under90_high_impact" name="test_filter_keeps_weak_object" time="0.041" /><testcase classname="tests.integration.test_integration_cluster_under90_high_impact" name="test_filter_drops_local_binding" time="0.043" /><testcase classname="tests.integration.test_integration_cluster_under90_high_impact" name="test_filter_drops_notype" time="0.043" /><testcase classname="tests.integration.test_integration_cluster_under90_high_impact" name="test_filter_drops_empty_name" time="0.042" /><testcase classname="tests.integration.test_integration_cluster_under90_high_impact" name="test_filter_drops_whitespace_name" time="0.042" /><testcase classname="tests.integration.test_integration_cluster_under90_high_impact" name="test_filter_drops_skipped_pattern" time="0.043" /><testcase classname="tests.integration.test_integration_cluster_under90_high_impact" name="test_filter_mixed_symbols" time="0.042" /><testcase classname="tests.integration.test_integration_cluster_under90_high_impact" name="test_extract_symbol_names_filters_empty_strings" time="0.042" /><testcase classname="tests.integration.test_integration_cluster_under90_high_impact" name="test_extract_symbol_names_returns_list" time="0.043" /><testcase classname="tests.integration.test_integration_cluster_under90_high_impact" name="test_extract_symbol_names_empty_input" time="0.041" /><testcase classname="tests.integration.test_integration_cluster_under90_high_impact" name="test_has_elf_symbols_returns_false_when_no_symbols" time="0.042" /><testcase classname="tests.integration.test_integration_cluster_under90_high_impact" name="test_has_elf_symbols_linux_os" time="0.041" /><testcase classname="tests.integration.test_integration_cluster_under90_high_impact" name="test_has_elf_symbols_unix_os" time="0.042" /><testcase classname="tests.integration.test_integration_cluster_under90_high_impact" name="test_has_elf_symbols_windows_os" time="0.043" /><testcase classname="tests.integration.test_integration_cluster_under90_high_impact" name="test_has_elf_symbols_none_info" time="0.042" /><testcase classname="tests.integration.test_integration_cluster_under90_high_impact" name="test_has_elf_symbols_exception_returns_false" time="0.042" /><testcase classname="tests.integration.test_integration_cluster_under90_high_impact" name="test_get_elf_symbols_with_symbols" time="0.042" /><testcase classname="tests.integration.test_integration_cluster_under90_high_impact" name="test_get_elf_symbols_empty_list" time="0.042" /><testcase classname="tests.integration.test_integration_cluster_under90_high_impact" name="test_get_elf_symbols_none_returns_empty" time="0.042" /><testcase classname="tests.integration.test_integration_cluster_under90_high_impact" name="test_get_elf_symbols_exception_returns_empty" time="0.042" /><testcase classname="tests.integration.test_integration_cluster_under90_high_impact" name="test_is_elf_file_returns_bool" time="0.042" /><testcase classname="tests.integration.test_integration_cluster_under90_high_impact" name="test_calculate_hash_returns_tuple_of_three" time="0.041" /><testcase classname="tests.integration.test_integration_cluster_under90_high_impact" name="test_calculate_hash_with_forced_elf_nonexistent_path" time="0.045" /><testcase classname="tests.integration.test_integration_cluster_under90_high_impact" name="test_calculate_hash_with_real_elf_fixture" time="0.048" /><testcase classname="tests.integration.test_integration_cluster_under90_high_impact" name="test_analyze_returns_dict_with_telfhash_key" time="0.041" /><testcase classname="tests.integration.test_integration_cluster_under90_high_impact" name="test_analyze_telfhash_field_consistent_with_hash_value" time="0.042" /><testcase classname="tests.integration.test_integration_cluster_under90_high_impact" name="test_analyze_symbols_not_available_branch" time="0.047"><skipped type="pytest.skip" message="telfhash is available">/Users/seifreed/tools/malware/r2inspect/tests/unit/test_telfhash_analyzer_branch_paths.py:468: telfhash is available</skipped></testcase><testcase classname="tests.integration.test_integration_cluster_under90_high_impact" name="test_analyze_symbols_not_elf_branch" time="0.045" /><testcase classname="tests.integration.test_integration_cluster_under90_high_impact" name="test_analyze_symbols_returns_required_keys" time="0.043" /><testcase classname="tests.integration.test_integration_cluster_under90_high_impact" name="test_analyze_symbols_elf_fixture_direct" time="0.044" /><testcase classname="tests.integration.test_integration_cluster_under90_high_impact" name="test_compare_hashes_returns_none_when_unavailable" time="0.042"><skipped type="pytest.skip" message="telfhash is available">/Users/seifreed/tools/malware/r2inspect/tests/unit/test_telfhash_analyzer_branch_paths.py:518: telfhash is available</skipped></testcase><testcase classname="tests.integration.test_integration_cluster_under90_high_impact" name="test_compare_hashes_none_first_arg" time="0.042" /><testcase classname="tests.integration.test_integration_cluster_under90_high_impact" name="test_compare_hashes_none_second_arg" time="0.042" /><testcase classname="tests.integration.test_integration_cluster_under90_high_impact" name="test_compare_hashes_empty_first" time="0.042" /><testcase classname="tests.integration.test_integration_cluster_under90_high_impact" name="test_compare_hashes_empty_second" time="0.041" /><testcase classname="tests.integration.test_integration_cluster_under90_high_impact" name="test_compare_hashes_both_empty" time="0.041" /><testcase classname="tests.integration.test_integration_cluster_under90_high_impact" name="test_compare_hashes_returns_int_or_none_when_available" time="0.042" /><testcase classname="tests.integration.test_integration_cluster_under90_high_impact" name="test_compare_hashes_invalid_format_does_not_raise" time="0.041" /><testcase classname="tests.integration.test_integration_cluster_under90_high_impact" name="test_calculate_telfhash_from_file_unavailable" time="0.042"><skipped type="pytest.skip" message="telfhash is available">/Users/seifreed/tools/m
[...]
r_command_from_kwargs_skip_retry_for_stable_command" time="0.042" /><testcase classname="tests.integration.test_integration_phase_d_bridge" name="test_retry_manager_timeout_is_enforced_before_attempt" time="0.043" /><testcase classname="tests.integration.test_integration_phase_d_bridge" name="test_retry_manager_retryable_timeout_with_backoff_and_success" time="0.041" /><testcase classname="tests.integration.test_integration_phase_d_bridge" name="test_retry_manager_re_raise_on_retry_limit" time="0.041" /><testcase classname="tests.integration.test_integration_phase_d_bridge" name="test_rate_limiter_cleanup_memory_error_path" time="0.074" /><testcase classname="tests.integration.test_integration_phase_d_bridge" name="test_batch_rate_limiter_acquire_handles_rate_limit_exception" time="0.042" /><testcase classname="tests.integration.test_integration_phase_d_bridge" name="test_adaptive_rate_limiter_updates_rate_from_system_stress" time="0.041" /><testcase classname="tests.integration.test_integration_targeted_small_gaps_core" name="test_integration_analyzer_runner_success_no_analyze_and_failure" time="0.041" /><testcase classname="tests.integration.test_integration_targeted_small_gaps_core" name="test_integration_magic_adapter_platform_import_and_detectors" time="0.041" /><testcase classname="tests.integration.test_integration_targeted_small_gaps_core" name="test_integration_default_registry_filters_and_entry_point_safety" time="0.073" /><testcase classname="tests.integration.test_integration_targeted_small_gaps_core" name="test_integration_analyzer_factory_keyword_error_and_none_skips" time="0.041" /><testcase classname="tests.integration.test_integration_targeted_small_gaps_core" name="test_integration_analyzer_factory_skips_none_candidates" time="0.041" /><testcase classname="tests.integration.test_integration_targeted_small_gaps_core" name="test_integration_policies_validation_and_copy_with_overrides" time="0.045" /><testcase classname="tests.integration.test_integration_targeted_small_gaps_core" name="test_integration_stages_common_execute_paths" time="0.042" /><testcase classname="tests.integration.test_integration_z5_under90_bridge" name="test_hashing_strategy_successful_analysis" time="0.071" /><testcase classname="tests.integration.test_integration_z5_under90_bridge" name="test_hashing_strategy_library_unavailable" time="0.060" /><testcase classname="tests.integration.test_integration_z5_under90_bridge" name="test_hashing_strategy_library_unavailable_no_error_message" time="0.082" /><testcase classname="tests.integration.test_integration_z5_under90_bridge" name="test_hashing_strategy_hash_calculation_error" time="0.047" /><testcase classname="tests.integration.test_integration_z5_under90_bridge" name="test_hashing_strategy_unexpected_exception" time="0.045" /><testcase classname="tests.integration.test_integration_z5_under90_bridge" name="test_hashing_strategy_file_not_found" time="0.052" /><testcase classname="tests.integration.test_integration_z5_under90_bridge" name="test_hashing_strategy_directory_not_file" time="0.045" /><testcase classname="tests.integration.test_integration_z5_under90_bridge" name="test_hashing_strategy_file_too_small" time="0.044" /><testcase classname="tests.integration.test_integration_z5_under90_bridge" name="test_hashing_strategy_file_too_large" time="0.045" /><testcase classname="tests.integration.test_integration_z5_under90_bridge" name="test_hashing_strategy_file_access_error" time="0.044" /><testcase classname="tests.integration.test_integration_z5_under90_bridge" name="test_hashing_strategy_os_error_on_stat" time="0.042" /><testcase classname="tests.integration.test_integration_z5_under90_bridge" name="test_hashing_strategy_get_file_size_success" time="0.068" /><testcase classname="tests.integration.test_integration_z5_under90_bridge" name="test_hashing_strategy_get_file_size_error" time="0.052" /><testcase classname="tests.integration.test_integration_z5_under90_bridge" name="test_hashing_strategy_get_file_extension" time="0.044" /><testcase classname="tests.integration.test_integration_z5_under90_bridge" name="test_hashing_strategy_get_file_extension_no_extension" time="0.043" /><testcase classname="tests.integration.test_integration_z5_under90_bridge" name="test_hashing_strategy_str_representation" time="0.044" /><testcase classname="tests.integration.test_integration_z5_under90_bridge" name="test_hashing_strategy_repr_representation" time="0.043" /><testcase classname="tests.integration.test_integration_z5_under90_bridge" name="test_hashing_strategy_compare_hashes" time="0.041" /><testcase classname="tests.integration.test_integration_z5_under90_bridge" name="test_hashing_strategy_is_available" time="0.043" /><testcase classname="tests.integration.test_integration_z5_under90_bridge" name="test_r2_hashing_strategy_initialization" time="0.045" /><testcase classname="tests.integration.test_integration_z5_under90_bridge" name="test_r2_hashing_strategy_inherits_validation" time="0.044" /><testcase classname="tests.integration.test_integration_z5_under90_bridge" name="test_hashing_strategy_init_validation_empty_filepath" time="0.049" /><testcase classname="tests.integration.test_integration_z5_under90_bridge" name="test_hashing_strategy_init_validation_negative_max_size" time="0.044" /><testcase classname="tests.integration.test_integration_z5_under90_bridge" name="test_hashing_strategy_init_validation_negative_min_size" time="0.047" /><testcase classname="tests.integration.test_integration_z5_under90_bridge" name="test_hashing_strategy_init_validation_min_greater_than_max" time="0.043" /><testcase classname="tests.integration.test_integration_z5_under90_bridge" name="test_empty_filepath_raises" time="0.043" /><testcase classname="tests.integration.test_integration_z5_under90_bridge" name="test_invalid_size_limits_raise" time="0.042" /><testcase classname="tests.integration.test_integration_z5_under90_bridge" name="test_nonexistent_file_returns_error" time="0.042" /><testcase classname="tests.integration.test_integration_z5_under90_bridge" name="test_path_is_directory_returns_error" time="0.043" /><testcase classname="tests.integration.test_integration_z5_under90_bridge" name="test_file_too_small_returns_error" time="0.043" /><testcase classname="tests.integration.test_integration_z5_under90_bridge" name="test_file_too_large_returns_error" time="0.042" /><testcase classname="tests.integration.test_integration_z5_under90_bridge" name="test_library_unavailable_returns_error" time="0.042" /><testcase classname="tests.integration.test_integration_z5_under90_bridge" name="test_calculation_error_stored_in_result" time="0.043" /><testcase classname="tests.integration.test_integration_z5_under90_bridge" name="test_successful_analysis_result" time="0.044" /><testcase classname="tests.integration.test_integration_z5_under90_bridge" name="test_get_file_size_returns_bytes" time="0.050" /><testcase classname="tests.integration.test_integration_z5_under90_bridge" name="test_get_file_size_nonexistent_returns_none" time="0.043" /><testcase classname="tests.integration.test_integration_z5_under90_bridge" name="test_get_file_extension" time="0.043" /><testcase classname="tests.integration.test_integration_z5_under90_bridge" name="test_get_file_extension_no_extension" time="0.043" /><testcase classname="tests.integration.test_integration_z5_under90_bridge" name="test_str_representation" time="0.046" /><testcase classname="tests.integration.test_integration_z5_under90_bridge" name="test_repr_representation" time="0.044" /><testcase classname="tests.integration.test_integration_z5_under90_bridge" name="test_r2_hashing_strategy_init" time="0.043" /><testcase classname="tests.integration.test_integration_z5_under90_bridge" name="test_hashing_strategy_stat_error" time="0.043" /><testcase classname="tests.integration.test_integration_z5_under90_bridge" name="test_hashing_strategy_analyze_success" time="0.044" /><testcase classname="tests.integration.test_integration_z5_under90_bridge" name="test_hashing_strategy_flow" time="0.045" /><testcase classname="tests.integration.test_integration_z5_under90_bridge" name="test_hashing_strategy_validation_errors" time="0.043" /><testcase classname="tests.integration.test_integration_z5_under90_bridge" name="test_get_ssdeep_success" time="0.041" /><testcase classname="tests.integration.test_integration_z5_under90_bridge" name="test_get_ssdeep_cached" time="0.042" /><testcase classname="tests.integration.test_integration_z5_under90_bridge" name="test_get_ssdeep_import_failure" time="0.042" /><testcase classname="tests.integration.test_integration_z5_under90_bridge" name="test_get_ssdeep_exception_handling" time="0.041" /><testcase classname="tests.integration.test_integration_z5_under90_bridge" name="test_get_ssdeep_thread_safety" time="0.042" /><testcase classname="tests.integration.test_integration_z5_under90_bridge" name="test_get_ssdeep_double_check_lock_returns_cached" time="0.042" /><testcase classname="tests.integration.test_integration_z5_under90_bridge" name="test_get_ssdeep_double_check_locking" time="0.042" /><testcase classname="tests.integration.test_integration_z5_under90_bridge" name="test_get_ssdeep_already_cached" time="0.042" /><testcase classname="tests.integration.test_integration_z5_under90_bridge" name="test_get_ssdeep_warnings_filtered" time="0.041" /><testcase classname="tests.integration.test_integration_z5_under90_bridge" name="test_module_level_warning_filter" time="0.042" /><testcase classname="tests.integration.test_integration_z5_under90_bridge" name="test_import_lock_is_threading_lock" time="0.042" /><testcase classname="tests.integration.test_integration_z5_under90_bridge" name="test_ssdeep_module_initial_state" time="0.042" /><testcase classname="tests.integration.test_integration_z5_under90_bridge" name="test_get_ssdeep_with_mocked_successful_import" time="0.041" /><testcase classname="tests.integration.test_integration_z5_under90_bridge" name="test_get_ssdeep_race_condition_handling" time="0.055" /><testcase classname="tests.integration.test_integration_z5_under90_bridge" name="test_ssdeep_loader_success_and_failure" time="0.044" /><testcase classname="tests.integration.test_integration_z5_under90_bridge" name="test_get_ssdeep_is_stable" time="0.047" /><testcase classname="tests.integration.test_integration_z5_under90_bridge" name="test_display_retry_statistics_returns_without_retries" time="0.043" /><testcase classname="tests.integration.test_integration_z5_under90_bridge" name="test_display_retry_statistics_prints_and_calls_child" time="0.043" /><testcase classname="tests.integration.test_integration_z5_under90_bridge" name="test_display_most_retried_commands_returns_on_empty" time="0.042" /><testcase classname="tests.integration.test_integration_z5_under90_bridge" name="test_display_most_retried_commands_sorts_commands" time="0.042" /><testcase classname="tests.integration.test_integration_z5_under90_bridge" name="test_display_circuit_breaker_statistics_returns_on_empty_stats" time="0.042" /><testcase classname="tests.integration.test_integration_z5_under90_bridge" name="test_display_circuit_breaker_statistics_returns_when_no_positive_metrics" time="0.042" /><testcase classname="tests.integration.test_integration_z5_under90_bridge" name="test_display_circuit_breaker_statistics_prints_positive_metrics" time="0.041" /><testcase classname="tests.integration.test_integration_z5_under90_bridge" name="test_empty_helpers" time="0.041" /><testcase classname="tests.integration.test_integration_z5_under90_bridge" name="test_create_custom_policy_defaults_and_overrides" time="0.041" /><testcase classname="tests.integration.test_integration_z5_under90_bridge" name="test_add_statistics_adds_error_stats_when_errors_present" time="0.041" /><testcase classname="tests.integration.test_integration_z5_under90_bridge" name="test_add_statistics_does_not_add_error_stats_when_no_errors" time="0.042" /><testcase classname="tests.integration.test_integration_z5_under90_bridge" name="test_reset_stats_forwards_to_error_manager" time="0.042" /><testcase classname="tests.integration.test_integration_z5_under90_bridge" name="test_execute_calls_inspector_analyze_with_kwargs" time="0.043" /><testcase classname="tests.integration.test_integration_z5_under90_bridge" name="test_add_statistics_adds_retry_and_circuit_stats" time="0.042" /><testcase classname="tests.integration.test_integration_z5_under90_bridge" name="test_validate_results_skips_when_flag_disabled" time="0.041" /><testcase classname="tests.integration.test_integration_z5_under90_bridge" name="test_validate_results_calls_converter_for_registered_payloads" time="0.042" /><testcase classname="tests.integration.test_integration_z5_under90_bridge" name="test_has_circuit_breaker_data_with_nested_dict_values" time="0.049" /><testcase classname="tests.integration.test_integration_z5_under90_bridge" name="test_has_circuit_breaker_data_false_on_zero_and_closed" time="0.047" /><testcase classname="tests.integration.test_integration_z5_under90_bridge" name="test_validate_results_with_schema_validation_enabled" time="0.043" /><testcase classname="tests.integration.test_integration_z5_under90_bridge" name="test_has_circuit_breaker_data_returns_true_for_open_state" time="0.042" /><testcase classname="tests.integration.test_integration_z5_under90_bridge" name="test_has_circuit_breaker_data_returns_false_for_empty" time="0.042" /><testcase classname="tests.integration.test_integration_z5_under90_bridge" name="test_is_pe_executable_returns_true_for_mz_header_with_seek_error" time="0.041" /><testcase classname="tests.integration.test_integration_z5_under90_bridge" name="test_is_pe_executable_returns_false_for_non_mz" time="0.041" /><testcase classname="tests.integration.test_integration_z5_under90_bridge" name="test_generate_executive_summary_returns_summary_for_empty_results" time="0.041" /><testcase classname="tests.integration.test_integration_z5_under90_bridge" name="test_generate_executive_summary_exception_path_returns_error_dict" time="0.041" /><testcase classname="tests.integration.test_large_modules_real_error_paths" name="test_function_analyzer_real_and_no_functions" time="0.389" /><testcase classname="tests.integration.test_large_modules_real_error_paths" name="test_rich_header_and_resource_analyzers_real" time="0.442" /><testcase classname="tests.integration.test_large_modules_real_error_paths" name="test_hashing_analyzers_real_and_validation_errors" time="0.480" /><testcase classname="tests.integration.test_modules_additional_real_fixtures" name="test_authenticode_and_mitigations_real" time="0.633" /><testcase classname="tests.integration.test_modules_additional_real_fixtures" name="test_packer_and_overlay_real" time="0.573" /><testcase classname="tests.integration.test_modules_additional_real_fixtures" name="test_compiler_detection_real" time="0.817" /><testcase classname="tests.integration.test_modules_real_branches_exhaustive" name="test_full_analyzer_surface_real[hello_pe.exe]" time="6.229" /><testcase classname="tests.integration.test_modules_real_branches_exhaustive" name="test_full_analyzer_surface_real[hello_elf]" time="0.662" /><testcase classname="tests.integration.test_modules_real_branches_exhaustive" name="test_full_analyzer_surface_real[hello_macho]" time="0.678" /><testcase classname="tests.integration.test_modules_real_branches_exhaustive" name="test_edge_case_analyzers_real[edge_bad_pe.bin]" time="0.159" /><testcase classname="tests.integration.test_modules_real_branches_exhaustive" name="test_edge_case_analyzers_real[edge_tiny.bin]" time="0.112" /><testcase classname="tests.integration.test_phase2_pipeline" name="test_pipeline_progress_order_sequential" time="2.258" /><testcase classname="tests.integration.test_phase2_pipeline" name="test_pipeline_sequential_format_analysis_branches[samples/fixtures/hello_pe.exe-PE-pe_info]" time="2.247" /><testcase classname="tests.integration.test_phase2_pipeline" name="test_pipeline_sequential_format_analysis_branches[samples/fixtures/hello_elf-ELF-elf_info]" time="0.268" /><testcase classname="tests.integration.test_phase2_pipeline" name="test_pipeline_sequential_format_analysis_branches[samples/fixtures/hello_macho-Mach-O-macho_info]" time="0.297" /><testcase classname="tests.integration.test_phase2_pipeline" name="test_pipeline_parallel_core_results" time="2.247" /><testcase classname="tests.integration.test_phase2_pipeline" name="test_inspector_options_disable_detection" time="2.183" /><testcase classname="tests.integration.test_phase3_real_no_mocks_hashing_similarity_paths" name="test_phase3_simhash_calculate_similarity_real" time="1.003" /><testcase classname="tests.integration.test_phase3_real_no_mocks_hashing_similarity_paths" name="test_phase3_simhash_extract_function_features_real" time="0.310" /><testcase classname="tests.integration.test_phase3_real_no_mocks_hashing_similarity_paths" name="test_phase3_tlsh_find_similar_sections_real" time="0.387" /><testcase classname="tests.integration.test_phase3_real_no_mocks_hashing_similarity_paths" name="test_phase3_impfuzzy_compare_hashes_real" time="0.268" /><testcase classname="tests.integration.test_phase3_real_no_mocks_hashing_similarity_paths" name="test_phase3_telfhash_compare_hashes_real" time="0.101" /><testcase classname="tests.integration.test_phase3_real_no_mocks_hashing_similarity_paths" name="test_phase3_telfhash_symbol_probe_helpers_real" time="0.100" /><testcase classname="tests.integration.test_phase4_real_no_mocks_error_recovery_paths" name="test_phase4_telfhash_real_error_recovery_paths" time="0.100" /><testcase classname="tests.integration.test_phase4_real_no_mocks_error_recovery_paths" name="test_phase4_simhash_real_error_recovery_paths" time="0.251" /><testcase classname="tests.integration.test_phase4_real_no_mocks_error_recovery_paths" name="test_phase4_binlex_real_token_extractors_and_recovery" time="0.288" /><testcase classname="tests.integration.test_phase4_real_no_mocks_error_recovery_paths" name="test_phase4_impfuzzy_real_invalid_input_paths" time="0.042" /><testcase classname="tests.integration.test_phase4_real_no_mocks_error_recovery_paths" name="test_phase4_telfhash_real_adapter_none_probe_paths" time="0.045" /><testcase classname="tests.integration.test_phase6_hashing_similarity" name="test_ssdeep_analyzer_real_binary" time="0.043" /><testcase classname="tests.integration.test_phase6_hashing_similarity" name="test_tlsh_analyzer_library_gate" time="0.192" /><testcase classname="tests.integration.test_phase6_hashing_similarity" name="test_telfhash_analyzer_library_gate" time="0.102" /><testcase classname="tests.integration.test_phase6_hashing_similarity" name="test_impfuzzy_analyzer_library_gate" time="0.205" /><testcase classname="tests.integration.test_phase6_hashing_similarity" name="test_simhash_analyzer_basic" time="0.336" /><testcase classname="tests.integration.test_phase6_hashing_similarity" name="test_binbloom_analyzer_basic" time="0.849" /><testcase classname="tests.integration.test_phase6_hashing_similarity" name="test_binlex_analyzer_basic" time="0.322" /><testcase classname="tests.integration.test_phase6_hashing_similarity" name="test_bindiff_analyzer_basic" time="0.339" /><testcase classname="tests.integration.test_phase6_hashing_similarity" name="test_ccbhash_analyzer_error_path" time="0.181" /><testcase classname="tests.integration.test_phase9_integration_fixtures" name="test_end_to_end_fixtures_match_expected_snapshots" time="3.452" /><testcase classname="tests.integration.test_phase9_integration_fixtures" name="test_batch_mode_mixed_files_and_csv_output" time="2.952" /><testcase classname="tests.integration.test_phase9_integration_fixtures" name="test_interactive_mode_scripted_commands" time="0.486" /><testcase classname="tests.integration.test_real_coverage_harness" name="test_best_effort_analyzer_method_walk" time="2.215" /></testsuite></testsuites>
