<?xml version="1.0" encoding="utf-8"?><testsuites name="pytest tests"><testsuite name="pytest" errors="0" failures="0" skipped="3" tests="2492" time="159.251" timestamp="2026-03-07T22:18:42.888974+01:00" hostname="Marcs-MacBook-Pro.local"><testcase classname="tests.integration.test_integration_global_top10_to_100_bridge" name="test_display_sections_core_variants" time="0.086" /><testcase classname="tests.integration.test_analysis_pipeline_real" name="test_pipeline_parallel_dependency_order" time="0.042" /><testcase classname="tests.integration.test_analysis_pipeline_real" name="test_pipeline_parallel_condition_skip" time="0.042" /><testcase classname="tests.integration.test_analysis_pipeline_real" name="test_pipeline_parallel_timeout_error" time="0.347" /><testcase classname="tests.integration.test_core_r2_session_real_branches" name="test_r2_session_real_open_and_analysis" time="0.170" /><testcase classname="tests.integration.test_core_r2_session_real_branches" name="test_r2_session_real_fat_header_detect" time="0.045" /><testcase classname="tests.integration.test_integration_cli_config_bridge" name="test_config_command_noop" time="0.045" /><testcase classname="tests.integration.test_integration_cli_config_bridge" name="test_execute_list_yara_true_with_nonexistent_path" time="0.044" /><testcase classname="tests.integration.test_integration_cli_config_bridge" name="test_execute_list_yara_false_prints_message" time="0.043" /><testcase classname="tests.integration.test_integration_cli_config_bridge" name="test_list_yara_rules_path_does_not_exist" time="0.044" /><testcase classname="tests.integration.test_integration_cli_config_bridge" name="test_list_yara_rules_directory_empty" time="0.055" /><testcase classname="tests.integration.test_integration_cli_config_bridge" name="test_list_yara_rules_directory_has_non_yara_files" time="0.043" /><testcase classname="tests.integration.test_integration_cli_config_bridge" name="test_list_yara_rules_with_yar_files_returns_zero" time="0.044" /><testcase classname="tests.integration.test_integration_cli_config_bridge" name="test_list_yara_rules_with_yara_extension_files" time="0.045" /><testcase classname="tests.integration.test_integration_cli_config_bridge" name="test_find_yara_rules_finds_yar_files" time="0.044" /><testcase classname="tests.integration.test_integration_cli_config_bridge" name="test_find_yara_rules_recursive_search" time="0.046" /><testcase classname="tests.integration.test_integration_cli_config_bridge" name="test_find_yara_rules_empty_directory" time="0.042" /><testcase classname="tests.integration.test_integration_cli_config_bridge" name="test_find_yara_rules_returns_sorted_list" time="0.043" /><testcase classname="tests.integration.test_integration_cli_config_bridge" name="test_display_yara_rules_table_runs_without_error" time="0.043" /><testcase classname="tests.integration.test_integration_cli_config_bridge" name="test_display_yara_rules_table_category_root_when_file_at_top_level" time="0.044" /><testcase classname="tests.integration.test_integration_cli_config_bridge" name="test_display_yara_rules_table_category_from_subdirectory" time="0.044" /><testcase classname="tests.integration.test_integration_cli_config_bridge" name="test_display_yara_rules_table_shows_rules_directory" time="0.044" /><testcase classname="tests.integration.test_integration_cli_config_bridge" name="test_display_yara_rules_table_relative_to_fallback_to_filename" time="0.043" /><testcase classname="tests.integration.test_integration_cli_config_bridge" name="test_format_file_size_bytes_range" time="0.042" /><testcase classname="tests.integration.test_integration_cli_config_bridge" name="test_format_file_size_kilobytes_range" time="0.043" /><testcase classname="tests.integration.test_integration_cli_config_bridge" name="test_format_file_size_megabytes_range" time="0.042" /><testcase classname="tests.integration.test_integration_cli_config_bridge" name="test_format_file_size_gigabytes_range" time="0.042" /><testcase classname="tests.integration.test_integration_cli_config_bridge" name="test_execute_list_yara_with_explicit_yara_path_that_exists" time="0.044" /><testcase classname="tests.integration.test_integration_cli_config_bridge" name="test_configure_quiet_logging_sets_levels" time="0.041" /><testcase classname="tests.integration.test_integration_cli_config_bridge" name="test_apply_thread_settings_valid_and_invalid" time="0.044" /><testcase classname="tests.integration.test_integration_cli_config_bridge" name="test_command_context_create_defaults" time="0.043" /><testcase classname="tests.integration.test_integration_cli_config_bridge" name="test_command_context_lazy_init" time="0.044" /><testcase classname="tests.integration.test_integration_cli_config_bridge" name="test_command_get_config_prefers_path" time="0.043" /><testcase classname="tests.integration.test_integration_cli_config_bridge" name="test_setup_analysis_options" time="0.041" /><testcase classname="tests.integration.test_integration_cli_config_bridge" name="test_config_command_yara_listing" time="0.045" /><testcase classname="tests.integration.test_integration_cli_config_bridge" name="test_config_command_helpers" time="0.043" /><testcase classname="tests.integration.test_integration_cli_config_bridge" name="test_validate_file_input_errors" time="0.042" /><testcase classname="tests.integration.test_integration_cli_config_bridge" name="test_validate_batch_input_errors" time="0.041" /><testcase classname="tests.integration.test_integration_cli_config_bridge" name="test_validate_output_input_permission_error" time="0.042" /><testcase classname="tests.integration.test_integration_cli_config_bridge" name="test_validate_yara_and_config_inputs" time="0.042" /><testcase classname="tests.integration.test_integration_cli_config_bridge" name="test_validate_extensions_threads_and_modes" time="0.043" /><testcase classname="tests.integration.test_integration_cli_config_bridge" name="test_validate_single_file_and_xor_sanitization" time="0.043" /><testcase classname="tests.integration.test_integration_cli_config_bridge" name="test_config_builder_variants" time="0.042" /><testcase classname="tests.integration.test_integration_cli_config_bridge" name="test_config_builder_shortcuts" time="0.042" /><testcase classname="tests.integration.test_integration_cli_config_bridge" name="test_config_command_missing_rules_dir" time="0.043" /><testcase classname="tests.integration.test_integration_cli_config_bridge" name="test_config_command_empty_rules_dir" time="0.043" /><testcase classname="tests.integration.test_integration_cli_config_bridge" name="test_config_command_lists_rules" time="0.044" /><testcase classname="tests.integration.test_integration_cli_config_bridge" name="test_config_command_relative_display_fallback" time="0.045" /><testcase classname="tests.integration.test_integration_cli_config_bridge" name="test_config_command_format_file_size_gb" time="0.042" /><testcase classname="tests.integration.test_integration_cli_config_bridge" name="test_interactive_command_helpers_real_inspector" time="3.462" /><testcase classname="tests.integration.test_integration_cli_config_bridge" name="test_interactive_command_exit_checks" time="0.044" /><testcase classname="tests.integration.test_integration_cli_config_bridge" name="test_interactive_command_handle_error_paths" time="0.044" /><testcase classname="tests.integration.test_integration_cli_config_bridge" name="test_run_interactive_mode_sequence" time="3.392" /><testcase classname="tests.integration.test_integration_cluster_under90_high_impact" name="test_inspector_analyze_and_cleanup" time="0.043" /><testcase classname="tests.integration.test_integration_cluster_under90_high_impact" name="test_inspector_context_manager_triggers_cleanup_callback" time="0.044" /><testcase classname="tests.integration.test_integration_cluster_under90_high_impact" name="test_inspector_parallel_mode_disables_non_threadsafe_backend" time="0.043" /><testcase classname="tests.integration.test_integration_cluster_under90_high_impact" name="test_init_uses_config_factory_and_runs_verbose_path" time="0.045" /><testcase classname="tests.integration.test_integration_cluster_under90_high_impact" name="test_init_infrastructure_missing_factories_raises" time="0.049" /><testcase classname="tests.integration.test_integration_cluster_under90_high_impact" name="test_analyze_without_pipeline_builder_returns_error" time="0.044" /><testcase classname="tests.integration.test_integration_cluster_under90_high_impact" name="test_init_requires_memory_monitor" time="0.044" /><testcase classname="tests.integration.test_integration_cluster_under90_high_impact" name="test_init_requires_config_factory_when_config_is_none" time="0.043" /><testcase classname="tests.integration.test_integration_cluster_under90_high_impact" name="test_init_requires_adapter" time="0.043" /><testcase classname="tests.integration.test_integration_cluster_under90_high_impact" name="test_init_requires_factories" time="0.043" /><testcase classname="tests.integration.test_integration_cluster_under90_high_impact" name="test_analyze_handles_memory_error_and_triggers_gc" time="0.044" /><testcase classname="tests.integration.test_integration_cluster_under90_high_impact" name="test_analyze_handles_general_exception" time="0.043" /><testcase classname="tests.integration.test_integration_cluster_under90_high_impact" name="test_close_runs_cleanup_and_unsets_adapter" time="0.043" /><testcase classname="tests.integration.test_integration_cluster_under90_high_impact" name="test_init_sets_filename" time="0.043" /><testcase classname="tests.integration.test_integration_cluster_under90_high_impact" name="test_init_uses_provided_config" time="0.043" /><testcase classname="tests.integration.test_integration_cluster_under90_high_impact" name="test_init_uses_config_factory_when_config_is_none" time="0.044" /><testcase classname="tests.integration.test_integration_cluster_under90_high_impact" name="test_init_stores_verbose_flag" time="0.043" /><testcase classname="tests.integration.test_integration_cluster_under90_high_impact" name="test_init_stores_adapter" time="0.044" /><testcase classname="tests.integration.test_integration_cluster_under90_high_impact" name="test_init_stores_registry" time="0.051" /><testcase classname="tests.integration.test_integration_cluster_under90_high_impact" name="test_init_file_path_is_set" time="0.044" /><testcase classname="tests.integration.test_integration_cluster_under90_high_impact" name="test_init_verbose_logs_analyzers" time="0.045" /><testcase classname="tests.integration.test_integration_cluster_under90_high_impact" name="test_init_raises_when_memory_monitor_is_none" time="0.043" /><testcase classname="tests.integration.test_integration_cluster_under90_high_impact" name="test_init_raises_when_config_and_factory_both_none" time="0.044" /><testcase classname="tests.integration.test_integration_cluster_under90_high_impact" name="test_init_raises_when_adapter_is_none" time="0.044" /><testcase classname="tests.integration.test_integration_cluster_under90_high_impact" name="test_init_raises_when_file_validator_factory_is_none" time="0.044" /><testcase classname="tests.integration.test_integration_cluster_under90_high_impact" name="test_init_raises_when_file_validation_fails" time="0.044" /><testcase classname="tests.integration.test_integration_cluster_under90_high_impact" name="test_init_raises_when_registry_factory_is_none" time="0.044" /><testcase classname="tests.integration.test_integration_cluster_under90_high_impact" name="test_init_infrastructure_initializes_registry_and_pipeline_builder" time="0.043" /><testcase classname="tests.integration.test_integration_cluster_under90_high_impact" name="test_init_infrastructure_with_verbose_registry" time="0.043" /><testcase classname="tests.integration.test_integration_cluster_under90_high_impact" name="test_init_infrastructure_rejects_missing_factories" time="0.043" /><testcase classname="tests.integration.test_integration_cluster_under90_high_impact" name="test_cleanup_calls_cleanup_callback" time="0.042" /><testcase classname="tests.integration.test_integration_cluster_under90_high_impact" name="test_cleanup_sets_adapter_to_none" time="0.043" /><testcase classname="tests.integration.test_integration_cluster_under90_high_impact" name="test_cleanup_without_callback_does_not_raise" time="0.043" /><testcase classname="tests.integration.test_integration_cluster_under90_high_impact" name="test_enter_returns_self" time="0.043" /><testcase classname="tests.integration.test_integration_cluster_under90_high_impact" name="test_context_manager_enter_and_exit" time="0.043" /><testcase classname="tests.integration.test_integration_cluster_under90_high_impact" name="test_exit_calls_cleanup_and_returns_false" time="0.042" /><testcase classname="tests.integration.test_integration_cluster_under90_high_impact" name="test_exit_with_exception_does_not_suppress" time="0.043" /><testcase classname="tests.integration.test_integration_cluster_under90_high_impact" name="test_del_calls_cleanup" time="0.044" /><testcase classname="tests.integration.test_integration_cluster_under90_high_impact" name="test_analyze_returns_memory_stats" time="0.044" /><testcase classname="tests.integration.test_integration_cluster_under90_high_impact" name="test_analyze_returns_pipeline_results" time="0.043" /><testcase classname="tests.integration.test_integration_cluster_under90_high_impact" name="test_analyze_with_progress_callback" time="0.043" /><testcase classname="tests.integration.test_integration_cluster_under90_high_impact" name="test_analyze_with_non_thread_safe_adapter_disables_parallel" time="0.044" /><testcase classname="tests.integration.test_integration_cluster_under90_high_impact" name="test_analyze_uses_progress_callback_when_not_parallel" time="0.043" /><testcase classname="tests.integration.test_integration_cluster_under90_high_impact" name="test_analyze_parallel_disabled_in_config" time="0.044" /><testcase classname="tests.integration.test_integration_cluster_under90_high_impact" name="test_analyze_memory_error_returns_error_dict" time="0.099" /><testcase classname="tests.integration.test_integration_cluster_under90_high_impact" name="test_analyze_runtime_error_returns_error_dict" time="0.062" /><testcase classname="tests.integration.test_integration_cluster_under90_high_impact" name="test_analyze_raises_when_pipeline_builder_none" time="0.070" /><testcase classname="tests.integration.test_integration_cluster_under90_high_impact" name="test_close_calls_cleanup" time="0.057" /><testcase classname="tests.integration.test_integration_cluster_under90_high_impact" name="test_close_can_be_called_multiple_times" time="0.051" /><testcase classname="tests.integration.test_integration_cluster_under90_high_impact" name="test_analyze_progress_callback_used_when_not_parallel" time="0.052" /><testcase classname="tests.integration.test_integration_cluster_under90_high_impact" name="test_analyze_no_progress_callback_runs_without_progress" time="0.052" /><testcase classname="tests.integration.test_integration_cluster_under90_high_impact" name="test_as_dict_with_dict_input" time="0.049" /><testcase classname="tests.integration.test_integration_cluster_under90_high_impact" name="test_as_dict_with_non_dict_returns_empty" time="0.043" /><testcase classname="tests.integration.test_integration_cluster_under90_high_impact" name="test_as_bool_dict_with_dict_input" time="0.043" /><testcase classname="tests.integration.test_integration_cluster_under90_high_impact" name="test_as_bool_dict_with_non_dict_returns_empty" time="0.043" /><testcase classname="tests.integration.test_integration_cluster_under90_high_impact" name="test_as_bool_dict_converts_keys_to_str" time="0.041" /><testcase classname="tests.integration.test_integration_cluster_under90_high_impact" name="test_as_str_with_string_input" time="0.043" /><testcase classname="tests.integration.test_integration_cluster_under90_high_impact" name="test_as_str_with_non_string_returns_default" time="0.042" /><testcase classname="tests.integration.test_integration_cluster_under90_high_impact" name="test_as_str_with_custom_default" time="0.042" /><testcase classname="tests.integration.test_integration_cluster_under90_high_impact" name="test_execute_analyzer_returns_empty_dict_when_not_in_registry" time="0.043" /><testcase classname="tests.integration.test_integration_cluster_under90_high_impact" name="test_execute_list_returns_empty_list_when_analyzer_not_found" time="0.041" /><testcase classname="tests.integration.test_integration_cluster_under90_high_impact" name="test_execute_dict_returns_empty_dict_when_analyzer_not_found" time="0.042" /><testcase classname="tests.integration.test_integration_cluster_under90_high_impact" name="test_execute_analyzer_calls_analyze_method" time="0.043" /><testcase classname="tests.integration.test_integration_cluster_under90_high_impact" name="test_execute_analyzer_calls_custom_method" time="0.043" /><testcase classname="tests.integration.test_integration_cluster_under90_high_impact" name="test_execute_analyzer_method_not_found_returns_empty" time="0.042" /><testcase classname="tests.integration.test_integration_cluster_under90_high_impact" name="test_execute_analyzer_with_args_passed_to_analyze" time="0.043" /><testcase classname="tests.integration.test_integration_cluster_under90_high_impact" name="test_execute_analyzer_with_kwargs_on_custom_method" time="0.042" /><testcase classname="tests.integration.test_integration_cluster_under90_high_impact" name="test_execute_analyzer_handles_exception_returns_empty" time="0.042" /><testcase classname="tests.integration.test_integration_cluster_under90_high_impact" name="test_execute_list_returns_list_from_analyzer" time="0.044" /><testcase classname="tests.integration.test_integration_cluster_under90_high_impact" name="test_execute_list_converts_non_list_to_empty" time="0.044" /><testcase classname="tests.integration.test_integration_cluster_under90_high_impact" name="test_execute_dict_returns_dict_from_analyzer" time="0.043" /><testcase classname="tests.integration.test_integration_cluster_under90_high_impact" name="test_get_pe_info_returns_empty_when_no_analyzer" time="0.048" /><testcase classname="tests.integration.test_integration_cluster_under90_high_impact" name="test_get_elf_info_returns_empty_when_no_analyzer" time="0.044" /><testcase classname="tests.integration.test_integration_cluster_under90_high_impact" name="test_get_macho_info_returns_empty_when_no_analyzer" time="0.043" /><testcase classname="tests.integration.test_integration_cluster_under90_high_impact" name="test_get_strings_returns_empty_list_when_no_analyzer" time="0.043" /><testcase classname="tests.integration.test_integration_cluster_under90_high_impact" name="test_get_security_features_returns_empty_when_no_analyzer" time="0.044" /><testcase classname="tests.integration.test_integration_cluster_under90_high_impact" name="test_get_imports_returns_empty_list" time="0.044" /><testcase classname="tests.integration.test_integration_cluster_under90_high_impact" name="test_get_exports_returns_empty_list" time="0.045" /><testcase classname="tests.integration.test_integration_cluster_under90_high_impact" name="test_get_sections_returns_empty_list" time="0.042" /><testcase classname="tests.integration.test_integration_cluster_under90_high_impact" name="test_detect_packer_returns_empty_when_no_analyzer" time="0.044" /><testcase classname="tests.integration.test_integration_cluster_under90_high_impact" name="test_detect_crypto_returns_error_dict_when_no_analyzer" time="0.044" /><testcase classname="tests.integration.test_integration_cluster_under90_high_impact" name="test_detect_anti_analysis_returns_empty" time="0.043" /><testcase classname="tests.integration.test_integration_cluster_under90_high_impact" name="test_detect_compiler_returns_empty" time="0.043" /><testcase classname="tests.integration.test_integration_cluster_under90_high_impact" name="test_run_yara_rules_returns_empty_list" time="0.041" /><testcase classname="tests.integration.test_integration_cluster_under90_high_impact" name="test_search_xor_returns_empty_list" time="0.042" /><testcase classname="tests.integration.test_integration_cluster_under90_high_impact" name="test_analyze_functions_returns_empty" time="0.042" /><testcase classname="tests.integration.test_integration_cluster_under90_high_impact" name="test_analyze_ssdeep_returns_empty" time="0.042" /><testcase classname="tests.integration.test_integration_cluster_under90_high_impact" name="test_analyze_tlsh_returns_empty" time="0.041" /><testcase classname="tests.integration.test_integration_cluster_under90_high_impact" name="test_analyze_telfhash_returns_empty" time="0.042" /><testcase classname="tests.integration.test_integration_cluster_under90_high_impact" name="test_analyze_rich_header_returns_empty" time="0.042" /><testcase classname="tests.integration.test_integration_cluster_under90_high_impact" name="test_analyze_impfuzzy_returns_empty" time="0.042" /><testcase classname="tests.integration.test_integration_cluster_under90_high_impact" name="test_analyze_ccbhash_returns_empty" time="0.060" /><testcase classname="tests.integration.test_integration_cluster_under90_high_impact" name="test_analyze_binlex_returns_empty" time="0.047" /><testcase classname="tests.integration.test_integration_cluster_under90_high_impact" name="test_analyze_binbloom_returns_empty" time="0.046" /><testcase classname="tests.integration.test_integration_cluster_under90_high_impact" name="test_analyze_simhash_returns_empty" time="0.043" /><testcase classname="tests.integration.test_integration_cluster_under90_high_impact" name="test_analyze_bindiff_returns_empty" time="0.043" /><testcase classname="tests.integration.test_integration_cluster_under90_high_impact" name="test_generate_indicators_returns_list" time="0.042" /><testcase classname="tests.integration.test_integration_cluster_under90_high_impact" name="test_generate_executive_summary_returns_dict" time="0.043" /><testcase classname="tests.integration.test_integration_cluster_under90_high_impact" name="test_execute_with_progress_returns_dict" time="0.043" /><testcase classname="tests.integration.test_integration_cluster_under90_high_impact" name="test_execute_with_progress_returns_empty_on_non_dict" time="0.044" /><testcase classname="tests.integration.test_integration_cluster_under90_high_impact" name="test_execute_without_progress_returns_dict" time="0.043" /><testcase classname="tests.integration.test_integration_cluster_under90_high_impact" name="test_execute_without_progress_with_parallel" time="0.043" /><testcase classname="tests.integration.test_integration_cluster_under90_high_impact" name="test_get_file_info_returns_dict_with_file_not_found" time="0.043" /><testcase classname="tests.integration.test_integration_cluster_under90_high_impact" name="test_detect_file_format_returns_string" time="0.043" /><testcase classname="tests.integration.test_integration_cluster_under90_high_impact" name="test_detect_file_format_returns_unknown_without_real_file" time="0.042" /><testcase classname="tests.integration.test_integration_cluster_under90_high_impact" name="test_detect_crypto_returns_result_when_analyzer_registered" time="0.042" /><testcase classname="tests.integration.test_integration_cluster_under90_high_impact" name="test_as_dict_returns_dict_unchanged" time="0.042" /><testcase classname="tests.integration.test_integration_cluster_under90_high_impact" name="test_as_dict_returns_empty_for_non_dict" time="0.042" /><testcase classname="tests.integration.test_integration_cluster_under90_high_impact" name="test_as_bool_dict_converts_values" time="0.043" /><testcase classname="tests.integration.test_integration_cluster_under90_high_impact" name="test_as_bool_dict_returns_empty_for_non_dict" time="0.042" /><testcase classname="tests.integration.test_integration_cluster_under90_high_impact" name="test_as_str_returns_string_value" time="0.042" /><testcase classname="tests.integration.test_integration_cluster_under90_high_impact" name="test_as_str_returns_default_for_non_string" time="0.042" /><testcase classname="tests.integration.test_integration_cluster_under90_high_impact" name="test_execute_with_progress_calls_pipeline_and_returns_dict" time="0.042" /><testcase classname="tests.integration.test_integration_cluster_under90_high_impact" name="test_execute_without_progress_calls_pipeline_and_returns_dict" time="0.042" /><testcase classname="tests.integration.test_integration_cluster_under90_high_impact" name="test_execute_without_progress_parallel_flag" time="0.042" /><testcase classname="tests.integration.test_integration_cluster_under90_high_impact" name="test_execute_analyzer_returns_empty_dict_when_analyzer_not_found" time="0.042" /><testcase classname="tests.integration.test_integration_cluster_under90_high_impact" name="test_execute_analyzer_calls_named_method" time="0.043" /><testcase classname="tests.integration.test_integration_cluster_under90_high_impact" name="test_execute_analyzer_returns_empty_when_method_not_found" time="0.042" /><testcase classname="tests.integration.test_integration_cluster_under90_high_impact" name="test_execute_analyzer_passes_args_to_analyze" time="0.042" /><testcase classname="tests.integration.test_integration_cluster_under90_high_impact" name="test_execute_analyzer_exception_returns_empty" time="0.042" /><testcase classname="tests.integration.test_integration_cluster_under90_high_impact" name="test_execute_list_returns_list_when_analyzer_returns_list" time="0.042" /><testcase classname="tests.integration.test_integration_cluster_under90_high_impact" name="test_execute_list_returns_empty_list_when_non_list_returned" time="0.043" /><testcase classname="tests.integration.test_integration_cluster_under90_high_impact" name="test_execute_dict_returns_dict" time="0.043" /><testcase classname="tests.integration.test_integration_cluster_under90_high_impact" name="test_execute_dict_returns_empty_when_not_found" time="0.045" /><testcase classname="tests.integration.test_integration_cluster_under90_high_impact" name="test_get_file_info_returns_dict" time="0.043" /><testcase classname="tests.integration.test_integration_cluster_under90_high_impact" name="test_get_pe_info_returns_dict" time="0.043" /><testcase classname="tests.integration.test_integration_cluster_under90_high_impact" name="test_get_elf_info_returns_dict" time="0.044" /><testcase classname="tests.integration.test_integration_cluster_under90_high_impact" name="test_get_macho_info_returns_dict" time="0.044" /><testcase classname="tests.integration.test_integration_cluster_under90_high_impact" name="test_get_strings_returns_list" time="0.043" /><testcase classname="tests.integration.test_integration_cluster_under90_high_impact" name="test_get_security_features_returns_dict" time="0.043" /><testcase classname="tests.integration.test_integration_cluster_under90_high_impact" name="test_get_imports_returns_list" time="0.044" /><testcase classname="tests.integration.test_integration_cluster_under90_high_impact" name="test_get_exports_returns_list" time="0.043" /><testcase classname="tests.integration.test_integration_cluster_under90_high_impact" name="test_get_sections_returns_list" time="0.043" /><testcase classname="tests.integration.test_integration_cluster_under90_high_impact" name="test_detect_packer_returns_dict" time="0.042" /><testcase classname="tests.integration.test_integration_cluster_under90_high_impact" name="test_detect_crypto_returns_dict" time="0.043" /><testcase classname="tests.integration.test_integration_cluster_under90_high_impact" name="test_detect_crypto_with_analyzer_not_found" time="0.043" /><testcase classname="tests.integration.test_integration_cluster_under90_high_impact" name="test_detect_anti_analysis_returns_dict" time="0.044" /><testcase classname="tests.integration.test_integration_cluster_under90_high_impact" name="test_detect_compiler_returns_dict" time="0.045" /><testcase classname="tests.integration.test_integration_cluster_under90_high_impact" name="test_run_yara_rules_returns_list" time="0.044" /><testcase classname="tests.integration.test_integration_cluster_under90_high_impact" name="test_run_yara_rules_with_path_returns_list" time="0.043" /><testcase classname="tests.integration.test_integration_cluster_under90_high_impact" name="test_search_xor_returns_list" time="0.045" /><testcase classname="tests.integration.test_integration_cluster_under90_high_impact" name="test_analyze_functions_returns_dict" time="0.048" /><testcase classname="tests.integration.test_integration_cluster_under90_high_impact" name="test_analyze_ssdeep_returns_dict" time="0.049" /><testcase classname="tests.integration.test_integration_cluster_under90_high_impact" name="test_analyze_tlsh_returns_dict" time="0.048" /><testcase classname="tests.integration.test_integration_cluster_under90_high_impact" name="test_analyze_telfhash_returns_dict" time="0.053" /><testcase classname="tests.integration.test_integration_cluster_under90_high_impact" name="test_analyze_rich_header_returns_dict" time="0.046" /><testcase classname="tests.integration.test_integration_cluster_under90_high_impact" name="test_analyze_impfuzzy_returns_dict" time="0.057" /><testcase classname="tests.integration.test_integration_cluster_under90_high_impact" name="test_analyze_ccbhash_returns_dict" time="0.057" /><testcase classname="tests.integration.test_integration_cluster_under90_high_impact" name="test_analyze_binlex_returns_dict" time="0.047" /><testcase classname="tests.integration.test_integration_cluster_under90_high_impact" name="test_analyze_binbloom_returns_dict" time="0.054" /><testcase classname="tests.integration.test_integration_cluster_under90_high_impact" name="test_analyze_simhash_returns_dict" time="0.094" /><testcase classname="tests.integration.test_integration_cluster_under90_high_impact" name="test_analyze_bindiff_returns_dict" time="0.058" /><testcase classname="tests.integration.test_integration_cluster_under90_high_impact" name="test_generate_indicators_returns_empty_when_aggregator_returns_non_list" time="0.060" /><testcase classname="tests.integration.test_integration_cluster_under90_high_impact" name="test_generate_executive_summary_returns_empty_for_non_dict" time="0.047" /><testcase classname="tests.integration.test_integration_cluster_under90_high_impact" name="test_inspector_helpers_type_coercions" time="0.054" /><testcase classname="tests.integration.test_integration_cluster_under90_high_impact" name="test_inspector_helpers_analyzer_not_found_branch" time="0.055" /><testcase classname="tests.integration.test_integration_cluster_under90_high_impact" name="test_inspector_helpers_real_methods" time="15.484" /><testcase classname="tests.integration.test_integration_cluster_under90_high_impact" name="test_result_aggregator_indicators_and_summary" time="0.073" /><testcase classname="tests.integration.test_integration_cluster_under90_high_impact" name="test_import_error_branch_sets_unavailable" time="0.076" /><testcase classname="tests.integration.test_integration_cluster_under90_high_impact" name="test_check_library_availability_true_false" time="0.058" /><testcase classname="tests.integration.test_integration_cluster_under90_high_impact" name="test_calculate_hash_not_elf_returns_error" time="0.071" /><testcase classname="tests.integration.test_integration_cluster_under90_high_impact" name="test_calculate_hash_list_result" time="0.148" /><testcase classname="tests.integration.test_integration_cluster_under90_high_impact" name="test_calculate_hash_dict_result_with_missing_hash" time="0.059" /><testcase classname="tests.integration.test_integration_cluster_under90_high_impact" name="test_calculate_hash_scalar_result_and_exception" time="0.194" /><testcase classname="tests.integration.test_integration_cluster_under90_high_impact" name="test_analyze_symbols_without_library" time="0.364" /><testcase classname="tests.integration.test_integration_cluster_under90_high_impact" name="test_analyze_symbols_non_elf_file" time="0.239" /><testcase classname="tests.integration.test_integration_cluster_under90_high_impact" name="test_analyze_symbols_with_list_result_and_symbol_filters" time="0.082" /><testcase classname="tests.integration.test_integration_cluster_under90_high_impact" name="test_analyze_symbols_message_when_no_hash_for_dict" time="0.083" /><testcase classname="tests.integration.test_integration_cluster_under90_high_impact" name="test_analyze_symbols_telfhash_call_exception" time="0.068" /><testcase classname="tests.integration.test_integration_cluster_under90_high_impact" name="test_is_elf_file_none_r2_returns_false" time="0.070" /><testcase classname="tests.integration.test_integration_cluster_under90_high_impact" name="test_is_elf_file_falls_back_to_info_command" time="0.068" /><testcase classname="tests.integration.test_integration_cluster_under90_high_impact" name="test_is_elf_file_handles_exception" time="0.069" /><testcase classname="tests.integration.test_integration_cluster_under90_high_impact" name="test_has_elf_symbols_returns_false_when_no_matches" time="0.066" /><testcase classname="tests.integration.test_integration_cluster_under90_high_impact" name="test_has_elf_symbols_exception_path" time="0.070" /><testcase classname="tests.integration.test_integration_cluster_under90_high_impact" name="test_get_elf_symbols_logs_and_returns_empty_on_error" time="0.062" /><testcase classname="tests.integration.test_integration_cluster_under90_high_impact" name="test_filter_and_extract_symbol_names_are_normalized" time="0.081" /><testcase classname="tests.integration.test_integration_cluster_under90_high_impact" name="test_compare_hashes_paths" time="0.186" /><testcase classname="tests.integration.test_integration_cluster_under90_high_impact" name="test_calculate_telfhash_from_file_branches" time="0.093" /><testcase classname="tests.integration.test_integration_cluster_under90_high_impact" name="test_telfhash_is_available_returns_bool" time="0.050" /><testcase classname="tests.integration.test_integration_cluster_under90_high_impact" name="test_telfhash_available_constant_matches" time="0.373" /><testcase classname="tests.integration.test_integration_cluster_under90_high_impact" name="test_check_library_available" time="0.198" /><testcase classname="tests.integration.test_integration_cluster_under90_high_impact" name="test_get_hash_type" time="0.501" /><testcase classname="tests.integration.test_integration_cluster_under90_high_impact" name="test_should_skip_symbol_short_name" time="0.097" /><testcase classname="tests.integration.test_integration_cluster_under90_high_impact" name="test_should_skip_symbol_double_underscore" time="0.056" /><testcase classname="tests.integration.test_integration_cluster_under90_high_impact" name="test_should_skip_symbol_global_offset" time="0.057" /><testcase classname="tests.integration.test_integration_cluster_under90_high_impact" name="test_should_skip_symbol_dynamic" time="0.076" /><testcase classname="tests.integration.test_integration_cluster_under90_high_impact" name="test_should_skip_symbol_local_label" time="0.157" /><testcase classname="tests.integration.test_integration_cluster_under90_high_impact" name="test_should_skip_symbol_edata" time="0.062" /><testcase classname="tests.integration.test_integration_cluster_under90_high_impact" name="test_should_skip_symbol_end" time="0.050" /><testcase classname="tests.integration.test_integration_cluster_under90_high_impact" name="test_should_skip_symbol_start" time="0.051" /><testcase classname="tests.integration.test_integration_cluster_under90_high_impact" name="test_should_skip_symbol_normal" time="0.070" /><testcase classname="tests.integration.test_integration_cluster_under90_high_impact" name="test_filter_symbols_keeps_func_global" time="0.212" /><testcase classname="tests.integration.test_integration_cluster_under90_high_impact" name="test_filter_symbols_keeps_object_weak" time="0.071" /><testcase classname="tests.integration.test_integration_cluster_under90_high_impact" name="test_filter_symbols_excludes_local" time="0.053" /><testcase classname="tests.integration.test_integration_cluster_under90_high_impact" name="test_filter_symbols_excludes_section_type" time="0.054" /><testcase classname="tests.integration.test_integration_cluster_under90_high_impact" name="test_filter_symbols_excludes_empty_name" time="0.058" /><testcase classname="tests.integration.test_integration_cluster_under90_high_impact" name="test_filter_symbols_excludes_skip_pattern" time="0.058" /><testcase classname="tests.integration.test_integration_cluster_under90_high_impact" name="test_filter_symbols_mixed" time="0.059" /><testcase classname="tests.integration.test_integration_cluster_under90_high_impact" name="test_extract_symbol_names_sorted" time="0.088" /><testcase classname="tests.integration.test_integration_cluster_under90_high_impact" name="test_extract_symbol_names_filters_empty" time="0.180" /><testcase classname="tests.integration.test_integration_cluster_under90_high_impact" name="test_has_elf_symbols_returns_false_no_symbols" time="0.069" /><testcase classname="tests.integration.test_integration_cluster_under90_high_impact" name="test_has_elf_symbols_with_linux_os" time="0.043" /><testcase classname="tests.integration.test_integration_cluster_under90_high_impact" name="test_has_elf_symbols_with_unix_os" time="0.042" /><testcase classname="tests.integration.test_integration_cluster_under90_high_impact" name="test_has_elf_symbols_with_windows_os" time="0.042" /><testcase classname="tests.integration.test_integration_cluster_under90_high_impact" name="test_has_elf_symbols_no_bin_key" time="0.043" /><testcase classname="tests.integration.test_integration_cluster_under90_high_impact" name="test_get_elf_symbols_returns_list" time="0.043" /><testcase classname="tests.integration.test_integration_cluster_under90_high_impact" name="test_get_elf_symbols_empty" time="0.042" /><testcase classname="tests.integration.test_integration_cluster_under90_high_impact" name="test_get_elf_symbols_none" time="0.042" /><testcase classname="tests.integration.test_integration_cluster_under90_high_impact" name="test_compare_hashes_none_input" time="0.043" /><testcase classname="tests.integration.test_integration_cluster_under90_high_impact" name="test_compare_hashes_empty_string" time="0.041" /><testcase classname="tests.integration.test_integration_cluster_under90_high_impact" name="test_compare_hashes_not_available" time="0.042" /><testcase classname="tests.integration.test_integration_cluster_under90_high_impact" name="test_compare_hashes_valid_if_available" time="0.042" /><testcase classname="tests.integration.test_integration_cluster_under90_high_impact" name="test_calculate_telfhash_from_file_not_available" time="0.042" /><testcase classname="tests.integration.test_integration_cluster_under90_high_impact" name="test_calculate_telfhash_from_file_with_elf" time="0.043" /><testcase classname="tests.integration.test_integration_cluster_under90_high_impact" name="test_calculate_telfhash_from_file_nonexistent" time="0.041" /><testcase classname="tests.integration.test_integration_cluster_under90_high_impact" name="test_is_elf_file_with_none_r2" time="0.041" /><testcase classname="tests.integration.test_integration_cluster_under90_high_impact" name="test_is_elf_file_with_real_elf" time="0.043" /><testcase classname="tests.integration.test_integration_cluster_under90_high_impact" name="test_analyze_symbols_not_available" time="0.044" /><testcase classname="tests.integration.test_integration_cluster_under90_high_impact" name="test_analyze_symbols_not_elf" time="0.043" /><testcase classname="tests.integration.test_integration_cluster_under90_high_impact" name="test_analyze_symbols_with_elf_fixture" time="0.047" /><testcase classname="tests.integration.test_integration_cluster_under90_high_impact" name="test_calculate_hash_not_elf" time="0.043" /><testcase classname="tests.integration.test_integration_cluster_under90_high_impact" name="test_calculate_hash_with_elf" time="0.044" /><testcase classname="tests.integration.test_integration_cluster_under90_high_impact" name="test_analyze_returns_dict" time="0.042" /><testcase classname="tests.integration.test_integration_cluster_under90_high_impact" name="test_analyze_telfhash_field_equals_hash_value" time="0.042" /><testcase classname="tests.integration.test_integration_cluster_under90_high_impact" name="test_analyze_symbols_with_elf_fixture_covers_list_branch" time="0.044" /><testcase classname="tests.integration.test_integration_cluster_under90_high_impact" name="test_analyze_symbols_telfhash_exception_coverage" time="0.044" /><testcase classname="tests.integration.test_integration_cluster_under90_high_impact" name="test_calculate_hash_with_real_elf" time="0.043" /><testcase classname="tests.integration.test_integration_cluster_under90_high_impact" name="test_calculate_hash_telfhash_returns_dict" time="0.042" /><testcase classname="tests.integration.test_integration_cluster_under90_high_impact" name="test_compare_hashes_with_ssdeep" time="0.043" /><testcase classname="tests.integration.test_integration_cluster_under90_high_impact" name="test_has_elf_symbols_exception_handling" time="0.042" /><testcase classname="tests.integration.test_integration_cluster_under90_high_impact" name="test_calculate_hash_telfhash_empty_list" time="0.042" /><testcase classname="tests.integration.test_integration_cluster_under90_high_impact" name="test_calculate_hash_elf_with_hash" time="0.043" /><testcase classname="tests.integration.test_integration_cluster_under90_high_impact" name="test_is_elf_file_fallback_to_has_elf_symbols" time="0.042" /><testcase classname="tests.integration.test_integration_cluster_under90_high_impact" name="test_calculate_telfhash_from_file_elf" time="0.043" /><testcase classname="tests.integration.test_integration_cluster_under90_high_impact" name="test_compare_hashes_exception_path" time="0.064" /><testcase classname="tests.integration.test_integration_cluster_under90_high_impact" name="test_is_available_returns_bool" time="0.064" /><testcase classname="tests.integration.test_integration_cluster_under90_high_impact" name="test_is_available_matches_module_constant" time="0.044" /><testcase classname="tests.integration.test_integration_cluster_under90_high_impact" name="test_check_library_availability_when_available" time="0.041" /><testcase classname="tests.integration.test_integration_cluster_under90_high_impact" name="test_check_library_availability_returns_tuple" time="0.042" /><testcase classname="tests.integration.test_integration_cluster_under90_high_impact" name="test_get_hash_type_returns_telfhash_string" time="0.043" /><testcase classname="tests.integration.test_integration_cluster_under90_high_impact" name="test_should_skip_single_char_name" time="0.048" /><testcase classname="tests.integration.test_integration_cluster_under90_high_impact" name="test_should_skip_empty_name" time="0.042" /><testcase classname="tests.integration.test_integration_cluster_under90_high_impact" name="test_should_skip_double_underscore_prefix" time="0.042" /><testcase classname="tests.integration.test_integration_cluster_under90_high_impact" name="test_should_skip_global_offset_table" time="0.042" /><testcase classname="tests.integration.test_integration_cluster_under90_high_impact" name="test_should_skip_dynamic" time="0.042" /><testcase classname="tests.integration.test_integration_cluster_under90_high_impact" name="test_should_skip_local_label" time="0.043" /><testcase classname="tests.integration.test_integration_cluster_under90_high_impact" name="test_should_skip_edata" time="0.043" /><testcase classname="tests.integration.test_integration_cluster_under90_high_impact" name="test_should_skip_end" time="0.042" /><testcase classname="tests.integration.test_integration_cluster_under90_high_impact" name="test_should_skip_start" time="0.043" /><testcase classname="tests.integration.test_integration_cluster_under90_high_impact" name="test_should_not_skip_normal_symbol" time="0.044" /><testcase classname="tests.integration.test_integration_cluster_under90_high_impact" name="test_should_not_skip_two_char_name" time="0.041" /><testcase classname="tests.integration.test_integration_cluster_under90_high_impact" name="test_should_not_skip_open" time="0.042" /><testcase classname="tests.integration.test_integration_cluster_under90_high_impact" name="test_should_not_skip_main" time="0.041" /><testcase classname="tests.integration.test_integration_cluster_under90_high_impact" name="test_filter_keeps_global_func" time="0.042" /><testcase classname="tests.integration.test_integration_cluster_under90_high_impact" name="test_filter_keeps_weak_object" time="0.041" /><testcase classname="tests.integration.test_integration_cluster_under90_high_impact" name="test_filter_drops_local_binding" time="0.042" /><testcase classname="tests.integration.test_integration_cluster_under90_high_impact" name="test_filter_drops_notype" time="0.042" /><testcase classname="tests.integration.test_integration_cluster_under90_high_impact" name="test_filter_drops_empty_name" time="0.042" /><testcase classname="tests.integration.test_integration_cluster_under90_high_impact" name="test_filter_drops_whitespace_name" time="0.042" /><testcase classname="tests.integration.test_integration_cluster_under90_high_impact" name="test_filter_drops_skipped_pattern" time="0.042" /><testcase classname="tests.integration.test_integration_cluster_under90_high_impact" name="test_filter_mixed_symbols" time="0.042" /><testcase classname="tests.integration.test_integration_cluster_under90_high_impact" name="test_extract_symbol_names_filters_empty_strings" time="0.042" /><testcase classname="tests.integration.test_integration_cluster_under90_high_impact" name="test_extract_symbol_names_returns_list" time="0.042" /><testcase classname="tests.integration.test_integration_cluster_under90_high_impact" name="test_extract_symbol_names_empty_input" time="0.050" /><testcase classname="tests.integration.test_integration_cluster_under90_high_impact" name="test_has_elf_symbols_returns_false_when_no_symbols" time="0.041" /><testcase classname="tests.integration.test_integration_cluster_under90_high_impact" name="test_has_elf_symbols_linux_os" time="0.042" /><testcase classname="tests.integration.test_integration_cluster_under90_high_impact" name="test_has_elf_symbols_unix_os" time="0.041" /><testcase classname="tests.integration.test_integration_cluster_under90_high_impact" name="test_has_elf_symbols_windows_os" time="0.042" /><testcase classname="tests.integration.test_integration_cluster_under90_high_impact" name="test_has_elf_symbols_none_info" time="0.042" /><testcase classname="tests.integration.test_integration_cluster_under90_high_impact" name="test_has_elf_symbols_exception_returns_false" time="0.043" /><testcase classname="tests.integration.test_integration_cluster_under90_high_impact" name="test_get_elf_symbols_with_symbols" time="0.043" /><testcase classname="tests.integration.test_integration_cluster_under90_high_impact" name="test_get_elf_symbols_empty_list" time="0.043" /><testcase classname="tests.integration.test_integration_cluster_under90_high_impact" name="test_get_elf_symbols_none_returns_empty" time="0.043" /><testcase classname="tests.integration.test_integration_cluster_under90_high_impact" name="test_get_elf_symbols_exception_returns_empty" time="0.042" /><testcase classname="tests.integration.test_integration_cluster_under90_high_impact" name="test_is_elf_file_returns_bool" time="0.044" /><testcase classname="tests.integration.test_integration_cluster_under90_high_impact" name="test_calculate_hash_returns_tuple_of_three" time="0.043" /><testcase classname="tests.integration.test_integration_cluster_under90_high_impact" name="test_calculate_hash_with_forced_elf_nonexistent_path" time="0.044" /><testcase classname="tests.integration.test_integration_cluster_under90_high_impact" name="test_calculate_hash_with_real_elf_fixture" time="0.044" /><testcase classname="tests.integration.test_integration_cluster_under90_high_impact" name="test_analyze_returns_dict_with_telfhash_key" time="0.042" /><testcase classname="tests.integration.test_integration_cluster_under90_high_impact" name="test_analyze_telfhash_field_consistent_with_hash_value" time="0.043" /><testcase classname="tests.integration.test_integration_cluster_under90_high_impact" name="test_analyze_symbols_not_available_branch" time="0.042"><skipped type="pytest.skip" message="telfhash is available">/Users/seifreed/tools/malware/r2inspect/tests/unit/test_telfhash_analyzer_branch_paths.py:468: telfhash is available</skipped></testcase><testcase classname="tests.integration.test_integration_cluster_under90_high_impact" name="test_analyze_symbols_not_elf_branch" time="0.043" /><testcase classname="tests.integration.test_integration_cluster_under90_high_impact" name="test_analyze_symbols_returns_required_keys" time="0.042" /><testcase classname="tests.integration.test_integration_cluster_under90_high_impact" name="test_analyze_symbols_elf_fixture_direct" time="0.044" /><testcase classname="tests.integration.test_integration_cluster_under90_high_impact" name="test_compare_hashes_returns_none_when_unavailable" time="0.042"><skipped type="pytest.skip" message="telfhash is available">/Users/seifreed/tools/malware/r2inspect/tests/unit/test_telfhash_analyzer_branch_paths.py:518: telfhash is available</skipped></testcase><testcase classname="tests.integration.test_integration_cluster_under90_high_impact" name="test_compare_hashes_none_first_arg" time="0.042" /><testcase classname="tests.integration.test_integration_cluster_under90_high_impact" name="test_compare_hashes_none_second_arg" time="0.043" /><testcase classname="tests.integration.test_integration_cluster_under90_high_impact" name="test_compare_hashes_empty_first" time="0.044" /><testcase classname="tests.integration.test_integration_cluster_under90_high_impact" name="test_compare_hashes_empty_second" time="0.043" /><testcase classname="tests.integration.test_integration_cluster_under90_high_impact" name="test_compare_hashes_both_empty" time="0.043" /><testcase classname="tests.integration.test_integration_cluster_under90_high_impact" name="test_compare_hashes_returns_int_or_none_when_available" time="0.042" /><testcase classname="tests.integration.test_integration_cluster_under90_high_impact" name="test_compare_hashes_invalid_format_does_not_raise" time="0.042" /><testcase classname="tests.integration.test_integration_cluster_under90_high_impact" name="test_calculate_telfhash_from_file_unavailable" time="0.042"><skipped type="pytest.skip" message="telfhash is available">/Users/seifreed/tools/malware/r2inspect/tests/unit/test_telfhash_analyzer_branch_paths.py:568: telfhash is available</skipped></testcase><testcase classname="tests.integration.test_integration_cluster_under90_high_impact" name="test_calculate_telfhash_from_file_returns_none_or_str_for_elf" time="0.042" /><testcase classname="tests.integration.test_integration_cluster_under90_high_impact" name="test_calculate_telfhash_from_file_not_a_file" time="0.041" /><testcase classname="tests.integration.test_integration_cluster_under90_high_impact" name="test_analyze_symbols_success" time="0.042" /><testcase classname="tests.integration.test_integration_cluster_under90_high_impact" name="test_analyze_symbols_telfhash_exception" time="0.045" /><testcase classname="tests.integration.test_integration_cluster_under90_high_impact" name="test_analyze_symbols_general_exception" time="0.048" /><testcase classname="tests.integration.test_integration_cluster_under90_high_impact" name="test_is_elf_file_via_is_elf_file_util" time="0.043" /><testcase classname="tests.integration.test_integration_cluster_under90_high_impact" name="test_is_elf_file_via_has_elf_symbols" time="0.043" /><testcase classname="tests.integration.test_integration_cluster_under90_high_impact" name="test_is_elf_file_no_r2" time="0.041" /><testcase classname="tests.integration.test_integration_cluster_under90_high_impact" name="test_is_elf_file_exception" time="0.043" /><testcase classname="tests.integration.test_integration_cluster_under90_high_impact" name="test_has_elf_symbols_success" time="0.043" /><testcase classname="tests.integration.test_integration_cluster_under90_high_impact" name="test_has_elf_symbols_unix" time="0.044" /><testcase classname="tests.integration.test_integration_cluster_under90_high_impact" name="test_has_elf_symbols_no_symbols" time="0.043" /><testcase classname="tests.integration.test_integration_cluster_under90_high_impact" name="test_has_elf_symbols_no_info" time="0.042" /><testcase classname="tests.integration.test_integration_cluster_under90_high_impact" name="test_has_elf_symbols_exception" time="0.042" /><testcase classname="tests.integration.test_integration_cluster_under90_high_impact" name="test_get_elf_symbols_success" time="0.042" /><testcase classname="tests.integration.test_integration_cluster_under90_high_impact" name="test_get_elf_symbols_exception" time="0.043" /><testcase classname="tests.integration.test_integration_cluster_under90_high_impact" name="test_filter_symbols_for_telfhash" time="0.043" /><testcase classname="tests.integration.test_integration_cluster_under90_high_impact" name="test_should_skip_symbol_short_names" time="0.041" /><testcase classname="tests.integration.test_integration_cluster_under90_high_impact" name="test_should_skip_symbol_patterns" time="0.042" /><testcase classname="tests.integration.test_integration_cluster_under90_high_impact" name="test_extract_symbol_names" time="0.041" /><testcase classname="tests.integration.test_integration_cluster_under90_high_impact" name="test_compare_hashes_success" time="0.044" /><testcase classname="tests.integration.test_integration_cluster_under90_high_impact" name="test_compare_hashes_empty_hash1" time="0.043" /><testcase classname="tests.integration.test_integration_cluster_under90_high_impact" name="test_compare_hashes_empty_hash2" time="0.043" /><testcase classname="tests.integration.test_integration_cluster_under90_high_impact" name="test_compare_hashes_no_ssdeep" time="0.043" /><testcase classname="tests.integration.test_integration_cluster_under90_high_impact" name="test_compare_hashes_exception" time="0.043" /><testcase classname="tests.integration.test_integration_cluster_under90_high_impact" name="test_analyze_symbols_with_dict_result" time="0.042" /><testcase classname="tests.integration.test_integration_cluster_under90_high_impact" name="test_analyze_symbols_with_string_result" time="0.043" /><testcase classname="tests.integration.test_integration_cluster_under90_high_impact" name="test_analyze_symbols_with_msg_list" time="0.042" /><testcase classname="tests.integration.test_integration_cluster_under90_high_impact" name="test_analyze_symbols_with_msg_dict" time="0.044" /><testcase classname="tests.integration.test_integration_cluster_under90_high_impact" name="test_init" time="0.044" /><testcase classname="tests.integration.test_integration_cluster_under90_high_impact" name="test_is_available_true" time="0.044" /><testcase classname="tests.integration.test_integration_cluster_under90_high_impact" name="test_is_available_false" time="0.044" /><testcase classname="tests.integration.test_integration_cluster_under90_high_impact" name="test_check_library_availability_success" time="0.045" /><testcase classname="tests.integration.test_integration_cluster_under90_high_impact" name="test_check_library_availability_failure" time="0.047" /><testcase classname="tests.integration.test_integration_cluster_under90_high_impact" name="test_calculate_hash_list_return" time="0.047" /><testcase classname="tests.integration.test_integration_cluster_under90_high_impact" name="test_calculate_hash_dict_return" time="0.047" /><testcase classname="tests.integration.test_integration_cluster_under90_high_impact" name="test_calculate_hash_string_return" time="0.048" /><testcase classname="tests.integration.test_integration_cluster_under90_high_impact" name="test_calculate_hash_list_with_msg" time="0.051" /><testcase classname="tests.integration.test_integration_cluster_under90_high_impact" name="test_calculate_hash_dict_with_msg" time="0.049" /><testcase classname="tests.integration.test_integration_cluster_under90_high_impact" name="test_calculate_hash_no_hash" time="0.047" /><testcase classname="tests.integration.test_integration_cluster_under90_high_impact" name="test_calculate_hash_exception" time="0.048" /><testcase classname="tests.integration.test_integration_cluster_under90_high_impact" name="test_analyze_adds_telfhash_field" time="0.047" /><testcase classname="tests.integration.test_integration_cluster_under90_high_impact" name="test_calculate_telfhash_from_file_success_list" time="0.051" /><testcase classname="tests.integration.test_integration_cluster_under90_high_impact" name="test_calculate_telfhash_from_file_success_dict" time="0.055" /><testcase classname="tests.integration.test_integration_cluster_under90_high_impact" name="test_calculate_telfhash_from_file_success_string" time="0.046" /><testcase classname="tests.integration.test_integration_cluster_under90_high_impact" name="test_calculate_telfhash_from_file_exception" time="0.050" /><testcase classname="tests.integration.test_integration_cluster_under90_high_impact" name="test_telfhash_analyzer_init" time="0.049" /><testcase classname="tests.integration.test_integration_cluster_under90_high_impact" name="test_telfhash_analyzer_check_library_availability" time="0.051" /><testcase classname="tests.integration.test_integration_cluster_under90_high_impact" name="test_telfhash_analyzer_get_hash_type" time="0.050" /><testcase classname="tests.integration.test_integration_cluster_under90_high_impact" name="test_telfhash_analyzer_is_available" time="0.050" /><testcase classname="tests.integration.test_integration_cluster_under90_high_impact" name="test_telfhash_analyzer_analyze_symbols_not_available" time="0.049" /><testcase classname="tests.integration.test_integration_cluster_under90_high_impact" name="test_telfhash_analyzer_is_elf_file_no_r2" time="0.048" /><testcase classname="tests.integration.test_integration_cluster_under90_high_impact" name="test_telfhash_analyzer_filter_symbols_for_telfhash" time="0.049" /><testcase classname="tests.integration.test_integration_cluster_under90_high_impact" name="test_telfhash_analyzer_should_skip_symbol" time="0.043" /><testcase classname="tests.integration.test_integration_cluster_under90_high_impact" name="test_telfhash_analyzer_extract_symbol_names" time="0.043" /><testcase classname="tests.integration.test_integration_cluster_under90_high_impact" name="test_telfhash_analyzer_get_elf_symbols_empty" time="0.046" /><testcase classname="tests.integration.test_integration_cluster_under90_high_impact" name="test_telfhash_analyzer_get_elf_symbols_exception" time="0.044" /><testcase classname="tests.integration.test_integration_cluster_under90_high_impact" name="test_telfhash_analyzer_has_elf_symbols_no_symbols" time="0.043" /><testcase classname="tests.integration.test_integration_cluster_under90_high_impact" name="test_telfhash_analyzer_has_elf_symbols_no_bin" time="0.048" /><testcase classname="tests.integration.test_integration_cluster_under90_high_impact" name="test_telfhash_analyzer_has_elf_symbols_linux" time="0.058" /><testcase classname="tests.integration.test_integration_cluster_under90_high_impact" name="test_telfhash_analyzer_has_elf_symbols_unix" time="0.120" /><testcase classname="tests.integration.test_integration_cluster_under90_high_impact" name="test_telfhash_analyzer_has_elf_symbols_exception" time="0.115" /><testcase classname="tests.integration.test_integration_cluster_under90_high_impact" name="test_telfhash_analyzer_filter_symbols_case_insensitive" time="0.089" /><testcase classname="tests.integration.test_integration_cluster_under90_high_impact" name="test_telfhash_analyzer_extract_symbol_names_with_whitespace" time="0.045" /><testcase classname="tests.integration.test_integration_cluster_under90_high_impact" name="test_telfhash_analyzer_analyze_adds_telfhash_field" time="0.069" /><testcase classname="tests.integration.test_integration_cluster_under90_high_impact" name="test_telfhash_analyzer_analyze_telfhash_already_present" time="0.048" /><testcase classname="tests.integration.test_integration_cluster_under90_high_impact" name="test_telfhash_analyzer_compare_hashes" time="0.044" /><testcase classname="tests.integration.test_integration_cluster_under90_high_impact" name="test_telfhash_analyzer_compare_hashes_not_available" time="0.043" /><testcase classname="tests.integration.test_integration_cluster_under90_high_impact" name="test_telfhash_analyzer_compare_hashes_empty" time="0.043" /><testcase classname="tests.integration.test_integration_cluster_under90_high_impact" name="test_telfhash_analyzer_calculate_telfhash_from_file" time="0.045" /><testcase classname="tests.integration.test_integration_cluster_under90_high_impact" name="test_telfhash_analyzer_calculate_telfhash_from_file_not_available" time="0.047" /><testcase classname="tests.integration.test_integration_cluster_under90_high_impact" name="test_telfhash_analyzer_should_skip_multiple_patterns" time="0.062" /><testcase classname="tests.integration.test_integration_cluster_under90_high_impact" name="test_telfhash_analyzer_filter_symbols_empty_name" time="0.046" /><testcase classname="tests.integration.test_integration_cluster_under90_high_impact" name="test_telfhash_analyzer_get_elf_symbols_with_count" time="0.043" /><testcase classname="tests.integration.test_integration_cluster_under90_high_impact" name="test_telfhash_analyzer_extract_symbol_names_empty_list" time="0.041" /><testcase classname="tests.integration.test_integration_cluster_under90_high_impact" name="test_telfhash_analyzer_filter_symbols_object_type" time="0.041" /><testcase classname="tests.integration.test_integration_cluster_under90_high_impact" name="test_telfhash_analyzer_filter_symbols_mixed" time="0.043" /><testcase classname="tests.integration.test_integration_cluster_under90_high_impact" name="test_telfhash_analyzer_calculate_hash_non_elf" time="0.043" /><testcase classname="tests.integration.test_integration_cluster_under90_high_impact" name="test_telfhash_analyzer_analyze_symbols_non_elf" time="0.043" /><testcase classname="tests.integration.test_integration_cluster_under90_high_impact" name="test_check_library_availability_unavailable_line_44" time="0.041" /><testcase classname="tests.integration.test_integration_cluster_under90_high_impact" name="test_calculate_hash_list_falsy_hash_lines_72_73" time="0.042" /><testcase classname="tests.integration.test_integration_cluster_under90_high_impact" name="test_calculate_hash_no_hash_lines_86" time="0.041" /><testcase classname="tests.integration.test_integration_cluster_under90_high_impact" name="test_calculate_hash_dict_falsy_hash_lines_75_77" time="0.042" /><testcase classname="tests.integration.test_integration_cluster_under90_high_impact" name="test_analyze_symbols_unavailable_lines_129_131" time="0.041" /><testcase classname="tests.integration.test_integration_cluster_under90_high_impact" name="test_analyze_symbols_list_falsy_hash_sets_error_line_166" time="0.042" /><testcase classname="tests.integration.test_integration_cluster_under90_high_impact" name="test_analyze_symbols_dict_result_lines_168_173" time="0.043" /><testcase classname="tests.integration.test_integration_cluster_under90_high_impact" name="test_analyze_symbols_else_branch_lines_175_176" time="0.043" /><testcase classname="tests.integration.test_integration_cluster_under90_high_impact" name="test_analyze_symbols_inner_exception_lines_178_180" time="0.043" /><testcase classname="tests.integration.test_integration_cluster_under90_high_impact" name="test_analyze_symbols_outer_exception_lines_188_190" time="0.043" /><testcase classname="tests.integration.test_integration_cluster_under90_high_impact" name="test_is_elf_file_handles_is_elf_exception" time="0.042" /><testcase classname="tests.integration.test_integration_cluster_under90_high_impact" name="test_is_elf_file_returns_true_when_is_elf_utility_matches" time="0.044" /><testcase classname="tests.integration.test_integration_cluster_under90_high_impact" name="test_has_elf_symbols_without_bin_metadata_lines_219" time="0.042" /><testcase classname="tests.integration.test_integration_cluster_under90_high_impact" name="test_has_elf_symbols_exception_line_222_224" time="0.042" /><testcase classname="tests.integration.test_integration_cluster_under90_high_impact" name="test_get_elf_symbols_exception_line_243_245" time="0.044" /><testcase classname="tests.integration.test_integration_cluster_under90_high_impact" name="test_filter_skips_short_symbol_name" time="0.043" /><testcase classname="tests.integration.test_integration_cluster_under90_high_impact" name="test_filter_skips_empty_symbol_name_line_279" time="0.043" /><testcase classname="tests.integration.test_integration_cluster_under90_high_impact" name="test_normalize_telfhash_value_non_str" time="0.042" /><testcase classname="tests.integration.test_integration_cluster_under90_high_impact" name="test_compare_hashes_empty_input_line_378_379" time="0.041" /><testcase classname="tests.integration.test_integration_cluster_under90_high_impact" name="test_compare_hashes_unavailable_line_361" time="0.043" /><testcase classname="tests.integration.test_integration_cluster_under90_high_impact" name="test_compare_hashes_no_ssdeep_lines_370_371" time="0.043" /><testcase classname="tests.integration.test_integration_cluster_under90_high_impact" name="test_calculate_telfhash_from_file_unavailable_line_399" time="0.041" /><testcase classname="tests.integration.test_integration_cluster_under90_high_impact" name="test_calculate_telfhash_from_file_dict_result_line_406" time="0.041" /><testcase classname="tests.integration.test_integration_cluster_under90_high_impact" name="test_calculate_telfhash_from_file_exception_lines_408_410" time="0.042" /><testcase classname="tests.integration.test_integration_cluster_under90_high_impact" name="test_is_available_with_library" time="0.042" /><testcase classname="tests.integration.test_integration_cluster_under90_high_impact" name="test_is_available_with_binary" time="0.042" /><testcase classname="tests.integration.test_integration_cluster_under90_high_impact" name="test_check_library_availability_true" time="0.041" /><testcase classname="tests.integration.test_integration_cluster_under90_high_impact" name="test_check_library_availability_false" time="0.042" /><testcase classname="tests.integration.test_integration_cluster_under90_high_impact" name="test_calculate_hash_library_success" time="0.042" /><testcase classname="tests.integration.test_integration_cluster_under90_high_impact" name="test_calculate_hash_library_fallback_to_file" time="0.042" /><testcase classname="tests.integration.test_integration_cluster_under90_high_impact" name="test_calculate_hash_binary_success" time="0.041" /><testcase classname="tests.integration.test_integration_cluster_under90_high_impact" name="test_calculate_hash_binary_failure" time="0.042" /><testcase classname="tests.integration.test_integration_cluster_under90_high_impact" name="test_calculate_with_binary_success" time="0.042" /><testcase classname="tests.integration.test_integration_cluster_under90_high_impact" name="test_calculate_with_binary_no_binary" time="0.052" /><testcase classname="tests.integration.test_integration_cluster_under90_high_impact" name="test_calculate_with_binary_validation_error" time="0.042" /><testcase classname="tests.integration.test_integration_cluster_under90_high_impact" name="test_calculate_with_binary_timeout" time="0.042" /><testcase classname="tests.integration.test_integration_cluster_under90_high_impact" name="test_compare_hashes_library_success" time="0.043" /><testcase classname="tests.integration.test_integration_cluster_under90_high_impact" name="test_compare_hashes_empty" time="0.043" /><testcase classname="tests.integration.test_integration_cluster_under90_high_impact" name="test_compare_hashes_binary_fallback" time="0.042" /><testcase classname="tests.integration.test_integration_cluster_under90_high_impact" name="test_compare_with_binary_success" time="0.043" /><testcase classname="tests.integration.test_integration_cluster_under90_high_impact" name="test_parse_ssdeep_output" time="0.042" /><testcase classname="tests.integration.test_integration_cluster_under90_high_impact" name="test_parse_ssdeep_output_no_match" time="0.042" /><testcase classname="tests.integration.test_integration_cluster_under90_high_impact" name="test_write_temp_hash_file" time="0.043" /><testcase classname="tests.integration.test_integration_cluster_under90_high_impact" name="test_resolve_ssdeep_binary" time="0.045" /><testcase classname="tests.integration.test_integration_cluster_under90_high_impact" name="test_is_ssdeep_binary_available" time="0.045" /><testcase classname="tests.integration.test_integration_cluster_under90_high_impact" name="test_ssdeep_is_available_returns_bool" time="0.042" /><testcase classname="tests.integration.test_integration_cluster_under90_high_impact" name="test_ssdeep_resolve_binary_returns_string_or_none" time="0.044" /><testcase classname="tests.integration.test_integration_cluster_under90_high_impact" name="test_parse_ssdeep_output_with_match" time="0.042" /><testcase classname="tests.integration.test_integration_cluster_under90_high_impact" name="test_parse_ssdeep_output_empty" time="0.042" /><testcase classname="tests.integration.test_integration_cluster_under90_high_impact" name="test_parse_ssdeep_output_multiple_lines" time="0.042" /><testcase classname="tests.integration.test_integration_cluster_under90_high_impact" name="test_ssdeep_analyzer_constructor" time="0.044" /><testcase classname="tests.integration.test_integration_cluster_under90_high_impact" name="test_ssdeep_analyzer_constructor_with_r2" time="0.043" /><testcase classname="tests.integration.test_integration_cluster_under90_high_impact" name="test_check_library_availability" time="0.044" /><testcase classname="tests.integration.test_integration_cluster_under90_high_impact" name="test_calculate_hash_with_real_file" time="0.043" /><testcase classname="tests.integration.test_integration_cluster_under90_high_impact" name="test_calculate_hash_small_file_no_content" time="0.042" /><testcase classname="tests.integration.test_integration_cluster_under90_high_impact" name="test_analyze_with_real_file" time="0.044" /><testcase classname="tests.integration.test_integration_cluster_under90_high_impact" name="test_analyze_nonexistent_file" time="0.042" /><testcase classname="tests.integration.test_integration_cluster_under90_high_impact" name="test_compare_with_library_both_valid" time="0.043" /><testcase classname="tests.integration.test_integration_cluster_under90_high_impact" name="test_compare_with_library_empty_hash" time="0.042" /><testcase classname="tests.integration.test_integration_cluster_under90_high_impact" name="test_compare_hashes_none_inputs" time="0.042" /><testcase classname="tests.integration.test_integration_cluster_under90_high_impact" name="test_compare_hashes_identical" time="0.044" /><testcase classname="tests.integration.test_integration_cluster_under90_high_impact" name="test_compare_hashes_different_files" time="0.044" /><testcase classname="tests.integration.test_integration_cluster_under90_high_impact" name="test_compare_with_binary_no_binary_graceful" time="0.050" /><testcase classname="tests.integration.test_integration_cluster_under90_high_impact" name="test_calculate_hash_large_file" time="0.044" /><testcase classname="tests.integration.test_integration_cluster_under90_high_impact" name="test_ssdeep_constructor_with_size_limits" time="0.043" /><testcase classname="tests.integration.test_integration_cluster_under90_high_impact" name="test_analyze_file_too_large" time="0.044" /><testcase classname="tests.integration.test_integration_cluster_under90_high_impact" name="test_calculate_with_binary_real_file" time="0.052" /><testcase classname="tests.integration.test_integration_cluster_under90_high_impact" name="test_compare_with_binary_real_hashes" time="0.052" /><testcase classname="tests.integration.test_integration_cluster_under90_high_impact" name="test_compare_with_binary_empty_hash" time="0.053" /><testcase classname="tests.integration.test_integration_cluster_under90_high_impact" name="test_calculate_hash_os_error_fallback" time="0.048" /><testcase classname="tests.integration.test_integration_cluster_under90_high_impact" name="test_compare_with_binary_write_and_run" time="0.056" /><testcase classname="tests.integration.test_integration_cluster_under90_high_impact" name="test_compare_hashes_library_fails_falls_through_to_binary" time="0.057" /><testcase classname="tests.integration.test_integration_cluster_under90_high_impact" name="test_compare_with_library_exception" time="0.050" /><testcase classname="tests.integration.test_integration_cluster_under90_high_impact" name="test_calculate_with_binary_returns_hash" time="0.060" /><testcase classname="tests.integration.test_integration_cluster_under90_high_impact" name="test_calculate_with_binary_nonexistent_file" time="0.052" /><testcase classname="tests.integration.test_integration_cluster_under90_high_impact" name="test_check_library_availability_returns_true_when_available" time="0.055" /><testcase classname="tests.integration.test_integration_cluster_under90_high_impact" name="test_check_library_availability_result_consistent_with_is_available" time="0.049" /><testcase classname="tests.integration.test_integration_cluster_under90_high_impact" name="test_compare_hashes_empty_string_returns_none" time="0.056" /><testcase classname="tests.integration.test_integration_cluster_under90_high_impact" name="test_compare_hashes_both_empty_returns_none" time="0.089" /><testcase classname="tests.integration.test_integration_cluster_under90_high_impact" name="test_compare_hashes_first_empty_returns_none" time="0.074" /><testcase classname="tests.integration.test_integration_cluster_under90_high_impact" name="test_compare_hashes_second_empty_returns_none" time="0.057" /><testcase classname="tests.integration.test_integration_cluster_under90_high_impact" name="test_compare_hashes_with_valid_hashes" time="0.053" /><testcase classname="tests.integration.test_integration_cluster_under90_high_impact" name="test_compare_hashes_different_content" time="0.049" /><testcase classname="tests.integration.test_integration_cluster_under90_high_impact" name="test_compare_with_library_returns_none_when_ssdeep_unavailable" time="0.057" /><testcase classname="tests.integration.test_integration_cluster_under90_high_impact" name="test_compare_with_library_bad_hashes_returns_none" time="0.057" /><testcase classname="tests.integration.test_integration_cluster_under90_high_impact" name="test_compare_with_library_identical_hashes" time="0.054" /><testcase classname="tests.integration.test_integration_cluster_under90_high_impact" name="test_compare_with_binary_identical_hashes" time="0.088" /><testcase classname="tests.integration.test_integration_cluster_under90_high_impact" name="test_compare_with_binary_invalid_hashes_returns_none" time="0.119" /><testcase classname="tests.integration.test_integration_cluster_under90_high_impact" name="test_compare_with_binary_no_binary_available" time="0.101" /><testcase classname="tests.integration.test_integration_cluster_under90_high_impact" name="test_compare_with_binary_writes_temp_files" time="0.141" /><testcase classname="tests.integration.test_integration_cluster_under90_high_impact" name="test_write_temp_hash_file_creates_file_with_correct_content" time="0.113" /><testcase classname="tests.integration.test_integration_cluster_under90_high_impact" name="test_write_temp_hash_file_sets_restrictive_permissions" time="0.128" /><testcase classname="tests.integration.test_integration_cluster_under90_high_impact" name="test_write_temp_hash_file_with_complex_content" time="0.096" /><testcase classname="tests.integration.test_integration_cluster_under90_high_impact" name="test_parse_ssdeep_output_with_match_score" time="0.127" /><testcase classname="tests.integration.test_integration_cluster_under90_high_impact" name="test_parse_ssdeep_output_with_score_zero" time="0.136" /><testcase classname="tests.integration.test_integration_cluster_under90_high_impact" name="test_parse_ssdeep_output_with_score_100" time="0.096" /><testcase classname="tests.integration.test_integration_cluster_under90_high_impact" name="test_parse_ssdeep_output_no_match_line" time="0.129" /><testcase classname="tests.integration.test_integration_cluster_under90_high_impact" name="test_parse_ssdeep_output_empty_string" time="0.119" /><testcase classname="tests.integration.test_integration_cluster_under90_high_impact" name="test_parse_ssdeep_output_multiple_lines_finds_match" time="0.131" /><testcase classname="tests.integration.test_integration_cluster_under90_high_impact" name="test_parse_ssdeep_output_parentheses_without_matches_word" time="0.107" /><testcase classname="tests.integration.test_integration_cluster_under90_high_impact" name="test_is_available_true_when_library_present" time="0.109" /><testcase classname="tests.integration.test_integration_cluster_under90_high_impact" name="test_is_available_checks_binary_when_no_library" time="0.198" /><testcase classname="tests.integration.test_integration_cluster_under90_high_impact" name="test_calculate_hash_uses_library_when_available" time="0.085" /><testcase classname="tests.integration.test_integration_cluster_under90_high_impact" name="test_calculate_hash_returns_error_when_nothing_available" time="0.073" /><testcase classname="tests.integration.test_integration_cluster_under90_high_impact" name="test_calculate_with_binary_raises_when_no_binary" time="0.072" /><testcase classname="tests.integration.test_integration_cluster_under90_high_impact" name="test_calculate_with_binary_returns_hash_for_real_file" time="0.089" /><testcase classname="tests.integration.test_integration_cluster_under90_high_impact" name="test_analyze_returns_valid_result_for_real_file" time="0.058" /><testcase classname="tests.integration.test_integration_cluster_under90_high_impact" name="test_analyze_unavailable_or_available_result_is_dict" time="0.055" /><testcase classname="tests.integration.test_integration_cluster_under90_high_impact" name="test_analyze_nonexistent_file_returns_error" time="0.053" /><testcase classname="tests.integration.test_integration_cluster_under90_high_impact" name="test_calculate_hash_library_hash_raises_then_hash_from_file_fallback" time="0.053" /><testcase classname="tests.integration.test_integration_cluster_under90_high_impact" name="test_calculate_hash_library_fails_falls_back_to_binary_and_reports_no_hash" time="0.058" /><testcase classname="tests.integration.test_integration_cluster_under90_high_impact" name="test_calculate_hash_library_generic_exception_falls_back_to_binary" time="0.053" /><testcase classname="tests.integration.test_integration_cluster_under90_high_impact" name="test_calculate_with_binary_returns_runtime_error_when_process_fails" time="0.049" /><testcase classname="tests.integration.test_integration_cluster_under90_high_impact" name="test_calculate_with_binary_raises_when_output_cannot_be_parsed" time="0.051" /><testcase classname="tests.integration.test_integration_cluster_under90_high_impact" name="test_calculate_with_binary_subprocess_error_path" time="0.136" />
[...]
_missing_config_factory" time="0.045" /><testcase classname="tests.integration.test_integration_phase5_to_100_focus" name="test_inspector_init_missing_adapter" time="0.044" /><testcase classname="tests.integration.test_integration_phase5_to_100_focus" name="test_inspector_init_fails_file_validation" time="0.047" /><testcase classname="tests.integration.test_integration_phase5_to_100_focus" name="test_inspector_analyze_catches_memory_errors" time="0.043" /><testcase classname="tests.integration.test_integration_phase5_to_100_focus" name="test_inspector_analyze_catches_generic_errors" time="0.043" /><testcase classname="tests.integration.test_integration_phase5_to_100_focus" name="test_detection_stage_error_paths" time="0.045" /><testcase classname="tests.integration.test_integration_phase5_to_100_focus" name="test_detection_stage_execute_collects_fallbacks" time="0.044" /><testcase classname="tests.integration.test_integration_phase5_to_100_focus" name="test_security_stage_error_paths" time="0.045" /><testcase classname="tests.integration.test_integration_phase5_to_100_focus" name="test_analysis_service_add_statistics_and_schema_validation" time="0.045" /><testcase classname="tests.integration.test_integration_phase5_to_100_focus" name="test_analysis_service_circuit_breaker_detection" time="0.044" /><testcase classname="tests.integration.test_integration_phase5_to_100_focus" name="test_validators_exception_paths" time="0.042" /><testcase classname="tests.integration.test_integration_phase5_to_100_focus" name="test_validate_output_input_permission_error" time="0.047" /><testcase classname="tests.integration.test_integration_phase5_to_100_focus" name="test_cli_main_list_yara_invokes_config_command" time="0.046" /><testcase classname="tests.integration.test_integration_phase_c_bridge" name="test_parse_category_rejects_unknown_category_string" time="0.044" /><testcase classname="tests.integration.test_integration_phase_c_bridge" name="test_parse_category_rejects_wrong_type" time="0.041" /><testcase classname="tests.integration.test_integration_phase_c_bridge" name="test_extract_metadata_from_class_raises_runtime_error_on_constructor_failure" time="0.045" /><testcase classname="tests.integration.test_integration_phase_c_bridge" name="test_auto_extract_metadata_fallback_to_declared_metadata_on_failure" time="0.045" /><testcase classname="tests.integration.test_integration_phase_c_bridge" name="test_auto_extract_metadata_replaces_category_only_when_none" time="0.045" /><testcase classname="tests.integration.test_integration_phase_c_bridge" name="test_registry_queries_missing_graph_node_raises_key_error" time="0.043" /><testcase classname="tests.integration.test_integration_phase_c_bridge" name="test_load_timestamp_ignores_invalid_types" time="0.041" /><testcase classname="tests.integration.test_integration_phase_c_bridge" name="test_load_timestamp_keeps_default_on_bad_string" time="0.043" /><testcase classname="tests.integration.test_integration_phase_c_bridge" name="test_dict_to_model_non_strict_constructs_invalid_data" time="0.043" /><testcase classname="tests.integration.test_integration_phase_c_bridge" name="test_convert_results_swallows_conversion_error_when_strict_false" time="0.042" /><testcase classname="tests.integration.test_integration_phase_c_bridge" name="test_convert_results_raises_nothing_and_returns_raw_when_model_conversion_fails" time="0.042" /><testcase classname="tests.integration.test_integration_phase_c_bridge" name="test_from_dict_empty_returns_default_result" time="0.042" /><testcase classname="tests.integration.test_integration_phase_c_bridge" name="test_from_dict_with_file_info" time="0.041" /><testcase classname="tests.integration.test_integration_phase_c_bridge" name="test_from_dict_with_hashing" time="0.042" /><testcase classname="tests.integration.test_integration_phase_c_bridge" name="test_from_dict_with_security" time="0.041" /><testcase classname="tests.integration.test_integration_phase_c_bridge" name="test_from_dict_with_imports" time="0.041" /><testcase classname="tests.integration.test_integration_phase_c_bridge" name="test_from_dict_with_exports" time="0.046" /><testcase classname="tests.integration.test_integration_phase_c_bridge" name="test_from_dict_with_sections" time="0.044" /><testcase classname="tests.integration.test_integration_phase_c_bridge" name="test_from_dict_with_strings" time="0.046" /><testcase classname="tests.integration.test_integration_phase_c_bridge" name="test_from_dict_strings_empty_list" time="0.044" /><testcase classname="tests.integration.test_integration_phase_c_bridge" name="test_from_dict_with_yara_matches" time="0.044" /><testcase classname="tests.integration.test_integration_phase_c_bridge" name="test_from_dict_with_functions" time="0.043" /><testcase classname="tests.integration.test_integration_phase_c_bridge" name="test_from_dict_with_anti_analysis" time="0.044" /><testcase classname="tests.integration.test_integration_phase_c_bridge" name="test_from_dict_with_packer" time="0.045" /><testcase classname="tests.integration.test_integration_phase_c_bridge" name="test_from_dict_with_crypto" time="0.050" /><testcase classname="tests.integration.test_integration_phase_c_bridge" name="test_from_dict_with_indicators" time="0.049" /><testcase classname="tests.integration.test_integration_phase_c_bridge" name="test_from_dict_with_error" time="0.044" /><testcase classname="tests.integration.test_integration_phase_c_bridge" name="test_from_dict_error_none" time="0.042" /><testcase classname="tests.integration.test_integration_phase_c_bridge" name="test_from_dict_with_timestamp_string_valid" time="0.041" /><testcase classname="tests.integration.test_integration_phase_c_bridge" name="test_from_dict_with_timestamp_string_invalid" time="0.043" /><testcase classname="tests.integration.test_integration_phase_c_bridge" name="test_from_dict_with_timestamp_datetime_object" time="0.044" /><testcase classname="tests.integration.test_integration_phase_c_bridge" name="test_from_dict_timestamp_none" time="0.045" /><testcase classname="tests.integration.test_integration_phase_c_bridge" name="test_from_dict_with_execution_time" time="0.042" /><testcase classname="tests.integration.test_integration_phase_c_bridge" name="test_from_dict_execution_time_default" time="0.043" /><testcase classname="tests.integration.test_integration_phase_c_bridge" name="test_load_file_info_with_defaults" time="0.041" /><testcase classname="tests.integration.test_integration_phase_c_bridge" name="test_load_file_info_missing" time="0.044" /><testcase classname="tests.integration.test_integration_phase_c_bridge" name="test_load_hashing_missing" time="0.044" /><testcase classname="tests.integration.test_integration_phase_c_bridge" name="test_load_security_missing" time="0.043" /><testcase classname="tests.integration.test_integration_phase_c_bridge" name="test_load_imports_missing" time="0.043" /><testcase classname="tests.integration.test_integration_phase_c_bridge" name="test_load_imports_empty_list" time="0.042" /><testcase classname="tests.integration.test_integration_phase_c_bridge" name="test_load_exports_missing" time="0.042" /><testcase classname="tests.integration.test_integration_phase_c_bridge" name="test_load_exports_empty_list" time="0.042" /><testcase classname="tests.integration.test_integration_phase_c_bridge" name="test_load_sections_missing" time="0.042" /><testcase classname="tests.integration.test_integration_phase_c_bridge" name="test_load_sections_empty_list" time="0.042" /><testcase classname="tests.integration.test_integration_phase_c_bridge" name="test_load_strings_missing" time="0.041" /><testcase classname="tests.integration.test_integration_phase_c_bridge" name="test_load_yara_matches_missing" time="0.043" /><testcase classname="tests.integration.test_integration_phase_c_bridge" name="test_load_yara_matches_empty" time="0.042" /><testcase classname="tests.integration.test_integration_phase_c_bridge" name="test_load_functions_missing" time="0.045" /><testcase classname="tests.integration.test_integration_phase_c_bridge" name="test_load_functions_empty" time="0.045" /><testcase classname="tests.integration.test_integration_phase_c_bridge" name="test_load_anti_analysis_missing" time="0.045" /><testcase classname="tests.integration.test_integration_phase_c_bridge" name="test_load_packer_missing" time="0.045" /><testcase classname="tests.integration.test_integration_phase_c_bridge" name="test_load_crypto_missing" time="0.045" /><testcase classname="tests.integration.test_integration_phase_c_bridge" name="test_load_indicators_missing" time="0.044" /><testcase classname="tests.integration.test_integration_phase_c_bridge" name="test_load_indicators_empty" time="0.044" /><testcase classname="tests.integration.test_integration_phase_c_bridge" name="test_load_error_present" time="0.041" /><testcase classname="tests.integration.test_integration_phase_c_bridge" name="test_load_timestamp_missing" time="0.042" /><testcase classname="tests.integration.test_integration_phase_c_bridge" name="test_load_execution_time_present" time="0.045" /><testcase classname="tests.integration.test_integration_phase_c_bridge" name="test_load_execution_time_missing" time="0.046" /><testcase classname="tests.integration.test_integration_phase_c_bridge" name="test_from_dict_full_data" time="0.043" /><testcase classname="tests.integration.test_integration_phase_c_bridge" name="test_dict_to_model_success" time="0.043" /><testcase classname="tests.integration.test_integration_phase_c_bridge" name="test_dict_to_model_strict_mode_success" time="0.043" /><testcase classname="tests.integration.test_integration_phase_c_bridge" name="test_dict_to_model_strict_mode_failure" time="0.045" /><testcase classname="tests.integration.test_integration_phase_c_bridge" name="test_dict_to_model_non_strict_mode_fallback" time="0.044" /><testcase classname="tests.integration.test_integration_phase_c_bridge" name="test_model_to_dict_basic" time="0.042" /><testcase classname="tests.integration.test_integration_phase_c_bridge" name="test_model_to_dict_exclude_none" time="0.041" /><testcase classname="tests.integration.test_integration_phase_c_bridge" name="test_model_to_dict_include_none" time="0.041" /><testcase classname="tests.integration.test_integration_phase_c_bridge" name="test_model_to_dict_by_alias" time="0.044" /><testcase classname="tests.integration.test_integration_phase_c_bridge" name="test_result_converter_register_schema" time="0.044" /><testcase classname="tests.integration.test_integration_phase_c_bridge" name="test_result_converter_register_schema_normalization" time="0.043" /><testcase classname="tests.integration.test_integration_phase_c_bridge" name="test_result_converter_register_schemas_bulk" time="0.041" /><testcase classname="tests.integration.test_integration_phase_c_bridge" name="test_result_converter_get_schema_registered" time="0.041" /><testcase classname="tests.integration.test_integration_phase_c_bridge" name="test_result_converter_get_schema_unregistered" time="0.043" /><testcase classname="tests.integration.test_integration_phase_c_bridge" name="test_result_converter_get_schema_normalization" time="0.042" /><testcase classname="tests.integration.test_integration_phase_c_bridge" name="test_result_converter_convert_result" time="0.042" /><testcase classname="tests.integration.test_integration_phase_c_bridge" name="test_result_converter_convert_result_adds_analyzer_name" time="0.042" /><testcase classname="tests.integration.test_integration_phase_c_bridge" name="test_result_converter_convert_result_preserves_analyzer_name" time="0.042" /><testcase classname="tests.integration.test_integration_phase_c_bridge" name="test_result_converter_convert_result_unregistered" time="0.043" /><testcase classname="tests.integration.test_integration_phase_c_bridge" name="test_result_converter_convert_results_multiple" time="0.042" /><testcase classname="tests.integration.test_integration_phase_c_bridge" name="test_result_converter_convert_results_error_handling" time="0.050" /><testcase classname="tests.integration.test_integration_phase_c_bridge" name="test_result_converter_convert_results_strict_mode" time="0.049" /><testcase classname="tests.integration.test_integration_phase_c_bridge" name="test_result_converter_list_registered_schemas" time="0.045" /><testcase classname="tests.integration.test_integration_phase_c_bridge" name="test_result_converter_list_registered_schemas_empty" time="0.044" /><testcase classname="tests.integration.test_integration_phase_c_bridge" name="test_safe_convert_with_dict" time="0.043" /><testcase classname="tests.integration.test_integration_phase_c_bridge" name="test_safe_convert_with_model" time="0.043" /><testcase classname="tests.integration.test_integration_phase_c_bridge" name="test_safe_convert_with_none" time="0.044" /><testcase classname="tests.integration.test_integration_phase_c_bridge" name="test_safe_convert_with_none_and_default" time="0.042" /><testcase classname="tests.integration.test_integration_phase_c_bridge" name="test_safe_convert_with_invalid_type" time="0.046" /><testcase classname="tests.integration.test_integration_phase_c_bridge" name="test_safe_convert_with_invalid_type_and_default" time="0.043" /><testcase classname="tests.integration.test_integration_phase_c_bridge" name="test_safe_convert_with_conversion_error" time="0.045" /><testcase classname="tests.integration.test_integration_phase_c_bridge" name="test_validate_result_valid" time="0.043" /><testcase classname="tests.integration.test_integration_phase_c_bridge" name="test_validate_result_invalid" time="0.046" /><testcase classname="tests.integration.test_integration_phase_c_bridge" name="test_validate_result_with_constructed_model" time="0.043" /><testcase classname="tests.integration.test_integration_phase_c_bridge" name="test_dict_to_model_with_extra_fields" time="0.042" /><testcase classname="tests.integration.test_integration_phase_c_bridge" name="test_result_converter_convert_result_strict" time="0.045" /><testcase classname="tests.integration.test_integration_phase_c_bridge" name="test_result_converter_empty_registry" time="0.045" /><testcase classname="tests.integration.test_integration_phase_c_bridge" name="test_model_to_dict_all_combinations" time="0.044" /><testcase classname="tests.integration.test_integration_phase_c_bridge" name="test_dict_to_model_strict_and_non_strict" time="0.043" /><testcase classname="tests.integration.test_integration_phase_c_bridge" name="test_model_to_dict_exclude_none_false" time="0.040" /><testcase classname="tests.integration.test_integration_phase_c_bridge" name="test_result_converter_and_list_registered" time="0.044" /><testcase classname="tests.integration.test_integration_phase_c_bridge" name="test_convert_results_error_path_non_dict" time="0.044" /><testcase classname="tests.integration.test_integration_phase_c_bridge" name="test_safe_convert_paths_and_validate_result" time="0.044" /><testcase classname="tests.integration.test_integration_phase_c_bridge" name="test_analysis_result_base_validators" time="0.043" /><testcase classname="tests.integration.test_integration_phase_c_bridge" name="test_file_info_base_normalizes_extension" time="0.042" /><testcase classname="tests.integration.test_integration_phase_c_bridge" name="test_hash_analysis_result_validation" time="0.041" /><testcase classname="tests.integration.test_integration_phase_c_bridge" name="test_converters_strict_and_non_strict" time="0.043" /><testcase classname="tests.integration.test_integration_phase_c_bridge" name="test_result_converter_registry_and_conversion" time="0.043" /><testcase classname="tests.integration.test_integration_phase_c_bridge" name="test_safe_convert_and_validate_result" time="0.043" /><testcase classname="tests.integration.test_integration_phase_c_bridge" name="test_format_schema_helpers_and_validation" time="0.042" /><testcase classname="tests.integration.test_integration_phase_c_bridge" name="test_file_info_extension_normalization" time="0.042" /><testcase classname="tests.integration.test_integration_top10_wave10_remaining_edges" name="test_similarity_scoring_helpers" time="0.042" /><testcase classname="tests.integration.test_integration_top10_wave10_remaining_edges" name="test_analysis_service_paths" time="0.044" /><testcase classname="tests.integration.test_integration_top10_wave10_remaining_edges" name="test_magic_adapter_paths" time="0.045" /><testcase classname="tests.integration.test_integration_top10_wave10_remaining_edges" name="test_binbloom_analysis_exception_path" time="0.045" /><testcase classname="tests.integration.test_integration_top10_wave10_remaining_edges" name="test_crypto_overlay_pe_imports_registry_residuals" time="0.046" /><testcase classname="tests.integration.test_integration_top10_wave5_remaining_edges" name="test_registry_queries_remaining_branches" time="0.047" /><testcase classname="tests.integration.test_integration_top10_wave5_remaining_edges" name="test_bindiff_analyzer_remaining_branches" time="0.044" /><testcase classname="tests.integration.test_integration_top10_wave8_remaining_edges" name="test_parse_category_paths" time="0.043" /><testcase classname="tests.integration.test_integration_top10_wave8_remaining_edges" name="test_extract_metadata_from_class_paths" time="0.042" /><testcase classname="tests.integration.test_integration_top10_wave8_remaining_edges" name="test_auto_extract_metadata_paths" time="0.045" /><testcase classname="tests.integration.test_large_modules_real_error_paths" name="test_function_analyzer_real_and_no_functions" time="0.300" /><testcase classname="tests.integration.test_large_modules_real_error_paths" name="test_rich_header_and_resource_analyzers_real" time="0.337" /><testcase classname="tests.integration.test_large_modules_real_error_paths" name="test_hashing_analyzers_real_and_validation_errors" time="0.383" /><testcase classname="tests.integration.test_phase2_pipeline" name="test_pipeline_progress_order_sequential" time="2.296" /><testcase classname="tests.integration.test_phase2_pipeline" name="test_pipeline_sequential_format_analysis_branches[samples/fixtures/hello_pe.exe-PE-pe_info]" time="2.292" /><testcase classname="tests.integration.test_phase2_pipeline" name="test_pipeline_sequential_format_analysis_branches[samples/fixtures/hello_elf-ELF-elf_info]" time="0.278" /><testcase classname="tests.integration.test_phase2_pipeline" name="test_pipeline_sequential_format_analysis_branches[samples/fixtures/hello_macho-Mach-O-macho_info]" time="0.307" /><testcase classname="tests.integration.test_phase2_pipeline" name="test_pipeline_parallel_core_results" time="2.237" /><testcase classname="tests.integration.test_phase2_pipeline" name="test_inspector_options_disable_detection" time="2.170" /><testcase classname="tests.integration.test_phase6_hashing_similarity" name="test_ssdeep_analyzer_real_binary" time="0.041" /><testcase classname="tests.integration.test_phase6_hashing_similarity" name="test_tlsh_analyzer_library_gate" time="0.186" /><testcase classname="tests.integration.test_phase6_hashing_similarity" name="test_telfhash_analyzer_library_gate" time="0.100" /><testcase classname="tests.integration.test_phase6_hashing_similarity" name="test_impfuzzy_analyzer_library_gate" time="0.204" /><testcase classname="tests.integration.test_phase6_hashing_similarity" name="test_simhash_analyzer_basic" time="0.336" /><testcase classname="tests.integration.test_phase6_hashing_similarity" name="test_binbloom_analyzer_basic" time="0.804" /><testcase classname="tests.integration.test_phase6_hashing_similarity" name="test_binlex_analyzer_basic" time="0.309" /><testcase classname="tests.integration.test_phase6_hashing_similarity" name="test_bindiff_analyzer_basic" time="0.333" /><testcase classname="tests.integration.test_phase6_hashing_similarity" name="test_ccbhash_analyzer_error_path" time="0.185" /></testsuite></testsuites>
