<?xml version="1.0" encoding="utf-8"?><testsuites name="pytest tests"><testsuite name="pytest" errors="0" failures="0" skipped="0" tests="119" time="77.788" timestamp="2026-03-01T23:27:36.150678+01:00" hostname="Marcs-MacBook-Pro.local"><testcase classname="tests.integration.test_analysis_pipeline_real" name="test_pipeline_parallel_dependency_order" time="0.049" /><testcase classname="tests.integration.test_analysis_pipeline_real" name="test_pipeline_parallel_condition_skip" time="0.025" /><testcase classname="tests.integration.test_analysis_pipeline_real" name="test_pipeline_parallel_timeout_error" time="0.332" /><testcase classname="tests.integration.test_cli_analysis_runner_real" name="test_analysis_runner_outputs_and_stats" time="2.624" /><testcase classname="tests.integration.test_cli_analysis_runner_real" name="test_analysis_runner_verbose_stats_paths" time="0.033" /><testcase classname="tests.integration.test_cli_analysis_runner_real" name="test_analysis_runner_helpers_and_status" time="0.027" /><testcase classname="tests.integration.test_cli_batch_output_real_flows" name="test_batch_output_json_real_flow" time="2.866" /><testcase classname="tests.integration.test_cli_batch_output_real_flows" name="test_batch_output_csv_real_flow" time="2.824" /><testcase classname="tests.integration.test_cli_interactive_flow_real" name="test_interactive_flow_real" time="2.624" /><testcase classname="tests.integration.test_cli_interactive_flow_real" name="test_interactive_flow_inprocess_real" time="3.203" /><testcase classname="tests.integration.test_cli_interactive_flow_real" name="test_interactive_flow_inprocess_unknown_and_eof" time="0.202" /><testcase classname="tests.integration.test_cli_interactive_flow_real" name="test_interactive_flow_inprocess_keyboard_interrupt" time="0.203" /><testcase classname="tests.integration.test_cli_workflows" name="test_cli_help" time="0.285" /><testcase classname="tests.integration.test_cli_workflows" name="test_cli_list_yara" time="0.232" /><testcase classname="tests.integration.test_cli_workflows" name="test_cli_version" time="0.221" /><testcase classname="tests.integration.test_cli_workflows" name="test_cli_analyze_json_output" time="0.740" /><testcase classname="tests.integration.test_cli_workflows" name="test_cli_batch_json_output" time="2.565" /><testcase classname="tests.integration.test_cli_workflows" name="test_cli_interactive_quit" time="0.292" /><testcase classname="tests.integration.test_core_r2_session_pipeline_and_large_analyzers_real" name="test_r2_session_basic_and_safe_mode" time="0.352" /><testcase classname="tests.integration.test_core_r2_session_pipeline_and_large_analyzers_real" name="test_r2_session_flags_and_fat_macho_detection" time="0.027" /><testcase classname="tests.integration.test_core_r2_session_pipeline_and_large_analyzers_real" name="test_r2_session_analysis_depth_and_timeouts" time="0.188" /><testcase classname="tests.integration.test_core_r2_session_pipeline_and_large_analyzers_real" name="test_pipeline_builder_builds_stages" time="0.063" /><testcase classname="tests.integration.test_core_r2_session_pipeline_and_large_analyzers_real" name="test_large_analyzers_on_pe" time="0.496" /><testcase classname="tests.integration.test_core_r2_session_real_branches" name="test_r2_session_real_open_and_analysis" time="0.158" /><testcase classname="tests.integration.test_core_r2_session_real_branches" name="test_r2_session_real_fat_header_detect" time="0.027" /><testcase classname="tests.integration.test_hashing_and_function_analyzers_exhaustive_real" name="test_function_analyzer_real" time="0.291" /><testcase classname="tests.integration.test_hashing_and_function_analyzers_exhaustive_real" name="test_simhash_analyzer_real" time="0.531" /><testcase classname="tests.integration.test_hashing_and_function_analyzers_exhaustive_real" name="test_ssdeep_analyzer_real_and_errors" time="0.027" /><testcase classname="tests.integration.test_hashing_and_function_analyzers_exhaustive_real" name="test_telfhash_analyzer_real" time="0.256" /><testcase classname="tests.integration.test_hashing_and_function_analyzers_exhaustive_real" name="test_tlsh_analyzer_real" time="0.260" /><testcase classname="tests.integration.test_integration_edge_cases" name="test_edge_fixtures_formats" time="0.730" /><testcase classname="tests.integration.test_integration_edge_cases" name="test_options_disable_outputs" time="0.242" /><testcase classname="tests.integration.test_integration_edge_cases" name="test_config_driven_string_filtering" time="0.236" /><testcase classname="tests.integration.test_integration_edge_cases" name="test_lazy_loader_stats_increase" time="0.037" /><testcase classname="tests.integration.test_integration_inspector" name="test_integration_macho" time="0.246" /><testcase classname="tests.integration.test_integration_inspector" name="test_integration_pe" time="2.028" /><testcase classname="tests.integration.test_integration_inspector" name="test_integration_elf" time="0.210" /><testcase classname="tests.integration.test_large_modules_additional_real_inputs" name="test_resource_and_rich_header_real_edge_inputs" time="0.691" /><testcase classname="tests.integration.test_large_modules_additional_real_inputs" name="test_function_analyzer_real_variants" time="0.290" /><testcase classname="tests.integration.test_large_modules_additional_real_inputs" name="test_hashing_analyzers_real_inputs" time="0.425" /><testcase classname="tests.integration.test_large_modules_real_error_paths" name="test_function_analyzer_real_and_no_functions" time="0.273" /><testcase classname="tests.integration.test_large_modules_real_error_paths" name="test_rich_header_and_resource_analyzers_real" time="0.304" /><testcase classname="tests.integration.test_large_modules_real_error_paths" name="test_hashing_analyzers_real_and_validation_errors" time="0.354" /><testcase classname="tests.integration.test_milestone_governance_flow" name="test_completion_aborts_without_state_mutation_on_gate_failure" time="0.033" /><testcase classname="tests.integration.test_milestone_governance_flow" name="test_completion_records_evidence_when_gate_passes" time="0.030" /><testcase classname="tests.integration.test_milestone_governance_flow" name="test_blocked_completion_keeps_completion_state_unadvanced" time="0.030" /><testcase classname="tests.integration.test_milestone_governance_flow" name="test_remediation_output_uses_context_retry_command" time="0.029" /><testcase classname="tests.integration.test_milestone_governance_flow" name="test_milestone_complete_aborts_when_requirements_contract_gate_blocked" time="0.028" /><testcase classname="tests.integration.test_milestone_governance_flow" name="test_milestone_complete_blocks_on_traceability_drift_before_milestone_gate" time="0.029" /><testcase classname="tests.integration.test_milestone_governance_flow" name="test_traceability_precheck_matrix_additions_do_not_change_completion_gate_behavior" time="0.031" /><testcase classname="tests.integration.test_milestone_governance_flow" name="test_ranked_remediation_hints_are_additive_to_traceability_precheck_contract" time="0.030" /><testcase classname="tests.integration.test_modules_additional_real_fixtures" name="test_authenticode_and_mitigations_real" time="0.497" /><testcase classname="tests.integration.test_modules_additional_real_fixtures" name="test_packer_and_overlay_real" time="0.472" /><testcase classname="tests.integration.test_modules_additional_real_fixtures" name="test_compiler_detection_real" time="0.719" /><testcase classname="tests.integration.test_modules_more_error_paths_real" name="test_resource_analyzer_error_paths_real" time="0.122" /><testcase classname="tests.integration.test_modules_more_error_paths_real" name="test_rich_header_analyzer_non_pe_and_malformed_real" time="0.174" /><testcase classname="tests.integration.test_modules_more_error_paths_real" name="test_function_analyzer_error_path_real" time="0.081" /><testcase classname="tests.integration.test_modules_real_branches_exhaustive" name="test_full_analyzer_surface_real[hello_pe.exe]" time="8.060" /><testcase classname="tests.integration.test_modules_real_branches_exhaustive" name="test_full_analyzer_surface_real[hello_elf]" time="2.254" /><testcase classname="tests.integration.test_modules_real_branches_exhaustive" name="test_full_analyzer_surface_real[hello_macho]" time="2.659" /><testcase classname="tests.integration.test_modules_real_branches_exhaustive" name="test_edge_case_analyzers_real[edge_bad_pe.bin]" time="0.111" /><testcase classname="tests.integration.test_modules_real_branches_exhaustive" name="test_edge_case_analyzers_real[edge_tiny.bin]" time="0.076" /><testcase classname="tests.integration.test_phase1_display_batch_processing" name="test_display_hash_strings_sections_truncation" time="0.033" /><testcase classname="tests.integration.test_phase1_display_batch_processing" name="test_batch_processing_parallel_progress_and_outputs" time="2.972" /><testcase classname="tests.integration.test_phase2_pipeline" name="test_pipeline_progress_order_sequential" time="2.131" /><testcase classname="tests.integration.test_phase2_pipeline" name="test_pipeline_sequential_format_analysis_branches[samples/fixtures/hello_pe.exe-PE-pe_info]" time="2.160" /><testcase classname="tests.integration.test_phase2_pipeline" name="test_pipeline_sequential_format_analysis_branches[samples/fixtures/hello_elf-ELF-elf_info]" time="0.254" /><testcase classname="tests.integration.test_phase2_pipeline" name="test_pipeline_sequential_format_analysis_branches[samples/fixtures/hello_macho-Mach-O-macho_info]" time="0.268" /><testcase classname="tests.integration.test_phase2_pipeline" name="test_pipeline_parallel_core_results" time="2.191" /><testcase classname="tests.integration.test_phase2_pipeline" name="test_inspector_options_disable_detection" time="2.101" /><testcase classname="tests.integration.test_phase2_real_no_mocks_hashing_deep_paths" name="test_phase2_simhash_real_extractors_and_similarity" time="0.526" /><testcase classname="tests.integration.test_phase2_real_no_mocks_hashing_deep_paths" name="test_phase2_simhash_real_function_opcode_paths" time="0.210" /><testcase classname="tests.integration.test_phase2_real_no_mocks_hashing_deep_paths" name="test_phase2_impfuzzy_real_pe_and_nonpe_paths" time="0.269" /><testcase classname="tests.integration.test_phase2_real_no_mocks_hashing_deep_paths" name="test_phase2_telfhash_real_elf_and_nonelf_paths" time="0.236" /><testcase classname="tests.integration.test_phase2_real_no_mocks_hashing_deep_paths" name="test_phase2_tlsh_real_find_similar_sections" time="0.332" /><testcase classname="tests.integration.test_phase3_real_no_mocks_hashing_similarity_paths" name="test_phase3_simhash_calculate_similarity_real" time="0.931" /><testcase classname="tests.integration.test_phase3_real_no_mocks_hashing_similarity_paths" name="test_phase3_simhash_extract_function_features_real" time="0.234" /><testcase classname="tests.integration.test_phase3_real_no_mocks_hashing_similarity_paths" name="test_phase3_tlsh_find_similar_sections_real" time="0.342" /><testcase classname="tests.integration.test_phase3_real_no_mocks_hashing_similarity_paths" name="test_phase3_impfuzzy_compare_hashes_real" time="0.224" /><testcase classname="tests.integration.test_phase3_real_no_mocks_hashing_similarity_paths" name="test_phase3_telfhash_compare_hashes_real" time="0.070" /><testcase classname="tests.integration.test_phase3_real_no_mocks_hashing_similarity_paths" name="test_phase3_telfhash_symbol_probe_helpers_real" time="0.069" /><testcase classname="tests.integration.test_phase4_format_analyzers" name="test_pe_analyzer_basic" time="0.566" /><testcase classname="tests.integration.test_phase4_format_analyzers" name="test_elf_analyzer_basic" time="0.116" /><testcase classname="tests.integration.test_phase4_format_analyzers" name="test_macho_analyzer_basic" time="0.150" /><testcase classname="tests.integration.test_phase4_format_analyzers" name="test_rich_header_analyzer_pe_and_non_pe" time="0.258" /><testcase classname="tests.integration.test_phase4_format_analyzers" name="test_overlay_analyzer_no_overlay" time="0.302" /><testcase classname="tests.integration.test_phase4_real_no_mocks_error_recovery_paths" name="test_phase4_telfhash_real_error_recovery_paths" time="0.063" /><testcase classname="tests.integration.test_phase4_real_no_mocks_error_recovery_paths" name="test_phase4_simhash_real_error_recovery_paths" time="0.177" /><testcase classname="tests.integration.test_phase4_real_no_mocks_error_recovery_paths" name="test_phase4_binlex_real_token_extractors_and_recovery" time="0.222" /><testcase classname="tests.integration.test_phase4_real_no_mocks_error_recovery_paths" name="test_phase4_impfuzzy_real_invalid_input_paths" time="0.026" /><testcase classname="tests.integration.test_phase4_real_no_mocks_error_recovery_paths" name="test_phase4_telfhash_real_adapter_none_probe_paths" time="0.027" /><testcase classname="tests.integration.test_phase5_detection_security" name="test_anti_analysis_detector_structure" time="0.268" /><testcase classname="tests.integration.test_phase5_detection_security" name="test_crypto_analyzer_structure" time="0.438" /><testcase classname="tests.integration.test_phase5_detection_security" name="test_packer_detector_structure" time="0.261" /><testcase classname="tests.integration.test_phase5_detection_security" name="test_exploit_mitigation_analyzer_structure" time="0.308" /><testcase classname="tests.integration.test_phase5_detection_security" name="test_authenticode_analyzer_structure" time="0.288" /><testcase classname="tests.integration.test_phase6_hashing_similarity" name="test_ssdeep_analyzer_real_binary" time="0.028" /><testcase classname="tests.integration.test_phase6_hashing_similarity" name="test_tlsh_analyzer_library_gate" time="0.166" /><testcase classname="tests.integration.test_phase6_hashing_similarity" name="test_telfhash_analyzer_library_gate" time="0.085" /><testcase classname="tests.integration.test_phase6_hashing_similarity" name="test_impfuzzy_analyzer_library_gate" time="0.182" /><testcase classname="tests.integration.test_phase6_hashing_similarity" name="test_simhash_analyzer_basic" time="0.319" /><testcase classname="tests.integration.test_phase6_hashing_similarity" name="test_binbloom_analyzer_basic" time="0.791" /><testcase classname="tests.integration.test_phase6_hashing_similarity" name="test_binlex_analyzer_basic" time="0.291" /><testcase classname="tests.integration.test_phase6_hashing_similarity" name="test_bindiff_analyzer_basic" time="0.343" /><testcase classname="tests.integration.test_phase6_hashing_similarity" name="test_ccbhash_analyzer_error_path" time="0.162" /><testcase classname="tests.integration.test_phase7_metadata_analyzers" name="test_import_analyzer_handles_empty_and_ordinal_only" time="0.222" /><testcase classname="tests.integration.test_phase7_metadata_analyzers" name="test_export_analyzer_defaults_and_stats" time="0.082" /><testcase classname="tests.integration.test_phase7_metadata_analyzers" name="test_section_analyzer_permissions_and_entropy" time="0.282" /><testcase classname="tests.integration.test_phase7_metadata_analyzers" name="test_function_analyzer_basic_and_empty" time="0.137" /><testcase classname="tests.integration.test_phase7_metadata_analyzers" name="test_string_analyzer_min_length_and_decode_errors" time="0.351" /><testcase classname="tests.integration.test_phase7_metadata_analyzers" name="test_resource_analyzer_malformed_and_binary_extraction" time="0.226" /><testcase classname="tests.integration.test_phase9_integration_fixtures" name="test_end_to_end_fixtures_match_expected_snapshots" time="3.224" /><testcase classname="tests.integration.test_phase9_integration_fixtures" name="test_batch_mode_mixed_files_and_csv_output" time="3.020" /><testcase classname="tests.integration.test_phase9_integration_fixtures" name="test_interactive_mode_scripted_commands" time="0.406" /><testcase classname="tests.integration.test_pipeline_stages_real" name="test_file_info_and_format_detection_pe" time="0.187" /><testcase classname="tests.integration.test_pipeline_stages_real" name="test_format_analysis_stage_pe" time="1.039" /><testcase classname="tests.integration.test_real_coverage_harness" name="test_best_effort_analyzer_method_walk" time="2.191" /><testcase classname="tests.integration.test_resource_rich_header_exhaustive_real" name="test_resource_analyzer_real_paths" time="0.182" /><testcase classname="tests.integration.test_resource_rich_header_exhaustive_real" name="test_rich_header_analyzer_real_paths" time="0.232" /></testsuite></testsuites>
