<?xml version="1.0" encoding="utf-8"?><testsuites name="pytest tests"><testsuite name="pytest" errors="0" failures="0" skipped="0" tests="365" time="17.792" timestamp="2026-03-02T00:12:52.211061+01:00" hostname="Marcs-MacBook-Pro.local"><testcase classname="tests.unit.test_phase_d_infra_execution_resilience" name="test_memory_manager_gc_trigger_and_error_paths" time="0.050" /><testcase classname="tests.unit.test_phase_d_infra_execution_resilience" name="test_memory_manager_callbacks_swallow_exceptions" time="0.039" /><testcase classname="tests.unit.test_phase_d_infra_execution_resilience" name="test_memory_manager_global_config_and_cleanup" time="0.047" /><testcase classname="tests.unit.test_phase_d_infra_execution_resilience" name="test_memory_aware_analyzer_safe_operation_error_paths" time="0.048" /><testcase classname="tests.unit.test_phase_d_infra_execution_resilience" name="test_memory_manager_aggressive_gc_path_is_hit" time="0.045" /><testcase classname="tests.unit.test_phase_d_infra_execution_resilience" name="test_retry_manager_decorator_command_from_kwargs_skip_retry_for_stable_command" time="0.028" /><testcase classname="tests.unit.test_phase_d_infra_execution_resilience" name="test_retry_manager_timeout_is_enforced_before_attempt" time="0.028" /><testcase classname="tests.unit.test_phase_d_infra_execution_resilience" name="test_retry_manager_retryable_timeout_with_backoff_and_success" time="0.027" /><testcase classname="tests.unit.test_phase_d_infra_execution_resilience" name="test_retry_manager_re_raise_on_retry_limit" time="0.027" /><testcase classname="tests.unit.test_phase_d_infra_execution_resilience" name="test_rate_limiter_cleanup_memory_error_path" time="0.037" /><testcase classname="tests.unit.test_phase_d_infra_execution_resilience" name="test_batch_rate_limiter_acquire_handles_rate_limit_exception" time="0.028" /><testcase classname="tests.unit.test_phase_d_infra_execution_resilience" name="test_adaptive_rate_limiter_updates_rate_from_system_stress" time="0.028" /><testcase classname="tests.unit.test_memory_manager" name="test_validate_file_and_section_size" time="0.027" /><testcase classname="tests.unit.test_memory_manager" name="test_limit_collection_size_truncates" time="0.028" /><testcase classname="tests.unit.test_memory_manager" name="test_check_memory_returns_stats" time="0.031" /><testcase classname="tests.unit.test_memory_manager" name="test_is_memory_available_respects_limits" time="0.028" /><testcase classname="tests.unit.test_memory_manager" name="test_safe_large_operation_executes_when_available" time="0.041" /><testcase classname="tests.unit.test_memory_manager_additional_full_block371" name="test_memory_manager_threshold_paths_and_callbacks" time="0.068" /><testcase classname="tests.unit.test_memory_manager_additional_full_block371" name="test_memory_manager_file_section_size_and_collections" time="0.028" /><testcase classname="tests.unit.test_memory_manager_additional_full_block371" name="test_memory_manager_is_memory_available" time="0.028" /><testcase classname="tests.unit.test_memory_manager_additional_full_block371" name="test_memory_aware_analyzer_paths" time="0.049" /><testcase classname="tests.unit.test_memory_manager_additional_full_block371" name="test_memory_manager_globals_and_limits" time="0.028" /><testcase classname="tests.unit.test_memory_manager_block278" name="test_memory_monitor_warning_and_cached_stats" time="0.043" /><testcase classname="tests.unit.test_memory_manager_block278" name="test_memory_monitor_critical_and_limits" time="0.060" /><testcase classname="tests.unit.test_memory_manager_block278" name="test_memory_aware_analyzer_operations" time="0.048" /><testcase classname="tests.unit.test_memory_manager_block278" name="test_global_memory_helpers" time="0.051" /><testcase classname="tests.unit.test_memory_manager_branch_paths" name="test_memory_limits_defaults" time="0.027" /><testcase classname="tests.unit.test_memory_manager_branch_paths" name="test_memory_limits_custom_values" time="0.028" /><testcase classname="tests.unit.test_memory_manager_branch_paths" name="test_check_memory_force_returns_full_stats" time="0.028" /><testcase classname="tests.unit.test_memory_manager_branch_paths" name="test_check_memory_status_is_normal_with_large_limit" time="0.028" /><testcase classname="tests.unit.test_memory_manager_branch_paths" name="test_check_memory_updates_peak_memory" time="0.028" /><testcase classname="tests.unit.test_memory_manager_branch_paths" name="test_check_memory_interval_returns_cached" time="0.027" /><testcase classname="tests.unit.test_memory_manager_branch_paths" name="test_check_memory_cached_stats_has_process_memory" time="0.027" /><testcase classname="tests.unit.test_memory_manager_branch_paths" name="test_check_memory_warning_threshold_triggers_gc" time="0.036" /><testcase classname="tests.unit.test_memory_manager_branch_paths" name="test_check_memory_warning_calls_warning_callback" time="0.035" /><testcase classname="tests.unit.test_memory_manager_branch_paths" name="test_check_memory_warning_callback_exception_is_swallowed" time="0.036" /><testcase classname="tests.unit.test_memory_manager_branch_paths" name="test_check_memory_critical_threshold_status" time="0.048" /><testcase classname="tests.unit.test_memory_manager_branch_paths" name="test_check_memory_critical_calls_critical_callback" time="0.046" /><testcase classname="tests.unit.test_memory_manager_branch_paths" name="test_check_memory_critical_callback_exception_is_swallowed" time="0.048" /><testcase classname="tests.unit.test_memory_manager_branch_paths" name="test_trigger_gc_non_aggressive_increments_count" time="0.037" /><testcase classname="tests.unit.test_memory_manager_branch_paths" name="test_trigger_gc_aggressive_increments_count" time="0.047" /><testcase classname="tests.unit.test_memory_manager_branch_paths" name="test_get_error_stats_returns_zero_memory" time="0.027" /><testcase classname="tests.unit.test_memory_manager_branch_paths" name="test_is_memory_available_false_when_would_exceed_process_limit" time="0.027" /><testcase classname="tests.unit.test_memory_manager_branch_paths" name="test_is_memory_available_true_for_small_amount" time="0.028" /><testcase classname="tests.unit.test_memory_manager_branch_paths" name="test_is_memory_available_false_when_exceeds_system_memory" time="0.028" /><testcase classname="tests.unit.test_memory_manager_branch_paths" name="test_validate_file_size_within_limit_returns_true" time="0.030" /><testcase classname="tests.unit.test_memory_manager_branch_paths" name="test_validate_file_size_at_limit_returns_true" time="0.034" /><testcase classname="tests.unit.test_memory_manager_branch_paths" name="test_validate_file_size_exceeds_limit_returns_false" time="0.034" /><testcase classname="tests.unit.test_memory_manager_branch_paths" name="test_validate_file_size_zero_returns_true" time="0.037" /><testcase classname="tests.unit.test_memory_manager_branch_paths" name="test_validate_section_size_within_limit_returns_true" time="0.040" /><testcase classname="tests.unit.test_memory_manager_branch_paths" name="test_validate_section_size_exceeds_limit_returns_false" time="0.035" /><testcase classname="tests.unit.test_memory_manager_branch_paths" name="test_limit_collection_size_truncates_large_collection" time="0.031" /><testcase classname="tests.unit.test_memory_manager_branch_paths" name="test_limit_collection_size_keeps_small_collection" time="0.027" /><testcase classname="tests.unit.test_memory_manager_branch_paths" name="test_limit_collection_size_empty_collection" time="0.030" /><testcase classname="tests.unit.test_memory_manager_branch_paths" name="test_limit_collection_size_exact_max" time="0.028" /><testcase classname="tests.unit.test_memory_manager_branch_paths" name="test_set_callbacks_assigns_warning_callback" time="0.028" /><testcase classname="tests.unit.test_memory_manager_branch_paths" name="test_set_callbacks_assigns_critical_callback" time="0.028" /><testcase classname="tests.unit.test_memory_manager_branch_paths" name="test_set_callbacks_none_clears_callbacks" time="0.028" /><testcase classname="tests.unit.test_memory_manager_branch_paths" name="test_should_skip_analysis_false_when_memory_available" time="0.028" /><testcase classname="tests.unit.test_memory_manager_branch_paths" name="test_should_skip_analysis_true_when_memory_unavailable" time="0.028" /><testcase classname="tests.unit.test_memory_manager_branch_paths" name="test_safe_large_operation_runs_when_memory_available" time="0.028" /><testcase classname="tests.unit.test_memory_manager_branch_paths" name="test_safe_large_operation_returns_none_when_skipped" time="0.027" /><testcase classname="tests.unit.test_memory_manager_branch_paths" name="test_safe_large_operation_returns_none_on_memory_error" time="0.027" /><testcase classname="tests.unit.test_memory_manager_branch_paths" name="test_safe_large_operation_returns_none_on_generic_exception" time="0.028" /><testcase classname="tests.unit.test_memory_manager_branch_paths" name="test_memory_aware_analyzer_default_monitor" time="0.028" /><testcase classname="tests.unit.test_memory_manager_branch_paths" name="test_get_memory_stats_returns_dict" time="0.028" /><testcase classname="tests.unit.test_memory_manager_branch_paths" name="test_check_memory_limits_no_args_returns_true" time="0.027" /><testcase classname="tests.unit.test_memory_manager_branch_paths" name="test_check_memory_limits_small_file_returns_true" time="0.028" /><testcase classname="tests.unit.test_memory_manager_branch_paths" name="test_check_memory_limits_large_file_returns_false" time="0.028" /><testcase classname="tests.unit.test_memory_manager_branch_paths" name="test_check_memory_limits_small_analysis_returns_true" time="0.028" /><testcase classname="tests.unit.test_memory_manager_branch_paths" name="test_check_memory_limits_huge_analysis_returns_false" time="0.028" /><testcase classname="tests.unit.test_memory_manager_branch_paths" name="test_configure_memory_limits_updates_known_key" time="0.028" /><testcase classname="tests.unit.test_memory_manager_branch_paths" name="test_configure_memory_limits_ignores_unknown_key" time="0.028" /><testcase classname="tests.unit.test_memory_manager_branch_paths" name="test_cleanup_memory_returns_stats" time="0.049" /><testcase classname="tests.unit.test_memory_manager_coverage" name="test_memory_monitor_check_memory_returns_stats" time="0.027" /><testcase classname="tests.unit.test_memory_manager_coverage" name="test_memory_monitor_cached_stats_returned_quickly" time="0.028" /><testcase classname="tests.unit.test_memory_manager_coverage" name="test_memory_monitor_validate_file_size_within_limit" time="0.027" /><testcase classname="tests.unit.test_memory_manager_coverage" name="test_memory_monitor_validate_file_size_exceeds_limit" time="0.028" /><testcase classname="tests.unit.test_memory_manager_coverage" name="test_memory_monitor_validate_section_size_within_limit" time="0.027" /><testcase classname="tests.unit.test_memory_manager_coverage" name="test_memory_monitor_validate_section_size_exceeds_limit" time="0.027" /><testcase classname="tests.unit.test_memory_manager_coverage" name="test_memory_monitor_limit_collection_size_truncates" time="0.027" /><testcase classname="tests.unit.test_memory_manager_coverage" name="test_memory_monitor_limit_collection_size_no_truncation" time="0.028" /><testcase classname="tests.unit.test_memory_manager_coverage" name="test_memory_monitor_is_memory_available" time="0.028" /><testcase classname="tests.unit.test_memory_manager_coverage" name="test_memory_monitor_is_memory_unavailable_if_too_large" time="0.028" /><testcase classname="tests.unit.test_memory_manager_coverage" name="test_memory_monitor_warning_callback_called" time="0.036" /><testcase classname="tests.unit.test_memory_manager_coverage" name="test_memory_monitor_critical_callback_called" time="0.048" /><testcase classname="tests.unit.test_memory_manager_coverage" name="test_memory_monitor_gc_trigger" time="0.036" /><testcase classname="tests.unit.test_memory_manager_coverage" name="test_memory_aware_analyzer_should_skip_when_insufficient_memory" time="0.034" /><testcase classname="tests.unit.test_memory_manager_coverage" name="test_memory_aware_analyzer_should_not_skip_small_operation" time="0.036" /><testcase classname="tests.unit.test_memory_manager_coverage" name="test_memory_aware_analyzer_safe_large_operation_returns_result" time="0.033" /><testcase classname="tests.unit.test_memory_manager_coverage" name="test_memory_aware_analyzer_safe_large_operation_skipped" time="0.033" /><testcase classname="tests.unit.test_memory_manager_coverage" name="test_memory_aware_analyzer_safe_large_operation_handles_exception" time="0.027" /><testcase classname="tests.unit.test_memory_manager_coverage" name="test_memory_aware_analyzer_safe_large_operation_handles_memory_error" time="0.029" /><testcase classname="tests.unit.test_memory_manager_coverage" name="test_get_memory_stats_returns_dict" time="0.028" /><testcase classname="tests.unit.test_memory_manager_coverage" name="test_check_memory_limits_file_too_large" time="0.028" /><testcase classname="tests.unit.test_memory_manager_coverage" name="test_check_memory_limits_within_bounds" time="0.028" /><testcase classname="tests.unit.test_memory_manager_coverage" name="test_check_memory_limits_zero_file_size" time="0.027" /><testcase classname="tests.unit.test_memory_manager_coverage" name="test_configure_memory_limits_unknown_key_logged" time="0.028" /><testcase classname="tests.unit.test_memory_manager_coverage" name="test_cleanup_memory_returns_stats" time="0.049" /><testcase classname="tests.unit.test_memory_manager_coverage" name="test_warning_callback_exception_handled" time="0.037" /><testcase classname="tests.unit.test_memory_manager_coverage" name="test_critical_callback_exception_handled" time="0.050" /><testcase classname="tests.unit.test_memory_manager_utils" name="test_memory_limits_defaults" time="0.028" /><testcase classname="tests.unit.test_memory_manager_utils" name="test_memory_limits_custom" time="0.027" /><testcase classname="tests.unit.test_memory_manager_utils" name="test_memory_monitor_init" time="0.031" /><testcase classname="tests.unit.test_memory_manager_utils" name="test_memory_monitor_with_custom_limits" time="0.033" /><testcase classname="tests.unit.test_memory_manager_utils" name="test_check_memory_basic" time="0.036" /><testcase classname="tests.unit.test_memory_manager_utils" name="test_check_memory_force" time="0.034" /><testcase classname="tests.unit.test_memory_manager_utils" name="test_check_memory_interval_caching" time="0.134" /><testcase classname="tests.unit.test_memory_manager_utils" name="test_check_memory_updates_peak" time="0.028" /><testcase classname="tests.unit.test_memory_manager_utils" name="test_handle_warning_memory" time="0.036" /><testcase classname="tests.unit.test_memory_manager_utils" name="test_handle_warning_memory_with_callback" time="0.036" /><testcase classname="tests.unit.test_memory_manager_utils" name="test_handle_warning_callback_exception" time="0.038" /><testcase classname="tests.unit.test_memory_manager_utils" name="test_handle_critical_memory" time="0.049" /><testcase classname="tests.unit.test_memory_manager_utils" name="test_handle_critical_memory_with_callback" time="0.048" /><testcase classname="tests.unit.test_memory_manager_utils" name="test_handle_critical_callback_exception" time="0.050" /><testcase classname="tests.unit.test_memory_manager_utils" name="test_trigger_gc_normal" time="0.037" /><testcase classname="tests.unit.test_memory_manager_utils" name="test_trigger_gc_aggressive" time="0.048" /><testcase classname="tests.unit.test_memory_manager_utils" name="test_get_cached_stats" time="0.028" /><testcase classname="tests.unit.test_memory_manager_utils" name="test_get_error_stats" time="0.027" /><testcase classname="tests.unit.test_memory_manager_utils" name="test_is_memory_available_success" time="0.028" /><testcase classname="tests.unit.test_memory_manager_utils" name="test_is_memory_available_exceeds_process_limit" time="0.027" /><testcase classname="tests.unit.test_memory_manager_utils" name="test_is_memory_available_insufficient_system_memory" time="0.028" /><testcase classname="tests.unit.test_memory_manager_utils" name="test_validate_file_size_success" time="0.028" /><testcase classname="tests.unit.test_memory_manager_utils" name="test_validate_file_size_too_large" time="0.028" /><testcase classname="tests.unit.test_memory_manager_utils" name="test_validate_section_size_success" time="0.028" /><testcase classname="tests.unit.test_memory_manager_utils" name="test_validate_section_size_too_large" time="0.029" /><testcase classname="tests.unit.test_memory_manager_utils" name="test_limit_collection_size_no_truncation" time="0.028" /><testcase classname="tests.unit.test_memory_manager_utils" name="test_limit_collection_size_with_truncation" time="0.028" /><testcase classname="tests.unit.test_memory_manager_utils" name="test_set_callbacks" time="0.027" /><testcase classname="tests.unit.test_memory_manager_utils" name="test_memory_aware_analyzer_init" time="0.028" /><testcase classname="tests.unit.test_memory_manager_utils" name="test_memory_aware_analyzer_with_custom_monitor" time="0.028" /><testcase classname="tests.unit.test_memory_manager_utils" name="test_should_skip_analysis_sufficient_memory" time="0.028" /><testcase classname="tests.unit.test_memory_manager_utils" name="test_should_skip_analysis_insufficient_memory" time="0.029" /><testcase classname="tests.unit.test_memory_manager_utils" name="test_safe_large_operation_skipped" time="0.029" /><testcase classname="tests.unit.test_memory_manager_utils" name="test_safe_large_operation_success" time="0.031" /><testcase classname="tests.unit.test_memory_manager_utils" name="test_safe_large_operation_memory_error" time="0.061" /><testcase classname="tests.unit.test_memory_manager_utils" name="test_safe_large_operation_generic_exception" time="0.034" /><testcase classname="tests.unit.test_memory_manager_utils" name="test_get_memory_stats_global" time="0.031" /><testcase classname="tests.unit.test_memory_manager_utils" name="test_check_memory_limits_no_limits" time="0.027" /><testcase classname="tests.unit.test_memory_manager_utils" name="test_check_memory_limits_file_size_only" time="0.027" /><testcase classname="tests.unit.test_memory_manager_utils" name="test_check_memory_limits_file_size_too_large" time="0.028" /><testcase classname="tests.unit.test_memory_manager_utils" name="test_check_memory_limits_estimated_analysis" time="0.028" /><testcase classname="tests.unit.test_memory_manager_utils" name="test_configure_memory_limits_valid" time="0.028" /><testcase classname="tests.unit.test_memory_manager_utils" name="test_configure_memory_limits_invalid" time="0.028" /><testcase classname="tests.unit.test_memory_manager_utils" name="test_cleanup_memory" time="0.049" /><testcase classname="tests.unit.test_memory_manager_utils" name="test_check_memory_with_gc_threshold" time="0.036" /><testcase classname="tests.unit.test_memory_manager_utils" name="test_check_memory_error_handling" time="0.028" /><testcase classname="tests.unit.test_memory_manager_utils" name="test_cached_stats_error_handling" time="0.028" /><testcase classname="tests.unit.test_memory_manager_utils" name="test_thread_safety" time="0.028" /><testcase classname="tests.unit.test_memory_manager_utils" name="test_memory_monitor_real_thresholds" time="0.055" /><testcase classname="tests.unit.test_retry_manager" name="test_retry_operation_succeeds_after_retry" time="0.028" /><testcase classname="tests.unit.test_retry_manager" name="test_retry_operation_non_retryable_error_propagates" time="0.028" /><testcase classname="tests.unit.test_retry_manager" name="test_calculate_delay_linear_backoff_no_jitter" time="0.028" /><testcase classname="tests.unit.test_retry_manager_branch_paths" name="test_is_retryable_command_known_unstable_command" time="0.028" /><testcase classname="tests.unit.test_retry_manager_branch_paths" name="test_is_retryable_command_unknown_command_returns_false" time="0.029" /><testcase classname="tests.unit.test_retry_manager_branch_paths" name="test_is_retryable_command_empty_string_returns_false" time="0.028" /><testcase classname="tests.unit.test_retry_manager_branch_paths" name="test_is_retryable_command_with_trailing_args" time="0.027" /><testcase classname="tests.unit.test_retry_manager_branch_paths" name="test_is_retryable_error_by_exception_type_match" time="0.028" /><testcase classname="tests.unit.test_retry_manager_branch_paths" name="test_is_retryable_error_by_message_pattern_match" time="0.028" /><testcase classname="tests.unit.test_retry_manager_branch_paths" name="test_is_retryable_error_not_matching_returns_false" time="0.028" /><testcase classname="tests.unit.test_retry_manager_branch_paths" name="test_calculate_delay_fixed_strategy_returns_base_delay" time="0.027" /><testcase classname="tests.unit.test_retry_manager_branch_paths" name="test_calculate_delay_exponential_backoff_grows_with_attempt" time="0.028" /><testcase classname="tests.unit.test_retry_manager_branch_paths" name="test_calculate_delay_linear_backoff_multiplies_by_attempt" time="0.027" /><testcase classname="tests.unit.test_retry_manager_branch_paths" name="test_calculate_delay_random_jitter_strategy_adds_randomness" time="0.027" /><testcase classname="tests.unit.test_retry_manager_branch_paths" name="test_calculate_delay_jitter_enabled_applies_variation" time="0.027" /><testcase classname="tests.unit.test_retry_manager_branch_paths" name="test_calculate_delay_capped_at_max_delay" time="0.028" /><testcase classname="tests.unit.test_retry_manager_branch_paths" name="test_retry_operation_success_on_first_attempt" time="0.027" /><testcase classname="tests.unit.test_retry_manager_branch_paths" name="test_retry_operation_success_on_second_attempt_increments_stat" time="0.028" /><testcase classname="tests.unit.test_retry_manager_branch_paths" name="test_get_retry_config_returns_provided_config" time="0.027" /><testcase classname="tests.unit.test_retry_manager_branch_paths" name="test_get_retry_config_falls_back_to_command_type" time="0.028" /><testcase classname="tests.unit.test_retry_manager_branch_paths" name="test_get_retry_config_unknown_type_returns_generic" time="0.027" /><testcase classname="tests.unit.test_retry_manager_branch_paths" name="test_check_timeout_raises_when_time_exceeded" time="0.027" /><testcase classname="tests.unit.test_retry_manager_branch_paths" name="test_check_timeout_no_timeout_configured_does_not_raise" time="0.027" /><testcase classname="tests.unit.test_retry_manager_branch_paths" name="test_handle_success_on_first_attempt_does_not_increment" time="0.028" /><testcase classname="tests.unit.test_retry_manager_branch_paths" name="test_handle_success_on_later_attempt_increments_stat" time="0.027" /><testcase classname="tests.unit.test_retry_manager_branch_paths" name="test_retry_operation_non_retryable_error_raises_immediately" time="0.029" /><testcase classname="tests.unit.test_retry_manager_branch_paths" name="test_update_retry_stats_first_attempt_increments_total" time="0.027" /><testcase classname="tests.unit.test_retry_manager_branch_paths" name="test_update_retry_stats_tracks_error_type" time="0.027" /><testcase classname="tests.unit.test_retry_manager_branch_paths" name="test_update_retry_stats_second_attempt_does_not_double_count" time="0.028" /><testcase classname="tests.unit.test_retry_manager_branch_paths" name="test_update_retry_stats_unknown_command_tracked" time="0.028" /><testcase classname="tests.unit.test_retry_manager_branch_paths" name="test_retry_operation_exhausts_max_attempts_increments_failed" time="0.028" /><testcase classname="tests.unit.test_retry_manager_branch_paths" name="test_wait_for_retry_completes_without_error" time="0.028" /><testcase classname="tests.unit.test_retry_manager_branch_paths" name="test_reset_stats_clears_all_statistics" time="0.030" /><testcase classname="tests.unit.test_retry_manager_branch_paths" name="test_retry_on_failure_decorator_applied_to_function" time="0.033" /><testcase classname="tests.unit.test_retry_manager_branch_paths" name="test_retry_on_failure_decorator_retries_unstable_command" time="0.125" /><testcase classname="tests.unit.test_retry_manager_branch_paths" name="test_retry_on_failure_decorator_non_unstable_command_no_retry" time="0.027" /><testcase classname="tests.unit.test_retry_manager_branch_paths" name="test_retry_on_failure_decorator_no_args_always_retries" time="0.028" /><testcase classname="tests.unit.test_retry_manager_branch_paths" name="test_retry_on_failure_decorator_command_from_kwargs" time="0.028" /><testcase classname="tests.unit.test_retry_manager_branch_paths" name="test_reset_retry_stats_module_function_resets_global" time="0.029" /><testcase classname="tests.unit.test_retry_manager_branch_paths" name="test_configure_retry_for_command_updates_global_config" time="0.030" /><testcase classname="tests.unit.test_retry_manager_branch_paths" name="test_retry_r2_operation_calls_operation_with_command" time="0.029" /><testcase classname="tests.unit.test_retry_manager_branch_paths" name="test_retry_r2_operation_retries_on_timeout_error" time="0.124" /><testcase classname="tests.unit.test_retry_manager_coverage" name="test_reset_stats_clears_counters" time="0.028" /><testcase classname="tests.unit.test_retry_manager_coverage" name="test_get_retry_stats_returns_dict" time="0.028" /><testcase classname="tests.unit.test_retry_manager_coverage" name="test_reset_retry_stats_resets_global" time="0.030" /><testcase classname="tests.unit.test_retry_manager_coverage" name="test_configure_retry_for_command_updates_config" time="0.034" /><testcase classname="tests.unit.test_retry_manager_coverage" name="test_retry_operation_stops_when_handler_returns_false" time="0.033" /><testcase classname="tests.unit.test_retry_manager_coverage" name="test_retry_r2_operation_success" time="0.036" /><testcase classname="tests.unit.test_retry_manager_coverage" name="test_retry_r2_operation_retries_on_timeout" time="0.126" /><testcase classname="tests.unit.test_retry_manager_coverage" name="test_calculate_delay_random_jitter_strategy" time="0.027" /><testcase classname="tests.unit.test_retry_manager_coverage" name="test_is_retryable_command_known_unstable" time="0.029" /><testcase classname="tests.unit.test_retry_manager_coverage" name="test_is_retryable_error_by_message" time="0.028" /><testcase classname="tests.unit.test_retry_manager_coverage" name="test_retry_operation_timeout_exceeded" time="0.028" /><testcase classname="tests.unit.test_retry_manager_defaults_block135" name="test_retry_manager_is_retryable_command" time="0.029" /><testcase classname="tests.unit.test_retry_manager_defaults_block135" name="test_retry_manager_calculate_delay_strategies" time="0.028" /><testcase classname="tests.unit.test_retry_manager_more_block126" name="test_retry_manager_retries_then_succeeds" time="0.028" /><testcase classname="tests.unit.test_retry_manager_more_block126" name="test_retry_manager_non_retryable_error_raises" time="0.028" /><testcase classname="tests.unit.test_rate_limiter" name="test_token_bucket_acquire_and_refill" time="0.076" /><testcase classname="tests.unit.test_rate_limiter" name="test_batch_rate_limiter_success_stats" time="0.027" /><testcase classname="tests.unit.test_rate_limiter" name="test_cleanup_memory_returns_metrics_or_none" time="0.041" /><testcase classname="tests.unit.test_rate_limiter_cleanup_block136" name="test_cleanup_memory_returns_metrics_or_none" time="0.041" /><testcase classname="tests.unit.test_rate_limiter_coverage" name="test_token_bucket_basic_acquire" time="0.029" /><testcase classname="tests.unit.test_rate_limiter_coverage" name="test_token_bucket_exhausts_and_refills" time="0.075" /><testcase classname="tests.unit.test_rate_limiter_coverage" name="test_token_bucket_no_timeout_acquires_eventually" time="0.040" /><testcase classname="tests.unit.test_rate_limiter_coverage" name="test_adaptive_rate_limiter_acquire_permit" time="0.028" /><testcase classname="tests.unit.test_rate_limiter_coverage" name="test_adaptive_rate_limiter_record_success" time="0.028" /><testcase classname="tests.unit.test_rate_limiter_coverage" name="test_adaptive_rate_limiter_record_error" time="0.029" /><testcase classname="tests.unit.test_rate_limiter_coverage" name="test_adaptive_rate_limiter_get_stats_structure" time="0.029" /><testcase classname="tests.unit.test_rate_limiter_coverage" name="test_adaptive_rate_limiter_adjusts_down_on_high_error_rate" time="0.029" /><testcase classname="tests.unit.test_rate_limiter_coverage" name="test_adaptive_rate_limiter_adjusts_up_on_low_error_rate" time="0.029" /><testcase classname="tests.unit.test_rate_limiter_coverage" name="test_batch_rate_limiter_adaptive_success_flow" time="0.029" /><testcase classname="tests.unit.test_rate_limiter_coverage" name="test_batch_rate_limiter_non_adaptive_success_flow" time="0.029" /><testcase classname="tests.unit.test_rate_limiter_coverage" name="test_batch_rate_limiter_error_flow" time="0.028" /><testcase classname="tests.unit.test_rate_limiter_coverage" name="test_batch_rate_limiter_non_adaptive_error_flow" time="0.028" /><testcase classname="tests.unit.test_rate_limiter_coverage" name="test_batch_rate_limiter_semaphore_timeout" time="0.083" /><testcase classname="tests.unit.test_rate_limiter_coverage" name="test_batch_rate_limiter_get_stats_with_multiple_operations" time="0.029" /><testcase classname="tests.unit.test_rate_limiter_coverage" name="test_batch_rate_limiter_stats_no_operations" time="0.030" /><testcase classname="tests.unit.test_rate_limiter_coverage" name="test_cleanup_memory_returns_metrics" time="0.038" /><testcase classname="tests.unit.test_rate_limiter_coverage" name="test_adaptive_rate_limiter_system_load_check" time="0.134" /><testcase classname="tests.unit.test_rate_limiter_missing_branches" name="test_token_bucket_init_attributes" time="0.029" /><testcase classname="tests.unit.test_rate_limiter_missing_branches" name="test_token_bucket_acquire_success" time="0.029" /><testcase classname="tests.unit.test_rate_limiter_missing_branches" name="test_token_bucket_acquire_timeout_returns_false" time="0.052" /><testcase classname="tests.unit.test_rate_limiter_missing_branches" name="test_token_bucket_acquire_no_timeout_eventually_succeeds" time="0.040" /><testcase classname="tests.unit.test_rate_limiter_missing_branches" name="test_token_bucket_refill_adds_tokens_over_time" time="0.084" /><testcase classname="tests.unit.test_rate_limiter_missing_branches" name="test_token_bucket_refill_does_not_exceed_capacity" time="0.135" /><testcase classname="tests.unit.test_rate_limiter_missing_branches" name="test_adaptive_rate_limiter_init_defaults" time="0.029" /><testcase classname="tests.unit.test_rate_limiter_missing_branches" name="test_adaptive_rate_limiter_init_custom" time="0.028" /><testcase classname="tests.unit.test_rate_limiter_missing_branches" name="test_acquire_permit_returns_true_with_capacity" time="0.028" /><testcase classname="tests.unit.test_rate_limiter_missing_branches" name="test_acquire_permit_updates_bucket_rate_when_diverged" time="0.028" /><testcase classname="tests.unit.test_rate_limiter_missing_branches" name="test_record_success_appends_to_success_window" time="0.028" /><testcase classname="tests.unit.test_rate_limiter_missing_branches" name="test_record_error_appends_to_error_window" time="0.028" /><testcase classname="tests.unit.test_rate_limiter_missing_branches" name="test_check_system_load_skips_when_within_interval" time="0.027" /><testcase classname="tests.unit.test_rate_limiter_missing_branches" name="test_check_system_load_runs_when_interval_elapsed" time="0.134" /><testcase classname="tests.unit.test_rate_limiter_missing_branches" name="test_adjust_rate_not_enough_data_does_nothing" time="0.029" /><testcase classname="tests.unit.test_rate_limiter_missing_branches" name="test_adjust_rate_high_error_rate_reduces_rate" time="0.030" /><testcase classname="tests.unit.test_rate_limiter_missing_branches" name="test_adjust_rate_moderate_error_rate_reduces_rate_moderately" time="0.030" /><testcase classname="tests.unit.test_rate_limiter_missing_branches" name="test_adjust_rate_low_error_rate_increases_rate" time="0.029" /><testcase classname="tests.unit.test_rate_limiter_missing_branches" name="test_adjust_rate_respects_min_rate_floor" time="0.029" /><testcase classname="tests.unit.test_rate_limiter_missing_branches" name="test_get_stats_structure" time="0.030" /><testcase classname="tests.unit.test_rate_limiter_missing_branches" name="test_get_stats_reflects_recorded_errors" time="0.030" /><testcase classname="tests.unit.test_rate_limiter_missing_branches" name="test_get_stats_recent_error_rate_calculation" time="0.029" /><testcase classname="tests.unit.test_rate_limiter_missing_branches" name="test_batch_rate_limiter_adaptive_init" time="0.031" /><testcase classname="tests.unit.test_rate_limiter_missing_branches" name="test_batch_rate_limiter_non_adaptive_init" time="0.035" /><testcase classname="tests.unit.test_rate_limiter_missing_branches" name="test_batch_rate_limiter_adaptive_acquire_and_release_success" time="0.041" /><testcase classname="tests.unit.test_rate_limiter_missing_branches" name="test_batch_rate_limiter_adaptive_acquire_and_release_error" time="0.040" /><testcase classname="tests.unit.test_rate_limiter_missing_branches" name="test_batch_rate_limiter_non_adaptive_release_error_does_not_record" time="0.033" /><testcase classname="tests.unit.test_rate_limiter_missing_branches" name="test_batch_rate_limiter_non_adaptive_release_success" time="0.033" /><testcase classname="tests.unit.test_rate_limiter_missing_branches" name="test_batch_rate_limiter_semaphore_timeout_returns_false" time="0.083" /><testcase classname="tests.unit.test_rate_limiter_missing_branches" name="test_batch_rate_limiter_rate_limit_failure_releases_semaphore" time="0.052" /><testcase classname="tests.unit.test_rate_limiter_missing_branches" name="test_batch_rate_limiter_get_stats_no_operations" time="0.027" /><testcase classname="tests.unit.test_rate_limiter_missing_branches" name="test_batch_rate_limiter_get_stats_success_rate" time="0.028" /><testcase classname="tests.unit.test_rate_limiter_missing_branches" name="test_batch_rate_limiter_get_stats_includes_rate_limiter_stats_when_adaptive" time="0.028" /><testcase classname="tests.unit.test_rate_limiter_missing_branches" name="test_batch_rate_limiter_get_stats_no_rate_limiter_stats_when_non_adaptive" time="0.027" /><testcase classname="tests.unit.test_rate_limiter_missing_branches" name="test_cleanup_memory_returns_dict_or_none" time="0.035" /><testcase classname="tests.unit.test_rate_limiter_missing_branches" name="test_cleanup_memory_values_are_positive_when_returned" time="0.036" /><testcase classname="tests.unit.test_rate_limiter_more_block127" name="test_token_bucket_timeout_and_acquire" time="0.087" /><testcase classname="tests.unit.test_rate_limiter_more_block127" name="test_adaptive_rate_limiter_stats_and_adjustment" time="0.030" /><testcase classname="tests.unit.test_rate_limiter_more_block127" name="test_batch_rate_limiter_basic_stats" time="0.029" /><testcase classname="tests.unit.test_rate_limiter_operations" name="test_token_bucket_initialization" time="0.029" /><testcase classname="tests.unit.test_rate_limiter_operations" name="test_token_bucket_acquire_success" time="0.028" /><testcase classname="tests.unit.test_rate_limiter_operations" name="test_token_bucket_acquire_insufficient_tokens" time="0.043" /><testcase classname="tests.unit.test_rate_limiter_operations" name="test_token_bucket_acquire_with_refill" time="0.541" /><testcase classname="tests.unit.test_rate_limiter_operations" name="test_token_bucket_refill" time="0.543" /><testcase classname="tests.unit.test_rate_limiter_operations" name="test_token_bucket_refill_capped" time="1.036" /><testcase classname="tests.unit.test_rate_limiter_operations" name="test_token_bucket_thread_safety" time="0.031" /><testcase classname="tests.unit.test_rate_limiter_operations" name="test_adaptive_rate_limiter_initialization" time="0.030" /><testcase classname="tests.unit.test_rate_limiter_operations" name="test_adaptive_rate_limiter_default_initialization" time="0.029" /><testcase classname="tests.unit.test_rate_limiter_operations" name="test_adaptive_rate_limiter_acquire_permit" time="0.028" /><testcase classname="tests.unit.test_rate_limiter_operations" name="test_adaptive_rate_limiter_record_success" time="0.028" /><testcase classname="tests.unit.test_rate_limiter_operations" name="test_adaptive_rate_limiter_record_error" time="0.029" /><testcase classname="tests.unit.test_rate_limiter_operations" name="test_adaptive_rate_limiter_check_system_load_high" time="0.028" /><testcase classname="tests.unit.test_rate_limiter_operations" name="test_adaptive_rate_limiter_check_system_load_low" time="0.029" /><testcase classname="tests.unit.test_rate_limiter_operations" name="test_adaptive_rate_limiter_check_system_load_exception" time="0.028" /><testcase classname="tests.unit.test_rate_limiter_operations" name="test_adaptive_rate_limiter_check_system_load_skip" time="0.028" /><testcase classname="tests.unit.test_rate_limiter_operations" name="test_adaptive_rate_limiter_adjust_rate_high_error" time="0.047" /><testcase classname="tests.unit.test_rate_limiter_operations" name="test_adaptive_rate_limiter_adjust_rate_low_error" time="0.030" /><testcase classname="tests.unit.test_rate_limiter_operations" name="test_adaptive_rate_limiter_adjust_rate_moderate_error" time="0.029" /><testcase classname="tests.unit.test_rate_limiter_operations" name="test_adaptive_rate_limiter_adjust_rate_insufficient_data" time="0.028" /><testcase classname="tests.unit.test_rate_limiter_operations" name="test_adaptive_rate_limiter_get_stats" time="0.028" /><testcase classname="tests.unit.test_rate_limiter_operations" name="test_batch_rate_limiter_initialization_adaptive" time="0.035" /><testcase classname="tests.unit.test_rate_limiter_operations" name="test_batch_rate_limiter_initialization_token_bucket" time="0.037" /><testcase classname="tests.unit.test_rate_limiter_operations" name="test_batch_rate_limiter_acquire_success" time="0.033" /><testcase classname="tests.unit.test_rate_limiter_operations" name="test_batch_rate_limiter_acquire_timeout_semaphore" time="0.042" /><testcase classname="tests.unit.test_rate_limiter_operations" name="test_batch_rate_limiter_acquire_timeout_rate_limit" time="0.040" /><testcase classname="tests.unit.test_rate_limiter_operations" name="test_batch_rate_limiter_release_success" time="0.028" /><testcase classname="tests.unit.test_rate_limiter_operations" name="test_batch_rate_limiter_release_error" time="0.029" /><testcase classname="tests.unit.test_rate_limiter_operations" name="test_batch_rate_limiter_get_stats" time="0.029" /><testcase classname="tests.unit.test_rate_limiter_operations" name="test_batch_rate_limiter_get_stats_no_files" time="0.028" /><testcase classname="tests.unit.test_rate_limiter_operations" name="test_batch_rate_limiter_wait_time_tracking" time="0.038" /><testcase classname="tests.unit.test_rate_limiter_operations" name="test_batch_rate_limiter_thread_safety" time="0.061" /><testcase classname="tests.unit.test_rate_limiter_operations" name="test_batch_rate_limiter_exception_handling" time="0.033" /><testcase classname="tests.unit.test_rate_limiter_operations" name="test_batch_rate_limiter_acquire_updates_stats" time="0.032" /><testcase classname="tests.unit.test_rate_limiter_operations" name="test_cleanup_memory_success" time="0.038" /><testcase classname="tests.unit.test_rate_limiter_operations" name="test_cleanup_memory_exception" time="0.038" /><testcase classname="tests.unit.test_rate_limiter_operations" name="test_adaptive_rate_limiter_bucket_rate_update" time="0.028" /><testcase classname="tests.unit.test_rate_limiter_operations" name="test_adaptive_rate_limiter_bucket_rate_no_update" time="0.027" /><testcase classname="tests.unit.test_rate_limiter_operations" name="test_batch_rate_limiter_non_adaptive_release" time="0.028" /><testcase classname="tests.unit.test_rate_limiter_operations" name="test_batch_rate_limiter_non_adaptive_error" time="0.028" /><testcase classname="tests.unit.test_rate_limiter_operations" name="test_adaptive_rate_limiter_rate_limits" time="0.032" /><testcase classname="tests.unit.test_rate_limiter_operations" name="test_adaptive_rate_limiter_memory_threshold" time="0.028" /><testcase classname="tests.unit.test_rate_limiter_operations" name="test_adaptive_rate_limiter_cpu_threshold" time="0.028" /><testcase classname="tests.unit.test_rate_limiter_operations" name="test_token_bucket_multiple_acquires" time="0.033" /><testcase classname="tests.unit.test_rate_limiter_operations" name="test_adaptive_rate_limiter_recent_window" time="0.136" /><testcase classname="tests.unit.test_rate_limiter_operations" name="test_batch_rate_limiter_acquire_with_adaptive_failure" time="0.028" /><testcase classname="tests.unit.test_rate_limiter_operations" name="test_batch_rate_limiter_acquire_releases_semaphore_on_failure" time="0.027" /><testcase classname="tests.unit.test_rate_limiter_operations" name="test_token_bucket_acquire_default_tokens" time="0.027" /><testcase classname="tests.unit.test_rate_limiter_operations" name="test_adaptive_rate_limiter_acquire_permit_with_rate_update" time="0.028" /><testcase classname="tests.unit.test_rate_limiter_operations" name="test_batch_rate_limiter_get_stats_with_adaptive" time="0.028" /><testcase classname="tests.unit.test_rate_limiter_real" name="test_token_bucket_init" time="0.028" /><testcase classname="tests.unit.test_rate_limiter_real" name="test_token_bucket_acquire_success" time="0.035" /><testcase classname="tests.unit.test_rate_limiter_real" name="test_token_bucket_acquire_multiple" time="0.040" /><testcase classname="tests.unit.test_rate_limiter_real" name="test_token_bucket_acquire_timeout" time="0.116" /><testcase classname="tests.unit.test_rate_limiter_real" name="test_token_bucket_acquire_no_timeout" time="0.048" /><testcase classname="tests.unit.test_rate_limiter_real" name="test_token_bucket_refill" time="0.140" /><testcase classname="tests.unit.test_rate_limiter_real" name="test_token_bucket_refill_cap" time="0.140" /><testcase classname="tests.unit.test_rate_limiter_real" name="test_adaptive_rate_limiter_init" time="0.036" /><testcase classname="tests.unit.test_rate_limiter_real" name="test_adaptive_rate_limiter_acquire_permit" time="0.035" /><testcase classname="tests.unit.test_rate_limiter_real" name="test_adaptive_rate_limiter_record_success" time="0.032" /><testcase classname="tests.unit.test_rate_limiter_real" name="test_adaptive_rate_limiter_record_error" time="0.028" /><testcase classname="tests.unit.test_rate_limiter_real" name="test_adaptive_rate_limiter_adjust_rate_high_error" time="0.140" /><testcase classname="tests.unit.test_rate_limiter_real" name="test_adaptive_rate_limiter_adjust_rate_low_error" time="0.031" /><testcase classname="tests.unit.test_rate_limiter_real" name="test_adaptive_rate_limiter_check_system_load" time="0.069" /><testcase classname="tests.unit.test_rate_limiter_real" name="test_adaptive_rate_limiter_get_stats" time="0.030" /><testcase classname="tests.unit.test_rate_limiter_real" name="test_adaptive_rate_limiter_insufficient_data" time="0.052" /><testcase classname="tests.unit.test_rate_limiter_real" name="test_adaptive_rate_limiter_moderate_error_rate" time="0.033" /><testcase classname="tests.unit.test_rate_limiter_real" name="test_adaptive_rate_limiter_system_check_interval" time="0.030" /><testcase classname="tests.unit.test_rate_limiter_real" name="test_adaptive_rate_limiter_system_load_exception" time="0.133" /><testcase classname="tests.unit.test_rate_limiter_real" name="test_adaptive_rate_limiter_update_bucket_rate" time="0.028" /><testcase classname="tests.unit.test_rate_limiter_real" name="test_batch_rate_limiter_init_adaptive" time="0.030" /><testcase classname="tests.unit.test_rate_limiter_real" name="test_batch_rate_limiter_init_simple" time="0.028" /><testcase classname="tests.unit.test_rate_limiter_real" name="test_batch_rate_limiter_acquire" time="0.029" /><testcase classname="tests.unit.test_rate_limiter_real" name="test_batch_rate_limiter_acquire_timeout" time="0.082" /><testcase classname="tests.unit.test_rate_limiter_real" name="test_batch_rate_limiter_release_success" time="0.029" /><testcase classname="tests.unit.test_rate_limiter_real" name="test_batch_rate_limiter_release_error" time="0.028" /><testcase classname="tests.unit.test_rate_limiter_real" name="test_batch_rate_limiter_get_stats" time="0.028" /><testcase classname="tests.unit.test_rate_limiter_real" name="test_batch_rate_limiter_stats_no_files" time="0.029" /><testcase classname="tests.unit.test_rate_limiter_real" name="test_batch_rate_limiter_adaptive_stats" time="0.029" /><testcase classname="tests.unit.test_rate_limiter_real" name="test_batch_rate_limiter_semaphore_timeout" time="0.080" /><testcase classname="tests.unit.test_rate_limiter_real" name="test_batch_rate_limiter_rate_limit_failure" time="0.086" /><testcase classname="tests.unit.test_rate_limiter_real" name="test_batch_rate_limiter_acquire_exception" time="0.029" /><testcase classname="tests.unit.test_rate_limiter_real" name="test_batch_rate_limiter_wait_time_tracking" time="0.029" /><testcase classname="tests.unit.test_rate_limiter_real" name="test_cleanup_memory" time="0.043" /><testcase classname="tests.unit.test_rate_limiter_real" name="test_cleanup_memory_psutil_unavailable" time="0.042" /><testcase classname="tests.unit.test_rate_limiter_real" name="test_token_bucket_concurrent_access" time="0.028" /><testcase classname="tests.unit.test_rate_limiter_real" name="test_adaptive_rate_limiter_concurrent_record" time="0.029" /><testcase classname="tests.unit.test_rate_limiter_real" name="test_batch_rate_limiter_concurrent_usage" time="0.053" /><testcase classname="tests.unit.test_rate_limiter_real" name="test_adaptive_rate_limiter_bucket_update_threshold" time="0.028" /><testcase classname="tests.unit.test_rate_limiter_real" name="test_batch_rate_limiter_non_adaptive_release" time="0.029" /><testcase classname="tests.unit.test_rate_limiter_real" name="test_adaptive_rate_limiter_recent_window" time="0.028" /><testcase classname="tests.unit.test_rate_limiter_real" name="test_token_bucket_zero_tokens" time="0.038" /><testcase classname="tests.unit.test_rate_limiter_real" name="test_adaptive_rate_limiter_edge_case_rates" time="0.028" /><testcase classname="tests.unit.test_rate_limiter_real" name="test_batch_rate_limiter_zero_concurrent" time="0.041" /><testcase classname="tests.unit.test_rate_limiter_real" name="test_token_bucket_large_capacity" time="0.027" /><testcase classname="tests.unit.test_rate_limiter_real" name="test_adaptive_rate_limiter_extreme_system_load" time="0.134" /><testcase classname="tests.unit.test_rate_limiter_real" name="test_batch_rate_limiter_adaptive_error_propagation" time="0.028" /></testsuite></testsuites>
